[2024-11-15 08:53:03,250][__main__][INFO] - comet_logger:
  initialize: true
  api_key: null
  project_name: null
  workspace: null
  name: null
training:
  epochs: 5
  batch_size: 32
  learning_rate: 0.001
  weight_decay: 0.0001
  num_workers: 8
  optimizer: TODO
  loss: TODO
data:
  data_path: /storage/homefs/tf24s166/code/cifar10/data
  label_path: TODO
  target_column: target
  features: TODO

[2024-11-15 08:53:03,250][__main__][INFO] - Setting up comet logger
[2024-11-15 08:53:09,440][__main__][INFO] - Using device: cuda
[2024-11-15 08:53:13,882][utils.training][INFO] - Class weights: tensor([1., 1., 1., 1., 1., 1., 1., 1., 1., 1.], device='cuda:0')
[2024-11-15 08:53:13,883][utils.training][INFO] - -------- Epoch: 1/5 --------
[2024-11-15 08:53:13,883][utils.training][INFO] - Training the model ...
[2024-11-15 08:53:20,468][utils.training][INFO] - Training Batch 1/1563: Current Batch Loss: 2.313032388687134
[2024-11-15 08:53:20,468][utils.training][INFO] - Accuracy: 0.03125, Precision: 0.0125, Recall: 0.025, F1: 0.016666666666666666, roc_auc: 0.45793548387096783
[2024-11-15 08:53:22,812][utils.training][INFO] - Training Batch 51/1563: Current Batch Loss: 2.038315773010254
[2024-11-15 08:53:22,812][utils.training][INFO] - Accuracy: 0.25735294117647056, Precision: 0.32304107709614616, Recall: 0.2511836334797227, F1: 0.23805745982356416, roc_auc: 0.5842348433360787
[2024-11-15 08:53:25,204][utils.training][INFO] - Training Batch 101/1563: Current Batch Loss: 1.523167610168457
[2024-11-15 08:53:25,205][utils.training][INFO] - Accuracy: 0.3917079207920792, Precision: 0.40654695802016416, Recall: 0.388049093870085, F1: 0.3802071648634438, roc_auc: 0.6601833288208581
[2024-11-15 08:53:27,905][utils.training][INFO] - Training Batch 151/1563: Current Batch Loss: 1.0136792659759521
[2024-11-15 08:53:27,905][utils.training][INFO] - Accuracy: 0.482408940397351, Precision: 0.4948250206994368, Recall: 0.4792631563634752, F1: 0.4717754796773673, roc_auc: 0.7108289208727041
[2024-11-15 08:53:30,586][utils.training][INFO] - Training Batch 201/1563: Current Batch Loss: 0.7383848428726196
[2024-11-15 08:53:30,586][utils.training][INFO] - Accuracy: 0.5553482587064676, Precision: 0.5662423311880554, Recall: 0.5542089702804824, F1: 0.5500854877750396, roc_auc: 0.7523848493870232
[2024-11-15 08:53:33,546][utils.training][INFO] - Training Batch 251/1563: Current Batch Loss: 0.5533946752548218
[2024-11-15 08:53:33,547][utils.training][INFO] - Accuracy: 0.6042081673306773, Precision: 0.6125051095878595, Recall: 0.6037516374159604, F1: 0.600807565720904, roc_auc: 0.7798782395113195
[2024-11-15 08:53:36,559][utils.training][INFO] - Training Batch 301/1563: Current Batch Loss: 0.41215741634368896
[2024-11-15 08:53:36,559][utils.training][INFO] - Accuracy: 0.6404692691029901, Precision: 0.646902042733678, Recall: 0.6400050417987357, F1: 0.6377401799316593, roc_auc: 0.8000226100957277
[2024-11-15 08:53:39,120][utils.training][INFO] - Training Batch 351/1563: Current Batch Loss: 0.4973282814025879
[2024-11-15 08:53:39,120][utils.training][INFO] - Accuracy: 0.6714743589743589, Precision: 0.6763440393493817, Recall: 0.6707707846981046, F1: 0.6692126432270609, roc_auc: 0.8171312365848488
[2024-11-15 08:53:41,772][utils.training][INFO] - Training Batch 401/1563: Current Batch Loss: 0.5261286497116089
[2024-11-15 08:53:41,772][utils.training][INFO] - Accuracy: 0.6954488778054863, Precision: 0.6993550561567614, Recall: 0.6950129272683807, F1: 0.693755842552311, roc_auc: 0.8305863298050717
[2024-11-15 08:53:44,457][utils.training][INFO] - Training Batch 451/1563: Current Batch Loss: 0.4294675588607788
[2024-11-15 08:53:44,458][utils.training][INFO] - Accuracy: 0.7150083148558758, Precision: 0.718415041324867, Recall: 0.7145001806668237, F1: 0.7136651359316385, roc_auc: 0.8414145730964963
[2024-11-15 08:53:47,406][utils.training][INFO] - Training Batch 501/1563: Current Batch Loss: 0.3943399488925934
[2024-11-15 08:53:47,406][utils.training][INFO] - Accuracy: 0.7335953093812375, Precision: 0.7367422990051578, Recall: 0.7332946292536447, F1: 0.7326821033523444, roc_auc: 0.8518437067973859
[2024-11-15 08:53:50,443][utils.training][INFO] - Training Batch 551/1563: Current Batch Loss: 0.45240724086761475
[2024-11-15 08:53:50,444][utils.training][INFO] - Accuracy: 0.748241833030853, Precision: 0.7508049431005872, Recall: 0.7478443291316436, F1: 0.7473423059951637, roc_auc: 0.8599328139539308
[2024-11-15 08:53:53,313][utils.training][INFO] - Training Batch 601/1563: Current Batch Loss: 0.24175165593624115
[2024-11-15 08:53:53,314][utils.training][INFO] - Accuracy: 0.7600873544093179, Precision: 0.7622441881895534, Recall: 0.7597274292035674, F1: 0.7592825590209389, roc_auc: 0.8665336073754928
[2024-11-15 08:53:55,983][utils.training][INFO] - Training Batch 651/1563: Current Batch Loss: 0.5211902260780334
[2024-11-15 08:53:55,983][utils.training][INFO] - Accuracy: 0.7708333333333334, Precision: 0.7726370050150553, Recall: 0.7705610572770383, F1: 0.7701338805912591, roc_auc: 0.8725479637255893
[2024-11-15 08:53:58,693][utils.training][INFO] - Training Batch 701/1563: Current Batch Loss: 0.405048131942749
[2024-11-15 08:53:58,693][utils.training][INFO] - Accuracy: 0.7804921540656206, Precision: 0.7820202190988927, Recall: 0.780110575020081, F1: 0.779774209588008, roc_auc: 0.8778598734522166
[2024-11-15 08:54:01,183][utils.training][INFO] - Training Batch 751/1563: Current Batch Loss: 0.31876903772354126
[2024-11-15 08:54:01,183][utils.training][INFO] - Accuracy: 0.7884487350199734, Precision: 0.7897974766745699, Recall: 0.7883374963723109, F1: 0.7879024506642811, roc_auc: 0.8824156943705251
[2024-11-15 08:54:04,024][utils.training][INFO] - Training Batch 801/1563: Current Batch Loss: 0.19601213932037354
[2024-11-15 08:54:04,025][utils.training][INFO] - Accuracy: 0.7960752184769039, Precision: 0.7973133472601711, Recall: 0.7960778290480975, F1: 0.7956810486565324, roc_auc: 0.8867097047374232
[2024-11-15 08:54:06,855][utils.training][INFO] - Training Batch 851/1563: Current Batch Loss: 0.08710927516222
[2024-11-15 08:54:06,855][utils.training][INFO] - Accuracy: 0.8033930669800236, Precision: 0.8043883035604378, Recall: 0.8032667789564492, F1: 0.8029434808290195, roc_auc: 0.890710815885479
[2024-11-15 08:54:09,419][utils.training][INFO] - Training Batch 901/1563: Current Batch Loss: 0.1396808624267578
[2024-11-15 08:54:09,419][utils.training][INFO] - Accuracy: 0.8089969478357381, Precision: 0.8098358641194828, Recall: 0.8088031859902598, F1: 0.8085118971870962, roc_auc: 0.8937905196444287
[2024-11-15 08:54:12,037][utils.training][INFO] - Training Batch 951/1563: Current Batch Loss: 0.38841742277145386
[2024-11-15 08:54:12,037][utils.training][INFO] - Accuracy: 0.8143730283911672, Precision: 0.8151368491009405, Recall: 0.8142276121420652, F1: 0.8139529896361756, roc_auc: 0.8968014959271559
[2024-11-15 08:54:14,772][utils.training][INFO] - Training Batch 1001/1563: Current Batch Loss: 0.12174636125564575
[2024-11-15 08:54:14,772][utils.training][INFO] - Accuracy: 0.8199300699300699, Precision: 0.8205536799097366, Recall: 0.8197372428065766, F1: 0.8194712871757174, roc_auc: 0.8998653264611972
[2024-11-15 08:54:17,383][utils.training][INFO] - Training Batch 1051/1563: Current Batch Loss: 0.14914722740650177
[2024-11-15 08:54:17,383][utils.training][INFO] - Accuracy: 0.8248691722169362, Precision: 0.8254281398552387, Recall: 0.8246774352478923, F1: 0.8244444755825342, roc_auc: 0.9026096776939866
[2024-11-15 08:54:20,099][utils.training][INFO] - Training Batch 1101/1563: Current Batch Loss: 0.17321625351905823
[2024-11-15 08:54:20,099][utils.training][INFO] - Accuracy: 0.8289623069936422, Precision: 0.8294165626398845, Recall: 0.828737805277432, F1: 0.828526631204249, roc_auc: 0.9048672473481881
[2024-11-15 08:54:22,754][utils.training][INFO] - Training Batch 1151/1563: Current Batch Loss: 0.2925172746181488
[2024-11-15 08:54:22,755][utils.training][INFO] - Accuracy: 0.832971329278888, Precision: 0.8334186653507277, Recall: 0.8328015326357278, F1: 0.8326007513938591, roc_auc: 0.9071217640893516
[2024-11-15 08:54:25,472][utils.training][INFO] - Training Batch 1201/1563: Current Batch Loss: 0.3212798833847046
[2024-11-15 08:54:25,473][utils.training][INFO] - Accuracy: 0.8366205245628643, Precision: 0.8370674249281164, Recall: 0.8364980480051457, F1: 0.8363242077644208, roc_auc: 0.909172458569284
[2024-11-15 08:54:28,132][utils.training][INFO] - Training Batch 1251/1563: Current Batch Loss: 0.1319810450077057
[2024-11-15 08:54:28,133][utils.training][INFO] - Accuracy: 0.8400279776179057, Precision: 0.8404161741879916, Recall: 0.8399230216137387, F1: 0.8397468717297654, roc_auc: 0.9110744104560663
[2024-11-15 08:54:30,764][utils.training][INFO] - Training Batch 1301/1563: Current Batch Loss: 0.10526757687330246
[2024-11-15 08:54:30,764][utils.training][INFO] - Accuracy: 0.843629900076864, Precision: 0.8439785913299758, Recall: 0.8434707386785144, F1: 0.8433347561694611, roc_auc: 0.9130481026210229
[2024-11-15 08:54:33,427][utils.training][INFO] - Training Batch 1351/1563: Current Batch Loss: 0.12849871814250946
[2024-11-15 08:54:33,427][utils.training][INFO] - Accuracy: 0.8465951147298297, Precision: 0.8469246999902399, Recall: 0.8464452652294432, F1: 0.8463174109802034, roc_auc: 0.914700081667406
[2024-11-15 08:54:36,123][utils.training][INFO] - Training Batch 1401/1563: Current Batch Loss: 0.34786951541900635
[2024-11-15 08:54:36,123][utils.training][INFO] - Accuracy: 0.8496163454675232, Precision: 0.849939401277123, Recall: 0.8495356851568596, F1: 0.8493996219244948, roc_auc: 0.9164129238757536
[2024-11-15 08:54:38,820][utils.training][INFO] - Training Batch 1451/1563: Current Batch Loss: 0.29721692204475403
[2024-11-15 08:54:38,821][utils.training][INFO] - Accuracy: 0.8522355272226051, Precision: 0.8525749173625286, Recall: 0.8522103919851227, F1: 0.8520821337428292, roc_auc: 0.9178956109343679
[2024-11-15 08:54:41,520][utils.training][INFO] - Training Batch 1501/1563: Current Batch Loss: 0.33920276165008545
[2024-11-15 08:54:41,521][utils.training][INFO] - Accuracy: 0.85422218520986, Precision: 0.8545265259344266, Recall: 0.8542190944912023, F1: 0.8540813622756891, roc_auc: 0.9190104520264837
[2024-11-15 08:54:44,239][utils.training][INFO] - Training Batch 1551/1563: Current Batch Loss: 0.10262046754360199
[2024-11-15 08:54:44,239][utils.training][INFO] - Accuracy: 0.8564434235976789, Precision: 0.8567058859697039, Recall: 0.8564678139902373, F1: 0.8563140110133771, roc_auc: 0.9202584178300761
[2024-11-15 08:54:45,373][utils.training][INFO] - Testing the model ...
[2024-11-15 08:54:46,037][utils.training][INFO] - Testing Batch 1/1563: Current Batch Loss: 0.05495869368314743
[2024-11-15 08:54:46,037][utils.training][INFO] - Accuracy: 1.0, Precision: 1.0, Recall: 1.0, F1: 1.0, roc_auc: 1.0
[2024-11-15 08:54:46,928][utils.training][INFO] - Testing Batch 51/1563: Current Batch Loss: 0.08758345991373062
[2024-11-15 08:54:46,928][utils.training][INFO] - Accuracy: 0.9509803921568627, Precision: 0.950376360466111, Recall: 0.9500559019790977, F1: 0.9501287596523917, roc_auc: 0.9723084588796589
[2024-11-15 08:54:47,829][utils.training][INFO] - Testing Batch 101/1563: Current Batch Loss: 0.17280243337154388
[2024-11-15 08:54:47,830][utils.training][INFO] - Accuracy: 0.9470915841584159, Precision: 0.9472650243960393, Recall: 0.9468443266974675, F1: 0.9469588933946363, roc_auc: 0.9704841070356718
[2024-11-15 08:54:48,751][utils.training][INFO] - Testing Batch 151/1563: Current Batch Loss: 0.1310570240020752
[2024-11-15 08:54:48,751][utils.training][INFO] - Accuracy: 0.9484685430463576, Precision: 0.948847965518026, Recall: 0.9482947185395197, F1: 0.948447813818502, roc_auc: 0.9712852903805338
[2024-11-15 08:54:49,687][utils.training][INFO] - Testing Batch 201/1563: Current Batch Loss: 0.12698213756084442
[2024-11-15 08:54:49,687][utils.training][INFO] - Accuracy: 0.9469838308457711, Precision: 0.9478663991987167, Recall: 0.9471643500389841, F1: 0.9473156330810859, roc_auc: 0.970636198172625
[2024-11-15 08:54:50,633][utils.training][INFO] - Testing Batch 251/1563: Current Batch Loss: 0.1717243790626526
[2024-11-15 08:54:50,633][utils.training][INFO] - Accuracy: 0.9469621513944223, Precision: 0.9479050641952437, Recall: 0.9472263255989823, F1: 0.9473332347256788, roc_auc: 0.9706659355542975
[2024-11-15 08:54:51,587][utils.training][INFO] - Testing Batch 301/1563: Current Batch Loss: 0.1844763606786728
[2024-11-15 08:54:51,587][utils.training][INFO] - Accuracy: 0.9475705980066446, Precision: 0.9485104683170589, Recall: 0.9475513727465875, F1: 0.9477764729377718, roc_auc: 0.9708625658221562
[2024-11-15 08:54:51,942][utils.training][INFO] - Avg Batch Train / Test Loss: 0.46799765567647406 / 0.1575610536439255
[2024-11-15 08:54:51,942][utils.training][INFO] - -------- Epoch: 2/5 --------
[2024-11-15 08:54:51,949][utils.training][INFO] - Training the model ...
[2024-11-15 08:54:52,698][utils.training][INFO] - Training Batch 1/1563: Current Batch Loss: 0.17011421918869019
[2024-11-15 08:54:52,698][utils.training][INFO] - Accuracy: 0.96875, Precision: 0.975, Recall: 0.9800000000000001, F1: 0.9746031746031747, roc_auc: 0.9882758620689656
[2024-11-15 08:54:54,982][utils.training][INFO] - Training Batch 51/1563: Current Batch Loss: 0.13295964896678925
[2024-11-15 08:54:54,982][utils.training][INFO] - Accuracy: 0.9534313725490197, Precision: 0.9526162018919656, Recall: 0.9535283621867858, F1: 0.9526876606435086, roc_auc: 0.9741850557201011
[2024-11-15 08:54:57,284][utils.training][INFO] - Training Batch 101/1563: Current Batch Loss: 0.20651642978191376
[2024-11-15 08:54:57,285][utils.training][INFO] - Accuracy: 0.9523514851485149, Precision: 0.951890436136669, Recall: 0.9520190671513367, F1: 0.9518932375109932, roc_auc: 0.9733651082926237
[2024-11-15 08:54:59,602][utils.training][INFO] - Training Batch 151/1563: Current Batch Loss: 0.145276740193367
[2024-11-15 08:54:59,603][utils.training][INFO] - Accuracy: 0.9515728476821192, Precision: 0.9516572110836169, Recall: 0.9515689402670112, F1: 0.9515955894554523, roc_auc: 0.9730938274661959
[2024-11-15 08:55:01,924][utils.training][INFO] - Training Batch 201/1563: Current Batch Loss: 0.09460023045539856
[2024-11-15 08:55:01,924][utils.training][INFO] - Accuracy: 0.9508706467661692, Precision: 0.9510118043863441, Recall: 0.9509016694216192, F1: 0.9509348530057687, roc_auc: 0.9727209010417118
[2024-11-15 08:55:04,267][utils.training][INFO] - Training Batch 251/1563: Current Batch Loss: 0.06810405105352402
[2024-11-15 08:55:04,267][utils.training][INFO] - Accuracy: 0.9524402390438247, Precision: 0.9525447243367507, Recall: 0.9524179908519873, F1: 0.9524542312159902, roc_auc: 0.9735671069913222
[2024-11-15 08:55:06,632][utils.training][INFO] - Training Batch 301/1563: Current Batch Loss: 0.16663005948066711
[2024-11-15 08:55:06,632][utils.training][INFO] - Accuracy: 0.9533845514950167, Precision: 0.9535044024731567, Recall: 0.9534196121967826, F1: 0.9534400367535676, roc_auc: 0.9741199384094129
[2024-11-15 08:55:09,001][utils.training][INFO] - Training Batch 351/1563: Current Batch Loss: 0.3683989346027374
[2024-11-15 08:55:09,001][utils.training][INFO] - Accuracy: 0.9526353276353277, Precision: 0.9527642448477097, Recall: 0.9526336889441316, F1: 0.9526778127572669, roc_auc: 0.973685322056015
[2024-11-15 08:55:11,383][utils.training][INFO] - Training Batch 401/1563: Current Batch Loss: 0.07345056533813477
[2024-11-15 08:55:11,383][utils.training][INFO] - Accuracy: 0.9527743142144638, Precision: 0.9529188096314296, Recall: 0.9527887961690149, F1: 0.9528358957926786, roc_auc: 0.973770425002297
[2024-11-15 08:55:13,776][utils.training][INFO] - Training Batch 451/1563: Current Batch Loss: 0.2318633645772934
[2024-11-15 08:55:13,776][utils.training][INFO] - Accuracy: 0.9528824833702882, Precision: 0.9530212759682319, Recall: 0.9529091601497834, F1: 0.9529465699406149, roc_auc: 0.9738366815214302
[2024-11-15 08:55:16,200][utils.training][INFO] - Training Batch 501/1563: Current Batch Loss: 0.08074593544006348
[2024-11-15 08:55:16,200][utils.training][INFO] - Accuracy: 0.9525948103792415, Precision: 0.9527225531349451, Recall: 0.9525981527942559, F1: 0.9526404589539362, roc_auc: 0.9736652698919588
[2024-11-15 08:55:18,627][utils.training][INFO] - Training Batch 551/1563: Current Batch Loss: 0.08269200474023819
[2024-11-15 08:55:18,632][utils.training][INFO] - Accuracy: 0.9531533575317604, Precision: 0.953279238666197, Recall: 0.9531869340679281, F1: 0.9532151759851926, roc_auc: 0.9739906007167235
[2024-11-15 08:55:21,066][utils.training][INFO] - Training Batch 601/1563: Current Batch Loss: 0.09907662123441696
[2024-11-15 08:55:21,082][utils.training][INFO] - Accuracy: 0.9536709650582362, Precision: 0.9537562130091344, Recall: 0.9536540847950927, F1: 0.9536871530497004, roc_auc: 0.9742532122701189
[2024-11-15 08:55:23,540][utils.training][INFO] - Training Batch 651/1563: Current Batch Loss: 0.17394781112670898
[2024-11-15 08:55:23,540][utils.training][INFO] - Accuracy: 0.9545410906298003, Precision: 0.9546635182168917, Recall: 0.9545847217634421, F1: 0.9546076909239929, roc_auc: 0.9747665520313845
[2024-11-15 08:55:26,009][utils.training][INFO] - Training Batch 701/1563: Current Batch Loss: 0.04646279662847519
[2024-11-15 08:55:26,009][utils.training][INFO] - Accuracy: 0.9546184022824536, Precision: 0.9547094936415886, Recall: 0.95465596427291, F1: 0.954667251517084, roc_auc: 0.974806673785633
[2024-11-15 08:55:28,489][utils.training][INFO] - Training Batch 751/1563: Current Batch Loss: 0.18555031716823578
[2024-11-15 08:55:28,489][utils.training][INFO] - Accuracy: 0.9546021970705726, Precision: 0.954669227804404, Recall: 0.9546355430105663, F1: 0.9546394770297966, roc_auc: 0.9747956298946263
[2024-11-15 08:55:30,993][utils.training][INFO] - Training Batch 801/1563: Current Batch Loss: 0.368160605430603
[2024-11-15 08:55:30,993][utils.training][INFO] - Accuracy: 0.9542368913857678, Precision: 0.9542966280172044, Recall: 0.954266605002134, F1: 0.9542669521611987, roc_auc: 0.9745908924904436
[2024-11-15 08:55:33,507][utils.training][INFO] - Training Batch 851/1563: Current Batch Loss: 0.12191707640886307
[2024-11-15 08:55:33,507][utils.training][INFO] - Accuracy: 0.95475910693302, Precision: 0.9547890235224721, Recall: 0.9547555137689357, F1: 0.9547598197284424, roc_auc: 0.9748645481015916
[2024-11-15 08:55:36,043][utils.training][INFO] - Training Batch 901/1563: Current Batch Loss: 0.14114713668823242
[2024-11-15 08:55:36,043][utils.training][INFO] - Accuracy: 0.9544603218645948, Precision: 0.954463572104601, Recall: 0.9544222194969292, F1: 0.9544332913364368, roc_auc: 0.9746813995920395
[2024-11-15 08:55:38,590][utils.training][INFO] - Training Batch 951/1563: Current Batch Loss: 0.19238527119159698
[2024-11-15 08:55:38,590][utils.training][INFO] - Accuracy: 0.9544229758149316, Precision: 0.9544415756634038, Recall: 0.9543899012104913, F1: 0.9544066088153672, roc_auc: 0.9746629934496891
[2024-11-15 08:55:41,143][utils.training][INFO] - Training Batch 1001/1563: Current Batch Loss: 0.1226215809583664
[2024-11-15 08:55:41,143][utils.training][INFO] - Accuracy: 0.9546391108891109, Precision: 0.9546559743619645, Recall: 0.9546022524381647, F1: 0.9546201621861629, roc_auc: 0.9747811735814805
[2024-11-15 08:55:43,728][utils.training][INFO] - Training Batch 1051/1563: Current Batch Loss: 0.03945222869515419
[2024-11-15 08:55:43,728][utils.training][INFO] - Accuracy: 0.954656279733587, Precision: 0.9546710763870652, Recall: 0.9546295118083783, F1: 0.9546375414677566, roc_auc: 0.9747958704187608
[2024-11-15 08:55:46,315][utils.training][INFO] - Training Batch 1101/1563: Current Batch Loss: 0.06224016472697258
[2024-11-15 08:55:46,315][utils.training][INFO] - Accuracy: 0.955097638510445, Precision: 0.9550991390851158, Recall: 0.9550668444513886, F1: 0.9550723650720243, roc_auc: 0.9750390688224609
[2024-11-15 08:55:48,910][utils.training][INFO] - Training Batch 1151/1563: Current Batch Loss: 0.17131318151950836
[2024-11-15 08:55:48,910][utils.training][INFO] - Accuracy: 0.9550933970460469, Precision: 0.955100225233568, Recall: 0.9550873304509777, F1: 0.9550851701116754, roc_auc: 0.9750489606397006
[2024-11-15 08:55:51,521][utils.training][INFO] - Training Batch 1201/1563: Current Batch Loss: 0.264385849237442
[2024-11-15 08:55:51,521][utils.training][INFO] - Accuracy: 0.9551935886761033, Precision: 0.9551741714945837, Recall: 0.9551749179308275, F1: 0.9551669367807725, roc_auc: 0.9750984597333103
[2024-11-15 08:55:54,147][utils.training][INFO] - Training Batch 1251/1563: Current Batch Loss: 0.020937113091349602
[2024-11-15 08:55:54,148][utils.training][INFO] - Accuracy: 0.9551858513189448, Precision: 0.9551625658093675, Recall: 0.9551631311804867, F1: 0.9551557555079182, roc_auc: 0.9750921492471377
[2024-11-15 08:55:56,794][utils.training][INFO] - Training Batch 1301/1563: Current Batch Loss: 0.09014938026666641
[2024-11-15 08:55:56,794][utils.training][INFO] - Accuracy: 0.9552027286702537, Precision: 0.955194020913517, Recall: 0.955191193026567, F1: 0.9551853072109091, roc_auc: 0.9751070118372576
[2024-11-15 08:55:59,457][utils.training][INFO] - Training Batch 1351/1563: Current Batch Loss: 0.1116371676325798
[2024-11-15 08:55:59,457][utils.training][INFO] - Accuracy: 0.9556578460399704, Precision: 0.9556409108321751, Recall: 0.9556293306672211, F1: 0.9556277720125482, roc_auc: 0.9753514215289165
[2024-11-15 08:56:02,119][utils.training][INFO] - Training Batch 1401/1563: Current Batch Loss: 0.08168816566467285
[2024-11-15 08:56:02,120][utils.training][INFO] - Accuracy: 0.95552284082798, Precision: 0.955492377014217, Recall: 0.9554809404054124, F1: 0.9554796239155252, roc_auc: 0.9752697870879367
[2024-11-15 08:56:04,832][utils.training][INFO] - Training Batch 1451/1563: Current Batch Loss: 0.06186975538730621
[2024-11-15 08:56:04,832][utils.training][INFO] - Accuracy: 0.9554617505168849, Precision: 0.9554495343647561, Recall: 0.9554246376992508, F1: 0.9554282645178125, roc_auc: 0.9752381945086415
[2024-11-15 08:56:07,531][utils.training][INFO] - Training Batch 1501/1563: Current Batch Loss: 0.054639242589473724
[2024-11-15 08:56:07,531][utils.training][INFO] - Accuracy: 0.9556962025316456, Precision: 0.9556778164167872, Recall: 0.9556605177520907, F1: 0.9556612892826829, roc_auc: 0.9753691597922014
[2024-11-15 08:56:10,287][utils.training][INFO] - Training Batch 1551/1563: Current Batch Loss: 0.09120577573776245
[2024-11-15 08:56:10,287][utils.training][INFO] - Accuracy: 0.9559356866537717, Precision: 0.9559465481318827, Recall: 0.9559319456102855, F1: 0.9559322229520453, roc_auc: 0.9755179730766793
[2024-11-15 08:56:11,410][utils.training][INFO] - Testing the model ...
[2024-11-15 08:56:12,284][utils.training][INFO] - Testing Batch 1/1563: Current Batch Loss: 0.02633705548942089
[2024-11-15 08:56:12,284][utils.training][INFO] - Accuracy: 1.0, Precision: 1.0, Recall: 1.0, F1: 1.0, roc_auc: 1.0
[2024-11-15 08:56:13,164][utils.training][INFO] - Testing Batch 51/1563: Current Batch Loss: 0.022181548178195953
[2024-11-15 08:56:13,164][utils.training][INFO] - Accuracy: 0.9693627450980392, Precision: 0.9689535435856083, Recall: 0.9685872738705525, F1: 0.9687092887681745, roc_auc: 0.9825939100598168
[2024-11-15 08:56:14,065][utils.training][INFO] - Testing Batch 101/1563: Current Batch Loss: 0.19826318323612213
[2024-11-15 08:56:14,065][utils.training][INFO] - Accuracy: 0.963799504950495, Precision: 0.9638015501228248, Recall: 0.9636575399171271, F1: 0.963661510001506, roc_auc: 0.9798191336818176
[2024-11-15 08:56:14,978][utils.training][INFO] - Testing Batch 151/1563: Current Batch Loss: 0.06265764683485031
[2024-11-15 08:56:14,978][utils.training][INFO] - Accuracy: 0.9650248344370861, Precision: 0.9650339950843051, Recall: 0.9649069073046361, F1: 0.9649233029724252, roc_auc: 0.9805113312919369
[2024-11-15 08:56:15,899][utils.training][INFO] - Testing Batch 201/1563: Current Batch Loss: 0.05642140284180641
[2024-11-15 08:56:15,899][utils.training][INFO] - Accuracy: 0.9636194029850746, Precision: 0.9638918976823637, Recall: 0.9637304019368115, F1: 0.9637352950910406, roc_auc: 0.9798438871948925
[2024-11-15 08:56:16,834][utils.training][INFO] - Testing Batch 251/1563: Current Batch Loss: 0.15051023662090302
[2024-11-15 08:56:16,834][utils.training][INFO] - Accuracy: 0.9635209163346613, Precision: 0.9637997842771784, Recall: 0.9636526859244299, F1: 0.9636707942950622, roc_auc: 0.9797993875467361
[2024-11-15 08:56:17,783][utils.training][INFO] - Testing Batch 301/1563: Current Batch Loss: 0.12420201301574707
[2024-11-15 08:56:17,798][utils.training][INFO] - Accuracy: 0.9644933554817275, Precision: 0.9647450864708107, Recall: 0.9644979748023672, F1: 0.964560889711192, roc_auc: 0.9802761496093362
[2024-11-15 08:56:18,166][utils.training][INFO] - Avg Batch Train / Test Loss: 0.13474457135831583 / 0.11130019336843643
[2024-11-15 08:56:18,167][utils.training][INFO] - -------- Epoch: 3/5 --------
[2024-11-15 08:56:18,174][utils.training][INFO] - Training the model ...
[2024-11-15 08:56:18,615][utils.training][INFO] - Training Batch 1/1563: Current Batch Loss: 0.09034465998411179
[2024-11-15 08:56:18,615][utils.training][INFO] - Accuracy: 1.0, Precision: 1.0, Recall: 1.0, F1: 1.0, roc_auc: 1.0
[2024-11-15 08:56:21,128][utils.training][INFO] - Training Batch 51/1563: Current Batch Loss: 0.13419044017791748
[2024-11-15 08:56:21,128][utils.training][INFO] - Accuracy: 0.9797794117647058, Precision: 0.9797594910217585, Recall: 0.9800162507035534, F1: 0.9798378404116415, roc_auc: 0.9888844737173583
[2024-11-15 08:56:23,427][utils.training][INFO] - Training Batch 101/1563: Current Batch Loss: 0.040569666773080826
[2024-11-15 08:56:23,427][utils.training][INFO] - Accuracy: 0.9771039603960396, Precision: 0.9770801269303029, Recall: 0.9771923432933487, F1: 0.9771250553033051, roc_auc: 0.9873239304767356
[2024-11-15 08:56:25,749][utils.training][INFO] - Training Batch 151/1563: Current Batch Loss: 0.014499013312160969
[2024-11-15 08:56:25,749][utils.training][INFO] - Accuracy: 0.9762003311258278, Precision: 0.9762679310854026, Recall: 0.9762167827322724, F1: 0.9762364661120724, roc_auc: 0.9867853542121022
[2024-11-15 08:56:28,085][utils.training][INFO] - Training Batch 201/1563: Current Batch Loss: 0.05188100412487984
[2024-11-15 08:56:28,085][utils.training][INFO] - Accuracy: 0.9785447761194029, Precision: 0.9786133717613223, Recall: 0.9785468608150124, F1: 0.9785700094320736, roc_auc: 0.9880808191499165
[2024-11-15 08:56:30,430][utils.training][INFO] - Training Batch 251/1563: Current Batch Loss: 0.031542617827653885
[2024-11-15 08:56:30,430][utils.training][INFO] - Accuracy: 0.9778386454183267, Precision: 0.9778471360473657, Recall: 0.9778024363675616, F1: 0.9778219447446016, roc_auc: 0.9876698771172998
[2024-11-15 08:56:32,787][utils.training][INFO] - Training Batch 301/1563: Current Batch Loss: 0.03332815691828728
[2024-11-15 08:56:32,788][utils.training][INFO] - Accuracy: 0.9779900332225914, Precision: 0.9779829707021875, Recall: 0.9779653589639341, F1: 0.9779703648408213, roc_auc: 0.987759881797628
[2024-11-15 08:56:35,131][utils.training][INFO] - Training Batch 351/1563: Current Batch Loss: 0.03569960966706276
[2024-11-15 08:56:35,131][utils.training][INFO] - Accuracy: 0.9782763532763533, Precision: 0.9782824452205023, Recall: 0.9782781065242387, F1: 0.9782727191551215, roc_auc: 0.9879321242661815
[2024-11-15 08:56:37,512][utils.training][INFO] - Training Batch 401/1563: Current Batch Loss: 0.17186835408210754
[2024-11-15 08:56:37,512][utils.training][INFO] - Accuracy: 0.9774002493765586, Precision: 0.9774298201976308, Recall: 0.9774128415854799, F1: 0.9774185460822814, roc_auc: 0.9874505792518187
[2024-11-15 08:56:39,910][utils.training][INFO] - Training Batch 451/1563: Current Batch Loss: 0.07462093979120255
[2024-11-15 08:56:39,911][utils.training][INFO] - Accuracy: 0.9776884700665188, Precision: 0.9776918566334345, Recall: 0.9776824925800351, F1: 0.9776850295413742, roc_auc: 0.987601593112832
[2024-11-15 08:56:42,325][utils.training][INFO] - Training Batch 501/1563: Current Batch Loss: 0.15387225151062012
[2024-11-15 08:56:42,326][utils.training][INFO] - Accuracy: 0.9777944111776448, Precision: 0.9778128536584176, Recall: 0.9778091827465877, F1: 0.977808006149621, roc_auc: 0.987670754541661
[2024-11-15 08:56:44,758][utils.training][INFO] - Training Batch 551/1563: Current Batch Loss: 0.03315268084406853
[2024-11-15 08:56:44,758][utils.training][INFO] - Accuracy: 0.9775408348457351, Precision: 0.9775434960349967, Recall: 0.977548795441038, F1: 0.9775443582679048, roc_auc: 0.987526555452099
[2024-11-15 08:56:47,227][utils.training][INFO] - Training Batch 601/1563: Current Batch Loss: 0.07954876124858856
[2024-11-15 08:56:47,227][utils.training][INFO] - Accuracy: 0.9771734608985025, Precision: 0.9771776305818379, Recall: 0.9771693757189377, F1: 0.9771713415630631, roc_auc: 0.9873164503626644
[2024-11-15 08:56:49,692][utils.training][INFO] - Training Batch 651/1563: Current Batch Loss: 0.17343898117542267
[2024-11-15 08:56:49,692][utils.training][INFO] - Accuracy: 0.9770065284178188, Precision: 0.9769991092671233, Recall: 0.9769970076849204, F1: 0.9769960145949466, roc_auc: 0.9872210753412134
[2024-11-15 08:56:52,162][utils.training][INFO] - Training Batch 701/1563: Current Batch Loss: 0.043914444744586945
[2024-11-15 08:56:52,162][utils.training][INFO] - Accuracy: 0.9772646219686163, Precision: 0.9772430735720485, Recall: 0.9772425495769103, F1: 0.9772413146566865, roc_auc: 0.98735828190666
[2024-11-15 08:56:54,638][utils.training][INFO] - Training Batch 751/1563: Current Batch Loss: 0.023090863600373268
[2024-11-15 08:56:54,638][utils.training][INFO] - Accuracy: 0.9771554593874834, Precision: 0.9771372006586416, Recall: 0.9771477082428646, F1: 0.9771402166173481, roc_auc: 0.9873047641787325
[2024-11-15 08:56:57,132][utils.training][INFO] - Training Batch 801/1563: Current Batch Loss: 0.037642914801836014
[2024-11-15 08:56:57,132][utils.training][INFO] - Accuracy: 0.9774890761548065, Precision: 0.9774753573576873, Recall: 0.977481640877334, F1: 0.9774762865921953, roc_auc: 0.9874902547820591
[2024-11-15 08:56:59,658][utils.training][INFO] - Training Batch 851/1563: Current Batch Loss: 0.011059612035751343
[2024-11-15 08:56:59,658][utils.training][INFO] - Accuracy: 0.9778936545240893, Precision: 0.9778791637193438, Recall: 0.9778836255140435, F1: 0.9778794414104552, roc_auc: 0.987713746722625
[2024-11-15 08:57:02,181][utils.training][INFO] - Training Batch 901/1563: Current Batch Loss: 0.0442107655107975
[2024-11-15 08:57:02,181][utils.training][INFO] - Accuracy: 0.9781492785793563, Precision: 0.978151087940111, Recall: 0.9781643023472497, F1: 0.9781560588149538, roc_auc: 0.9878681663786623
[2024-11-15 08:57:04,729][utils.training][INFO] - Training Batch 951/1563: Current Batch Loss: 0.016883473843336105
[2024-11-15 08:57:04,730][utils.training][INFO] - Accuracy: 0.9782137223974764, Precision: 0.9782159697940125, Recall: 0.9782266705270815, F1: 0.9782200582289642, roc_auc: 0.9879029515585639
[2024-11-15 08:57:07,291][utils.training][INFO] - Training Batch 1001/1563: Current Batch Loss: 0.020081520080566406
[2024-11-15 08:57:07,291][utils.training][INFO] - Accuracy: 0.9779283216783217, Precision: 0.9779320178395258, Recall: 0.9779361968088119, F1: 0.9779327650413375, roc_auc: 0.9877418556146788
[2024-11-15 08:57:09,877][utils.training][INFO] - Training Batch 1051/1563: Current Batch Loss: 0.0770188495516777
[2024-11-15 08:57:09,877][utils.training][INFO] - Accuracy: 0.9777890104662227, Precision: 0.9777806282257293, Recall: 0.9777854381001454, F1: 0.9777815641774129, roc_auc: 0.9876588091348836
[2024-11-15 08:57:12,461][utils.training][INFO] - Training Batch 1101/1563: Current Batch Loss: 0.23612923920154572
[2024-11-15 08:57:12,462][utils.training][INFO] - Accuracy: 0.977321752951862, Precision: 0.9773143008297971, Recall: 0.9773184406818768, F1: 0.9773152014393813, roc_auc: 0.9873993286612857
[2024-11-15 08:57:15,068][utils.training][INFO] - Training Batch 1151/1563: Current Batch Loss: 0.06799723207950592
[2024-11-15 08:57:15,068][utils.training][INFO] - Accuracy: 0.9772208948740226, Precision: 0.9772291592198009, Recall: 0.9772354650173514, F1: 0.9772307385745105, roc_auc: 0.9873521344177728
[2024-11-15 08:57:17,689][utils.training][INFO] - Training Batch 1201/1563: Current Batch Loss: 0.11219468712806702
[2024-11-15 08:57:17,689][utils.training][INFO] - Accuracy: 0.9768422148209825, Precision: 0.9768520289888938, Recall: 0.976855844606734, F1: 0.976851506578422, roc_auc: 0.9871412930562116
[2024-11-15 08:57:20,300][utils.training][INFO] - Training Batch 1251/1563: Current Batch Loss: 0.03774726763367653
[2024-11-15 08:57:20,301][utils.training][INFO] - Accuracy: 0.9765687450039968, Precision: 0.9765702541133265, Recall: 0.976573082749119, F1: 0.9765694746794935, roc_auc: 0.9869847750474208
[2024-11-15 08:57:22,934][utils.training][INFO] - Training Batch 1301/1563: Current Batch Loss: 0.3079714775085449
[2024-11-15 08:57:22,935][utils.training][INFO] - Accuracy: 0.9765084550345888, Precision: 0.9765079861527297, Recall: 0.9765141298579041, F1: 0.9765089358782728, roc_auc: 0.9869519384081261
[2024-11-15 08:57:25,589][utils.training][INFO] - Training Batch 1351/1563: Current Batch Loss: 0.06438182294368744
[2024-11-15 08:57:25,598][utils.training][INFO] - Accuracy: 0.9762444485566247, Precision: 0.9762499421065647, Recall: 0.976252098378627, F1: 0.9762488177523373, roc_auc: 0.9868062133169101
[2024-11-15 08:57:28,275][utils.training][INFO] - Training Batch 1401/1563: Current Batch Loss: 0.02027076482772827
[2024-11-15 08:57:28,275][utils.training][INFO] - Accuracy: 0.9762446466809421, Precision: 0.9762521253648974, Recall: 0.9762596944074297, F1: 0.9762534939973498, roc_auc: 0.9868100054715605
[2024-11-15 08:57:30,957][utils.training][INFO] - Training Batch 1451/1563: Current Batch Loss: 0.015827355906367302
[2024-11-15 08:57:30,957][utils.training][INFO] - Accuracy: 0.9761156099241902, Precision: 0.9761157686267561, Recall: 0.9761251138969442, F1: 0.9761181362436947, roc_auc: 0.986735596883085
[2024-11-15 08:57:33,659][utils.training][INFO] - Training Batch 1501/1563: Current Batch Loss: 0.01943086087703705
[2024-11-15 08:57:33,659][utils.training][INFO] - Accuracy: 0.9759743504330446, Precision: 0.975979189508619, Recall: 0.9759927557120547, F1: 0.9759839341884673, roc_auc: 0.9866615380300334
[2024-11-15 08:57:36,411][utils.training][INFO] - Training Batch 1551/1563: Current Batch Loss: 0.11506494134664536
[2024-11-15 08:57:36,411][utils.training][INFO] - Accuracy: 0.9759429400386848, Precision: 0.9759404896979994, Recall: 0.9759481555354039, F1: 0.9759425792165061, roc_auc: 0.986637545742169
[2024-11-15 08:57:37,424][utils.training][INFO] - Testing the model ...
[2024-11-15 08:57:38,032][utils.training][INFO] - Testing Batch 1/1563: Current Batch Loss: 0.01435904297977686
[2024-11-15 08:57:38,032][utils.training][INFO] - Accuracy: 1.0, Precision: 1.0, Recall: 1.0, F1: 1.0, roc_auc: 1.0
[2024-11-15 08:57:38,922][utils.training][INFO] - Testing Batch 51/1563: Current Batch Loss: 0.019269227981567383
[2024-11-15 08:57:38,922][utils.training][INFO] - Accuracy: 0.9675245098039216, Precision: 0.9669378674331212, Recall: 0.9673936820602671, F1: 0.9667618239492196, roc_auc: 0.9819006914419186
[2024-11-15 08:57:39,828][utils.training][INFO] - Testing Batch 101/1563: Current Batch Loss: 0.12815606594085693
[2024-11-15 08:57:39,828][utils.training][INFO] - Accuracy: 0.9600866336633663, Precision: 0.9601746044591885, Recall: 0.9599070569236016, F1: 0.9597873458197916, roc_auc: 0.9777377668065625
[2024-11-15 08:57:40,747][utils.training][INFO] - Testing Batch 151/1563: Current Batch Loss: 0.08501779288053513
[2024-11-15 08:57:40,747][utils.training][INFO] - Accuracy: 0.9604718543046358, Precision: 0.9605156509552428, Recall: 0.9603578298953817, F1: 0.960205575617931, roc_auc: 0.9779846405260898
[2024-11-15 08:57:41,680][utils.training][INFO] - Testing Batch 201/1563: Current Batch Loss: 0.14632610976696014
[2024-11-15 08:57:41,680][utils.training][INFO] - Accuracy: 0.9615982587064676, Precision: 0.9618407336355317, Recall: 0.961718307800885, F1: 0.9616212975787599, roc_auc: 0.9787254116818707
[2024-11-15 08:57:42,624][utils.training][INFO] - Testing Batch 251/1563: Current Batch Loss: 0.19224770367145538
[2024-11-15 08:57:42,624][utils.training][INFO] - Accuracy: 0.9616533864541833, Precision: 0.9620010532539791, Recall: 0.961744870497679, F1: 0.9617298283449751, roc_auc: 0.9787409944912238
[2024-11-15 08:57:43,581][utils.training][INFO] - Testing Batch 301/1563: Current Batch Loss: 0.057179879397153854
[2024-11-15 08:57:43,581][utils.training][INFO] - Accuracy: 0.9625207641196013, Precision: 0.9626840500871993, Recall: 0.9625670904363745, F1: 0.962497969983939, roc_auc: 0.9792013923585093
[2024-11-15 08:57:43,937][utils.training][INFO] - Avg Batch Train / Test Loss: 0.07267474498734133 / 0.10916147595003675
[2024-11-15 08:57:43,938][utils.training][INFO] - -------- Epoch: 4/5 --------
[2024-11-15 08:57:43,945][utils.training][INFO] - Training the model ...
