[2024-11-14 17:46:51,361][__main__][INFO] - comet_logger:
  initialize: true
  api_key: null
  project_name: null
  workspace: null
  name: null
training:
  epochs: 5
  batch_size: 32
  learning_rate: 0.001
  weight_decay: 0.0001
  num_workers: 8
  optimizer: TODO
  loss: TODO
data:
  data_path: /storage/homefs/tf24s166/code/cifar10/data
  label_path: TODO
  target_column: target
  features: TODO

[2024-11-14 17:46:51,361][__main__][INFO] - Setting up comet logger
[2024-11-14 17:46:56,110][__main__][INFO] - Using device: cuda
[2024-11-14 17:46:59,261][utils.training][INFO] - Class weights: tensor([1., 1., 1., 1., 1., 1., 1., 1., 1., 1.], device='cuda:0')
[2024-11-14 17:46:59,261][utils.training][INFO] - -------- Epoch: 1/5 --------
[2024-11-14 17:46:59,261][utils.training][INFO] - Training the model ...
[2024-11-14 17:47:00,334][utils.training][INFO] - Training Batch 1/1563: Current Batch Loss: 2.2803738117218018
[2024-11-14 17:47:00,335][utils.training][INFO] - Accuracy: 0.0625, Precision: 0.125, Recall: 0.05333333333333333, F1: 0.06190476190476191, roc_auc: 0.47634554266645485
[2024-11-14 17:47:00,388][utils.training][INFO] - Testing the model ...
[2024-11-14 17:47:00,862][utils.training][INFO] - Testing Batch 1/1563: Current Batch Loss: 2.252497911453247
[2024-11-14 17:47:00,862][utils.training][INFO] - Accuracy: 0.1875, Precision: 0.13846153846153847, Recall: 0.15, F1: 0.09882352941176471, roc_auc: 0.5289640198511167
[2024-11-14 17:47:01,749][utils.training][INFO] - Testing Batch 51/1563: Current Batch Loss: 2.319932460784912
[2024-11-14 17:47:01,749][utils.training][INFO] - Accuracy: 0.11887254901960784, Precision: 0.17410071521280773, Recall: 0.11990102473678343, F1: 0.08748299967224034, roc_auc: 0.511087176869546
[2024-11-14 17:47:02,651][utils.training][INFO] - Testing Batch 101/1563: Current Batch Loss: 2.2840654850006104
[2024-11-14 17:47:02,652][utils.training][INFO] - Accuracy: 0.1311881188118812, Precision: 0.16721057728116717, Recall: 0.13013619664731052, F1: 0.0931378153572191, roc_auc: 0.5167558228936207
[2024-11-14 17:47:03,568][utils.training][INFO] - Testing Batch 151/1563: Current Batch Loss: 2.2817280292510986
[2024-11-14 17:47:03,569][utils.training][INFO] - Accuracy: 0.128932119205298, Precision: 0.16545498099751213, Recall: 0.129321878479148, F1: 0.09138965364903687, roc_auc: 0.5162704692761484
[2024-11-14 17:47:04,499][utils.training][INFO] - Testing Batch 201/1563: Current Batch Loss: 2.299583911895752
[2024-11-14 17:47:04,499][utils.training][INFO] - Accuracy: 0.12997512437810946, Precision: 0.1677829976657023, Recall: 0.1308909403316684, F1: 0.09248460391138238, roc_auc: 0.5171289925398417
[2024-11-14 17:47:05,449][utils.training][INFO] - Testing Batch 251/1563: Current Batch Loss: 2.237217664718628
[2024-11-14 17:47:05,450][utils.training][INFO] - Accuracy: 0.13184760956175298, Precision: 0.17318060104731745, Recall: 0.13183700810950735, F1: 0.09350798216313379, roc_auc: 0.5176789093375833
[2024-11-14 17:47:06,405][utils.training][INFO] - Testing Batch 301/1563: Current Batch Loss: 2.281968593597412
[2024-11-14 17:47:06,405][utils.training][INFO] - Accuracy: 0.13195598006644518, Precision: 0.17187156740582762, Recall: 0.132529538353431, F1: 0.09311357747545032, roc_auc: 0.5180623950559552
[2024-11-14 17:47:06,793][utils.training][INFO] - Avg Batch Train / Test Loss: 2.2803738117218018 / 2.282936036777192
[2024-11-14 17:47:06,793][utils.training][INFO] - -------- Epoch: 2/5 --------
[2024-11-14 17:47:06,794][utils.training][INFO] - Training the model ...
