[2024-11-15 09:06:38,503][__main__][INFO] - comet_logger:
  initialize: true
  api_key: null
  project_name: null
  workspace: null
  name: null
training:
  epochs: 5
  batch_size: 32
  learning_rate: 0.001
  weight_decay: 0.0001
  num_workers: 8
  optimizer: TODO
  loss: TODO
data:
  data_path: /storage/homefs/tf24s166/code/cifar10/data
  label_path: TODO
  target_column: target
  features: TODO

[2024-11-15 09:06:38,503][__main__][INFO] - Setting up comet logger
[2024-11-15 09:06:44,265][__main__][INFO] - Using device: cuda
[2024-11-15 09:06:55,237][utils.training][INFO] - Class weights: tensor([1., 1., 1., 1., 1., 1., 1., 1., 1., 1.], device='cuda:0')
[2024-11-15 09:06:55,237][utils.training][INFO] - -------- Epoch: 1/5 --------
[2024-11-15 09:06:55,238][utils.training][INFO] - Training the model ...
[2024-11-15 09:07:06,106][utils.training][INFO] - Training Batch 1/1563: Current Batch Loss: 2.293652296066284
[2024-11-15 09:07:06,106][utils.training][INFO] - Accuracy: 0.09375, Precision: 0.03176470588235294, Recall: 0.12, F1: 0.04105263157894737, roc_auc: nan
[2024-11-15 09:07:08,483][utils.training][INFO] - Training Batch 51/1563: Current Batch Loss: 2.170236825942993
[2024-11-15 09:07:08,483][utils.training][INFO] - Accuracy: 0.25306372549019607, Precision: 0.28080123439683247, Recall: 0.2421321955389164, F1: 0.23693352427017328, roc_auc: 0.5793311300941169
[2024-11-15 09:07:10,778][utils.training][INFO] - Training Batch 101/1563: Current Batch Loss: 1.6060559749603271
[2024-11-15 09:07:10,778][utils.training][INFO] - Accuracy: 0.4034653465346535, Precision: 0.4347723310741271, Recall: 0.4007851884116943, F1: 0.40324509746111864, roc_auc: 0.6671619436974542
[2024-11-15 09:07:13,085][utils.training][INFO] - Training Batch 151/1563: Current Batch Loss: 1.1839697360992432
[2024-11-15 09:07:13,085][utils.training][INFO] - Accuracy: 0.49875827814569534, Precision: 0.5158301526351109, Recall: 0.4982280476504341, F1: 0.4971037672007331, roc_auc: 0.7212578763963762
[2024-11-15 09:07:15,720][utils.training][INFO] - Training Batch 201/1563: Current Batch Loss: 0.7900378704071045
[2024-11-15 09:07:15,720][utils.training][INFO] - Accuracy: 0.5640547263681592, Precision: 0.5734142653517786, Recall: 0.5639196224184683, F1: 0.5623826810848978, roc_auc: 0.7577343571662405
[2024-11-15 09:07:18,050][utils.training][INFO] - Training Batch 251/1563: Current Batch Loss: 0.4056254029273987
[2024-11-15 09:07:18,050][utils.training][INFO] - Accuracy: 0.6098107569721115, Precision: 0.6171192080330006, Recall: 0.6106739395136344, F1: 0.6094538015252067, roc_auc: 0.7836620614782275
[2024-11-15 09:07:20,395][utils.training][INFO] - Training Batch 301/1563: Current Batch Loss: 0.44162726402282715
[2024-11-15 09:07:20,395][utils.training][INFO] - Accuracy: 0.6431686046511628, Precision: 0.6477891248508172, Recall: 0.6435587046753025, F1: 0.6425440457165892, roc_auc: 0.8019568973782135
[2024-11-15 09:07:22,750][utils.training][INFO] - Training Batch 351/1563: Current Batch Loss: 0.419454425573349
[2024-11-15 09:07:22,767][utils.training][INFO] - Accuracy: 0.6726317663817664, Precision: 0.6760742849265847, Recall: 0.672784081930161, F1: 0.6719799453905735, roc_auc: 0.8182079170537528
[2024-11-15 09:07:25,130][utils.training][INFO] - Training Batch 401/1563: Current Batch Loss: 0.35282161831855774
[2024-11-15 09:07:25,130][utils.training][INFO] - Accuracy: 0.6959943890274314, Precision: 0.6984933953688077, Recall: 0.695934229422918, F1: 0.6953638480719053, roc_auc: 0.8310785776179618
[2024-11-15 09:07:27,509][utils.training][INFO] - Training Batch 451/1563: Current Batch Loss: 0.5302401781082153
[2024-11-15 09:07:27,510][utils.training][INFO] - Accuracy: 0.7150083148558758, Precision: 0.7171342598358376, Recall: 0.7149529226857958, F1: 0.7144985287570649, roc_auc: 0.8416418994423974
[2024-11-15 09:07:29,867][utils.training][INFO] - Training Batch 501/1563: Current Batch Loss: 0.45093512535095215
[2024-11-15 09:07:29,867][utils.training][INFO] - Accuracy: 0.7314745508982036, Precision: 0.7332412075900259, Recall: 0.7314487164557456, F1: 0.7310931562665662, roc_auc: 0.8508048614614943
[2024-11-15 09:07:32,283][utils.training][INFO] - Training Batch 551/1563: Current Batch Loss: 0.2627685070037842
[2024-11-15 09:07:32,284][utils.training][INFO] - Accuracy: 0.746029945553539, Precision: 0.7475825846412414, Recall: 0.7461552837805073, F1: 0.745795233929289, roc_auc: 0.8589669293268803
[2024-11-15 09:07:34,719][utils.training][INFO] - Training Batch 601/1563: Current Batch Loss: 0.08248216658830643
[2024-11-15 09:07:34,719][utils.training][INFO] - Accuracy: 0.757279534109817, Precision: 0.7584705719436018, Recall: 0.7574811877840852, F1: 0.7570353332714708, roc_auc: 0.8652567326871903
[2024-11-15 09:07:37,142][utils.training][INFO] - Training Batch 651/1563: Current Batch Loss: 0.17526750266551971
[2024-11-15 09:07:37,142][utils.training][INFO] - Accuracy: 0.7684331797235023, Precision: 0.7693339803364927, Recall: 0.7684893805742882, F1: 0.7681028122818409, roc_auc: 0.871380650676176
[2024-11-15 09:07:39,594][utils.training][INFO] - Training Batch 701/1563: Current Batch Loss: 0.26481977105140686
[2024-11-15 09:07:39,594][utils.training][INFO] - Accuracy: 0.7781294579172611, Precision: 0.7789028237891199, Recall: 0.7781858762020323, F1: 0.7778398468148024, roc_auc: 0.8767666677586
[2024-11-15 09:07:42,067][utils.training][INFO] - Training Batch 751/1563: Current Batch Loss: 0.18349559605121613
[2024-11-15 09:07:42,067][utils.training][INFO] - Accuracy: 0.7867842876165113, Precision: 0.7874231280396832, Recall: 0.7868761646296674, F1: 0.7865124198555542, roc_auc: 0.88159290617499
[2024-11-15 09:07:44,541][utils.training][INFO] - Training Batch 801/1563: Current Batch Loss: 0.15669181942939758
[2024-11-15 09:07:44,541][utils.training][INFO] - Accuracy: 0.7943586142322098, Precision: 0.7949518276824643, Recall: 0.7945505287547334, F1: 0.7941928128890576, roc_auc: 0.8858504084847008
[2024-11-15 09:07:47,035][utils.training][INFO] - Training Batch 851/1563: Current Batch Loss: 0.40252524614334106
[2024-11-15 09:07:47,035][utils.training][INFO] - Accuracy: 0.8010428907168038, Precision: 0.8014543657287005, Recall: 0.8010334709255138, F1: 0.80073500189372, roc_auc: 0.8894638273359382
[2024-11-15 09:07:49,550][utils.training][INFO] - Training Batch 901/1563: Current Batch Loss: 0.3256632685661316
[2024-11-15 09:07:49,550][utils.training][INFO] - Accuracy: 0.8076789678135405, Precision: 0.807917398522093, Recall: 0.8076063277790004, F1: 0.8073000397078965, roc_auc: 0.893119489232873
[2024-11-15 09:07:52,082][utils.training][INFO] - Training Batch 951/1563: Current Batch Loss: 0.22304831445217133
[2024-11-15 09:07:52,082][utils.training][INFO] - Accuracy: 0.8136829652996845, Precision: 0.8139221975804285, Recall: 0.8136117904545408, F1: 0.8133373460654176, roc_auc: 0.8964555061441069
[2024-11-15 09:07:54,617][utils.training][INFO] - Training Batch 1001/1563: Current Batch Loss: 0.17641057074069977
[2024-11-15 09:07:54,617][utils.training][INFO] - Accuracy: 0.8191496003996004, Precision: 0.8193081680142393, Recall: 0.8190594933071544, F1: 0.8188046348852904, roc_auc: 0.8994828178086411
[2024-11-15 09:07:57,174][utils.training][INFO] - Training Batch 1051/1563: Current Batch Loss: 0.38971397280693054
[2024-11-15 09:07:57,174][utils.training][INFO] - Accuracy: 0.8239771646051379, Precision: 0.824114682936181, Recall: 0.8239063389410072, F1: 0.8236445634248121, roc_auc: 0.9021744507955882
[2024-11-15 09:07:59,744][utils.training][INFO] - Training Batch 1101/1563: Current Batch Loss: 0.25347277522087097
[2024-11-15 09:07:59,745][utils.training][INFO] - Accuracy: 0.8282527247956403, Precision: 0.828387741046771, Recall: 0.8281942938991138, F1: 0.8279739788783017, roc_auc: 0.9045554661114524
[2024-11-15 09:08:02,323][utils.training][INFO] - Training Batch 1151/1563: Current Batch Loss: 0.39002639055252075
[2024-11-15 09:08:02,324][utils.training][INFO] - Accuracy: 0.8324011728931364, Precision: 0.8324793563175652, Recall: 0.8323193360717948, F1: 0.8321015995586067, roc_auc: 0.9068486744510075
[2024-11-15 09:08:04,940][utils.training][INFO] - Training Batch 1201/1563: Current Batch Loss: 0.20327988266944885
[2024-11-15 09:08:04,941][utils.training][INFO] - Accuracy: 0.8364904246461282, Precision: 0.8365140463917411, Recall: 0.8363434644513594, F1: 0.8361484041042664, roc_auc: 0.9090880669351336
[2024-11-15 09:08:07,559][utils.training][INFO] - Training Batch 1251/1563: Current Batch Loss: 0.12753582000732422
[2024-11-15 09:08:07,564][utils.training][INFO] - Accuracy: 0.8404776179056754, Precision: 0.840535259106654, Recall: 0.8403807299260254, F1: 0.8401896446032605, roc_auc: 0.911328122769923
[2024-11-15 09:08:10,196][utils.training][INFO] - Training Batch 1301/1563: Current Batch Loss: 0.11568015068769455
[2024-11-15 09:08:10,197][utils.training][INFO] - Accuracy: 0.843629900076864, Precision: 0.8436841817927869, Recall: 0.843610865281244, F1: 0.8433953674940525, roc_auc: 0.9131183634114842
[2024-11-15 09:08:12,830][utils.training][INFO] - Training Batch 1351/1563: Current Batch Loss: 0.035096149891614914
[2024-11-15 09:08:12,830][utils.training][INFO] - Accuracy: 0.8463638045891931, Precision: 0.8463964646841896, Recall: 0.8463763013512604, F1: 0.8461556828715651, roc_auc: 0.9146527077077362
[2024-11-15 09:08:15,491][utils.training][INFO] - Training Batch 1401/1563: Current Batch Loss: 0.09434787929058075
[2024-11-15 09:08:15,491][utils.training][INFO] - Accuracy: 0.8489917915774446, Precision: 0.8489709701787849, Recall: 0.848982230957302, F1: 0.8487580119247298, roc_auc: 0.9161019752202819
[2024-11-15 09:08:18,179][utils.training][INFO] - Training Batch 1451/1563: Current Batch Loss: 0.04802853241562843
[2024-11-15 09:08:18,179][utils.training][INFO] - Accuracy: 0.8515463473466575, Precision: 0.8514941931306168, Recall: 0.851512724288844, F1: 0.8512921036388159, roc_auc: 0.9175093816405596
[2024-11-15 09:08:20,857][utils.training][INFO] - Training Batch 1501/1563: Current Batch Loss: 0.2803002595901489
[2024-11-15 09:08:20,858][utils.training][INFO] - Accuracy: 0.8543262824783477, Precision: 0.8542794582421699, Recall: 0.854313351330816, F1: 0.8540928671831767, roc_auc: 0.9190638465944281
[2024-11-15 09:08:23,555][utils.training][INFO] - Training Batch 1551/1563: Current Batch Loss: 0.1843786984682083
[2024-11-15 09:08:23,555][utils.training][INFO] - Accuracy: 0.8567254996776273, Precision: 0.8566902837217455, Recall: 0.8567187850646475, F1: 0.856516247575175, roc_auc: 0.9203997877861084
[2024-11-15 09:08:24,751][utils.training][INFO] - Testing the model ...
[2024-11-15 09:08:25,198][utils.training][INFO] - Testing Batch 1/1563: Current Batch Loss: 0.038161423057317734
[2024-11-15 09:08:25,198][utils.training][INFO] - Accuracy: 1.0, Precision: 1.0, Recall: 1.0, F1: 1.0, roc_auc: 1.0
[2024-11-15 09:08:26,140][utils.training][INFO] - Testing Batch 51/1563: Current Batch Loss: 0.05180429667234421
[2024-11-15 09:08:26,140][utils.training][INFO] - Accuracy: 0.9515931372549019, Precision: 0.950772785848707, Recall: 0.9513624036068675, F1: 0.9507385696796959, roc_auc: 0.9729985007409759
[2024-11-15 09:08:27,030][utils.training][INFO] - Testing Batch 101/1563: Current Batch Loss: 0.22758738696575165
[2024-11-15 09:08:27,030][utils.training][INFO] - Accuracy: 0.9495668316831684, Precision: 0.9494686170973953, Recall: 0.9495467392216692, F1: 0.9492984397566365, roc_auc: 0.9719730764144983
[2024-11-15 09:08:27,935][utils.training][INFO] - Testing Batch 151/1563: Current Batch Loss: 0.18026202917099
[2024-11-15 09:08:27,935][utils.training][INFO] - Accuracy: 0.9482615894039735, Precision: 0.9481835480903575, Recall: 0.9482336087194735, F1: 0.9479366319058713, roc_auc: 0.971243681345036
[2024-11-15 09:08:28,852][utils.training][INFO] - Testing Batch 201/1563: Current Batch Loss: 0.1689615100622177
[2024-11-15 09:08:28,852][utils.training][INFO] - Accuracy: 0.9468283582089553, Precision: 0.9469266656839471, Recall: 0.9469497253721547, F1: 0.9467381409257914, roc_auc: 0.9705199114947918
[2024-11-15 09:08:29,785][utils.training][INFO] - Testing Batch 251/1563: Current Batch Loss: 0.0872098058462143
[2024-11-15 09:08:29,785][utils.training][INFO] - Accuracy: 0.947335657370518, Precision: 0.9474799015147323, Recall: 0.9474637314116359, F1: 0.9472677496562201, roc_auc: 0.9708049382150531
[2024-11-15 09:08:30,735][utils.training][INFO] - Testing Batch 301/1563: Current Batch Loss: 0.11172594875097275
[2024-11-15 09:08:30,735][utils.training][INFO] - Accuracy: 0.9478820598006644, Precision: 0.94783777957801, Recall: 0.9479459521722153, F1: 0.9477033777678378, roc_auc: 0.9710776603383314
[2024-11-15 09:08:31,105][utils.training][INFO] - Avg Batch Train / Test Loss: 0.4704909520670629 / 0.15479806264915977
[2024-11-15 09:08:31,105][utils.training][INFO] - -------- Epoch: 2/5 --------
[2024-11-15 09:08:31,111][utils.training][INFO] - Training the model ...
[2024-11-15 09:08:31,536][utils.training][INFO] - Training Batch 1/1563: Current Batch Loss: 0.09790991991758347
[2024-11-15 09:08:31,536][utils.training][INFO] - Accuracy: 0.96875, Precision: 0.975, Recall: 0.9833333333333334, F1: 0.9766233766233766, roc_auc: 0.9899425287356323
[2024-11-15 09:08:33,816][utils.training][INFO] - Training Batch 51/1563: Current Batch Loss: 0.28517574071884155
[2024-11-15 09:08:33,832][utils.training][INFO] - Accuracy: 0.9473039215686274, Precision: 0.9474357485163416, Recall: 0.9486097319811322, F1: 0.9479102162491561, roc_auc: 0.9713748232733359
[2024-11-15 09:08:36,114][utils.training][INFO] - Training Batch 101/1563: Current Batch Loss: 0.027565795928239822
[2024-11-15 09:08:36,115][utils.training][INFO] - Accuracy: 0.9498762376237624, Precision: 0.9504816467590633, Recall: 0.9507262931121065, F1: 0.9505845394036871, roc_auc: 0.9725725623987651
[2024-11-15 09:08:38,409][utils.training][INFO] - Training Batch 151/1563: Current Batch Loss: 0.21345782279968262
[2024-11-15 09:08:38,410][utils.training][INFO] - Accuracy: 0.9484685430463576, Precision: 0.9490434902262951, Recall: 0.9490031371012518, F1: 0.9490144957396426, roc_auc: 0.9716341086919046
[2024-11-15 09:08:40,718][utils.training][INFO] - Training Batch 201/1563: Current Batch Loss: 0.15191105008125305
[2024-11-15 09:08:40,718][utils.training][INFO] - Accuracy: 0.9480721393034826, Precision: 0.9484029118538313, Recall: 0.9482915965202725, F1: 0.9483326401120011, roc_auc: 0.9712581918925558
[2024-11-15 09:08:43,038][utils.training][INFO] - Training Batch 251/1563: Current Batch Loss: 0.027784857898950577
[2024-11-15 09:08:43,038][utils.training][INFO] - Accuracy: 0.9472111553784861, Precision: 0.9473839557476849, Recall: 0.9472762598524052, F1: 0.9473137022405936, roc_auc: 0.9707042107217199
[2024-11-15 09:08:45,353][utils.training][INFO] - Training Batch 301/1563: Current Batch Loss: 0.10613656789064407
[2024-11-15 09:08:45,353][utils.training][INFO] - Accuracy: 0.9477782392026578, Precision: 0.9480493102557268, Recall: 0.9478973254964528, F1: 0.9479595987731994, roc_auc: 0.9710456984116076
[2024-11-15 09:08:47,701][utils.training][INFO] - Training Batch 351/1563: Current Batch Loss: 0.10475818067789078
[2024-11-15 09:08:47,701][utils.training][INFO] - Accuracy: 0.9487179487179487, Precision: 0.9489684483172758, Recall: 0.9488565786409812, F1: 0.9488943205612118, roc_auc: 0.971577919148546
[2024-11-15 09:08:50,067][utils.training][INFO] - Training Batch 401/1563: Current Batch Loss: 0.1233086958527565
[2024-11-15 09:08:50,067][utils.training][INFO] - Accuracy: 0.9492674563591023, Precision: 0.9495245996998319, Recall: 0.9494291556663713, F1: 0.9494624518738878, roc_auc: 0.9718946747678553
[2024-11-15 09:08:52,445][utils.training][INFO] - Training Batch 451/1563: Current Batch Loss: 0.04447127506136894
[2024-11-15 09:08:52,445][utils.training][INFO] - Accuracy: 0.9499029933481153, Precision: 0.9501490935820952, Recall: 0.9500651577605241, F1: 0.9500991768573256, roc_auc: 0.9722479294468179
[2024-11-15 09:08:54,835][utils.training][INFO] - Training Batch 501/1563: Current Batch Loss: 0.11430200189352036
[2024-11-15 09:08:54,835][utils.training][INFO] - Accuracy: 0.9502245508982036, Precision: 0.9504644514460925, Recall: 0.9503597445063482, F1: 0.9503995350112138, roc_auc: 0.9724131987795899
[2024-11-15 09:08:57,243][utils.training][INFO] - Training Batch 551/1563: Current Batch Loss: 0.1313702017068863
[2024-11-15 09:08:57,246][utils.training][INFO] - Accuracy: 0.9501474591651543, Precision: 0.9503352740585396, Recall: 0.9502608346401002, F1: 0.9502825293579663, roc_auc: 0.9723597933845796
[2024-11-15 09:08:59,665][utils.training][INFO] - Training Batch 601/1563: Current Batch Loss: 0.19005578756332397
[2024-11-15 09:08:59,677][utils.training][INFO] - Accuracy: 0.9506551580698835, Precision: 0.9508847012342698, Recall: 0.9508201088422418, F1: 0.9508396212978214, roc_auc: 0.972667344941185
[2024-11-15 09:09:02,106][utils.training][INFO] - Training Batch 651/1563: Current Batch Loss: 0.04794413968920708
[2024-11-15 09:09:02,106][utils.training][INFO] - Accuracy: 0.9502208141321045, Precision: 0.9504304106567284, Recall: 0.9503733465965178, F1: 0.9503891868292742, roc_auc: 0.9724199774955592
[2024-11-15 09:09:04,552][utils.training][INFO] - Training Batch 701/1563: Current Batch Loss: 0.06753110885620117
[2024-11-15 09:09:04,552][utils.training][INFO] - Accuracy: 0.9504279600570613, Precision: 0.9506427523114743, Recall: 0.9505982212118237, F1: 0.9506057523714253, roc_auc: 0.9725438854433965
[2024-11-15 09:09:07,016][utils.training][INFO] - Training Batch 751/1563: Current Batch Loss: 0.23637081682682037
[2024-11-15 09:09:07,016][utils.training][INFO] - Accuracy: 0.9507323568575233, Precision: 0.950884521172204, Recall: 0.9508539772444982, F1: 0.9508562133280632, roc_auc: 0.9726890759951828
[2024-11-15 09:09:09,420][utils.training][INFO] - Training Batch 801/1563: Current Batch Loss: 0.13687311112880707
[2024-11-15 09:09:09,420][utils.training][INFO] - Accuracy: 0.9509987515605494, Precision: 0.9511699460166165, Recall: 0.9511302875607553, F1: 0.9511357331567695, roc_auc: 0.972841867112151
[2024-11-15 09:09:11,925][utils.training][INFO] - Training Batch 851/1563: Current Batch Loss: 0.1386551558971405
[2024-11-15 09:09:11,925][utils.training][INFO] - Accuracy: 0.951123678025852, Precision: 0.9512948290132968, Recall: 0.9512618127422318, F1: 0.9512662296625439, roc_auc: 0.9729144891079897
[2024-11-15 09:09:14,444][utils.training][INFO] - Training Batch 901/1563: Current Batch Loss: 0.08273061364889145
[2024-11-15 09:09:14,445][utils.training][INFO] - Accuracy: 0.9513734739178691, Precision: 0.9515642690529325, Recall: 0.9515453711640989, F1: 0.9515429891110759, roc_auc: 0.9730699613777931
[2024-11-15 09:09:16,966][utils.training][INFO] - Training Batch 951/1563: Current Batch Loss: 0.044004619121551514
[2024-11-15 09:09:16,967][utils.training][INFO] - Accuracy: 0.9515312828601472, Precision: 0.9516906423107481, Recall: 0.9516370103948235, F1: 0.9516516366103215, roc_auc: 0.9731248742396061
[2024-11-15 09:09:19,493][utils.training][INFO] - Training Batch 1001/1563: Current Batch Loss: 0.022288884967565536
[2024-11-15 09:09:19,493][utils.training][INFO] - Accuracy: 0.9514547952047953, Precision: 0.9515881344565708, Recall: 0.9515353966972595, F1: 0.951547591644607, roc_auc: 0.9730699841469574
[2024-11-15 09:09:22,038][utils.training][INFO] - Training Batch 1051/1563: Current Batch Loss: 0.01708049513399601
[2024-11-15 09:09:22,038][utils.training][INFO] - Accuracy: 0.951593720266413, Precision: 0.9517209104529789, Recall: 0.951677915772278, F1: 0.9516858364698013, roc_auc: 0.9731489988212616
[2024-11-15 09:09:24,595][utils.training][INFO] - Training Batch 1101/1563: Current Batch Loss: 0.0804595798254013
[2024-11-15 09:09:24,596][utils.training][INFO] - Accuracy: 0.9516064940962761, Precision: 0.9517343650695936, Recall: 0.9516955664593603, F1: 0.9517024640850782, roc_auc: 0.9731585556370146
[2024-11-15 09:09:27,192][utils.training][INFO] - Training Batch 1151/1563: Current Batch Loss: 0.18048329651355743
[2024-11-15 09:09:27,193][utils.training][INFO] - Accuracy: 0.9517267593397046, Precision: 0.9518417964768707, Recall: 0.9518072078217141, F1: 0.9518118696798356, roc_auc: 0.9732211214950415
[2024-11-15 09:09:29,789][utils.training][INFO] - Training Batch 1201/1563: Current Batch Loss: 0.08332739025354385
[2024-11-15 09:09:29,789][utils.training][INFO] - Accuracy: 0.9518890507910075, Precision: 0.9519979155154807, Recall: 0.9519668737876124, F1: 0.9519702752006349, roc_auc: 0.9733100119390571
[2024-11-15 09:09:32,424][utils.training][INFO] - Training Batch 1251/1563: Current Batch Loss: 0.16087526082992554
[2024-11-15 09:09:32,425][utils.training][INFO] - Accuracy: 0.9520883293365308, Precision: 0.9521757125769919, Recall: 0.9521395385770459, F1: 0.9521460132754207, roc_auc: 0.9734075950673946
[2024-11-15 09:09:35,050][utils.training][INFO] - Training Batch 1301/1563: Current Batch Loss: 0.20420615375041962
[2024-11-15 09:09:35,051][utils.training][INFO] - Accuracy: 0.9523203305149884, Precision: 0.9523784998176026, Recall: 0.9523482251215993, F1: 0.9523531205349307, roc_auc: 0.9735250100941861
[2024-11-15 09:09:37,684][utils.training][INFO] - Training Batch 1351/1563: Current Batch Loss: 0.20791450142860413
[2024-11-15 09:09:37,698][utils.training][INFO] - Accuracy: 0.9524195040710585, Precision: 0.9524490476659253, Recall: 0.952416695501973, F1: 0.9524232025202501, roc_auc: 0.9735649117936089
[2024-11-15 09:09:40,353][utils.training][INFO] - Training Batch 1401/1563: Current Batch Loss: 0.142190620303154
[2024-11-15 09:09:40,353][utils.training][INFO] - Accuracy: 0.9527569593147751, Precision: 0.9527734952322742, Recall: 0.9527474764972845, F1: 0.9527510334959599, roc_auc: 0.9737491314951552
[2024-11-15 09:09:43,036][utils.training][INFO] - Training Batch 1451/1563: Current Batch Loss: 0.042577628046274185
[2024-11-15 09:09:43,037][utils.training][INFO] - Accuracy: 0.9527265678842178, Precision: 0.9527595880226245, Recall: 0.9527450202099816, F1: 0.9527431815437272, roc_auc: 0.9737460611616344
[2024-11-15 09:09:45,704][utils.training][INFO] - Training Batch 1501/1563: Current Batch Loss: 0.15552648901939392
[2024-11-15 09:09:45,704][utils.training][INFO] - Accuracy: 0.9532395069953364, Precision: 0.9532593349805663, Recall: 0.9532422522068676, F1: 0.9532429715048352, roc_auc: 0.974023290727741
[2024-11-15 09:09:48,434][utils.training][INFO] - Training Batch 1551/1563: Current Batch Loss: 0.0594262033700943
[2024-11-15 09:09:48,434][utils.training][INFO] - Accuracy: 0.9531552224371374, Precision: 0.9531719211999006, Recall: 0.9531644348580637, F1: 0.9531615346149135, roc_auc: 0.9739796633129345
[2024-11-15 09:09:49,442][utils.training][INFO] - Testing the model ...
[2024-11-15 09:09:49,875][utils.training][INFO] - Testing Batch 1/1563: Current Batch Loss: 0.02360425516963005
[2024-11-15 09:09:49,875][utils.training][INFO] - Accuracy: 1.0, Precision: 1.0, Recall: 1.0, F1: 1.0, roc_auc: 1.0
[2024-11-15 09:09:50,859][utils.training][INFO] - Testing Batch 51/1563: Current Batch Loss: 0.02465178444981575
[2024-11-15 09:09:50,860][utils.training][INFO] - Accuracy: 0.96875, Precision: 0.9682748028053165, Recall: 0.9683582569410909, F1: 0.968219991827352, roc_auc: 0.9824460687764498
[2024-11-15 09:09:51,767][utils.training][INFO] - Testing Batch 101/1563: Current Batch Loss: 0.34186312556266785
[2024-11-15 09:09:51,767][utils.training][INFO] - Accuracy: 0.9641089108910891, Precision: 0.96402837087143, Recall: 0.964000540365473, F1: 0.963974423954199, roc_auc: 0.980006825487901
[2024-11-15 09:09:52,689][utils.training][INFO] - Testing Batch 151/1563: Current Batch Loss: 0.07443509995937347
[2024-11-15 09:09:52,689][utils.training][INFO] - Accuracy: 0.9644039735099338, Precision: 0.9642684580669293, Recall: 0.9643444242817575, F1: 0.9642682663216646, roc_auc: 0.9801955687341831
[2024-11-15 09:09:53,620][utils.training][INFO] - Testing Batch 201/1563: Current Batch Loss: 0.12086157500743866
[2024-11-15 09:09:53,620][utils.training][INFO] - Accuracy: 0.964863184079602, Precision: 0.9649562336573588, Recall: 0.9649292487763376, F1: 0.9649212213142743, roc_auc: 0.9805120376835275
[2024-11-15 09:09:54,565][utils.training][INFO] - Testing Batch 251/1563: Current Batch Loss: 0.13387255370616913
[2024-11-15 09:09:54,565][utils.training][INFO] - Accuracy: 0.9650149402390438, Precision: 0.9650865375313462, Recall: 0.9651333108018749, F1: 0.9650906671731064, roc_auc: 0.9806226614696296
[2024-11-15 09:09:55,521][utils.training][INFO] - Testing Batch 301/1563: Current Batch Loss: 0.05766785517334938
[2024-11-15 09:09:55,522][utils.training][INFO] - Accuracy: 0.9648048172757475, Precision: 0.9648456997670429, Recall: 0.9648226409421314, F1: 0.9648110848706978, roc_auc: 0.9804559287800145
[2024-11-15 09:09:55,856][utils.training][INFO] - Avg Batch Train / Test Loss: 0.13950470027109216 / 0.10979483950549897
[2024-11-15 09:09:55,856][utils.training][INFO] - -------- Epoch: 3/5 --------
[2024-11-15 09:09:55,862][utils.training][INFO] - Training the model ...
[2024-11-15 09:09:56,163][utils.training][INFO] - Training Batch 1/1563: Current Batch Loss: 0.07781989872455597
[2024-11-15 09:09:56,164][utils.training][INFO] - Accuracy: 1.0, Precision: 1.0, Recall: 1.0, F1: 1.0, roc_auc: nan
[2024-11-15 09:09:58,592][utils.training][INFO] - Training Batch 51/1563: Current Batch Loss: 0.06509208679199219
[2024-11-15 09:09:58,592][utils.training][INFO] - Accuracy: 0.9724264705882353, Precision: 0.9714009036099887, Recall: 0.9719484291044804, F1: 0.9715876349910972, roc_auc: 0.984448101234211
[2024-11-15 09:10:00,878][utils.training][INFO] - Training Batch 101/1563: Current Batch Loss: 0.03231938183307648
[2024-11-15 09:10:00,879][utils.training][INFO] - Accuracy: 0.9718440594059405, Precision: 0.9716308548202701, Recall: 0.9716782054189105, F1: 0.9716127678489933, roc_auc: 0.9842759762898838
[2024-11-15 09:10:03,180][utils.training][INFO] - Training Batch 151/1563: Current Batch Loss: 0.026682300493121147
[2024-11-15 09:10:03,192][utils.training][INFO] - Accuracy: 0.9751655629139073, Precision: 0.975051996021082, Recall: 0.9750808161871364, F1: 0.9750427459326764, roc_auc: 0.9861614767246596
[2024-11-15 09:10:05,505][utils.training][INFO] - Training Batch 201/1563: Current Batch Loss: 0.05175402760505676
[2024-11-15 09:10:05,505][utils.training][INFO] - Accuracy: 0.9754353233830846, Precision: 0.9752976738288341, Recall: 0.9753766799581982, F1: 0.9753213173018495, roc_auc: 0.9863244767218499
[2024-11-15 09:10:07,828][utils.training][INFO] - Training Batch 251/1563: Current Batch Loss: 0.1387539952993393
[2024-11-15 09:10:07,828][utils.training][INFO] - Accuracy: 0.9754731075697212, Precision: 0.9752540964321845, Recall: 0.9753432331686176, F1: 0.9752871128463825, roc_auc: 0.9863102703446677
[2024-11-15 09:10:10,165][utils.training][INFO] - Training Batch 301/1563: Current Batch Loss: 0.04481268674135208
[2024-11-15 09:10:10,166][utils.training][INFO] - Accuracy: 0.9753945182724253, Precision: 0.975188827144963, Recall: 0.975259079812054, F1: 0.975210662220352, roc_auc: 0.986263698080062
[2024-11-15 09:10:12,522][utils.training][INFO] - Training Batch 351/1563: Current Batch Loss: 0.034234125167131424
[2024-11-15 09:10:12,522][utils.training][INFO] - Accuracy: 0.9749821937321937, Precision: 0.9747898189965957, Recall: 0.9748340521455093, F1: 0.974807781482462, roc_auc: 0.9860281682255779
[2024-11-15 09:10:14,894][utils.training][INFO] - Training Batch 401/1563: Current Batch Loss: 0.06810768693685532
[2024-11-15 09:10:14,895][utils.training][INFO] - Accuracy: 0.9754519950124688, Precision: 0.97530943962876, Recall: 0.9753257216276362, F1: 0.975314924758721, roc_auc: 0.9862998088795845
[2024-11-15 09:10:17,270][utils.training][INFO] - Training Batch 451/1563: Current Batch Loss: 0.04463062807917595
[2024-11-15 09:10:17,270][utils.training][INFO] - Accuracy: 0.9754018847006651, Precision: 0.9752585312352977, Recall: 0.9753012338739564, F1: 0.9752746941099696, roc_auc: 0.9862848144399173
[2024-11-15 09:10:19,661][utils.training][INFO] - Training Batch 501/1563: Current Batch Loss: 0.09759776294231415
[2024-11-15 09:10:19,662][utils.training][INFO] - Accuracy: 0.9755489021956087, Precision: 0.9754180849328211, Recall: 0.9754554305047785, F1: 0.9754326168448383, roc_auc: 0.9863699794190621
[2024-11-15 09:10:22,070][utils.training][INFO] - Training Batch 551/1563: Current Batch Loss: 0.009834729135036469
[2024-11-15 09:10:22,070][utils.training][INFO] - Accuracy: 0.9757826678765881, Precision: 0.9756608837079586, Recall: 0.975689149605054, F1: 0.9756721333719284, roc_auc: 0.9864997945209494
[2024-11-15 09:10:24,490][utils.training][INFO] - Training Batch 601/1563: Current Batch Loss: 0.19046294689178467
[2024-11-15 09:10:24,503][utils.training][INFO] - Accuracy: 0.975821547420965, Precision: 0.9757076888463876, Recall: 0.9757377788780881, F1: 0.9757189727632147, roc_auc: 0.9865262703927298
[2024-11-15 09:10:26,941][utils.training][INFO] - Training Batch 651/1563: Current Batch Loss: 0.06162336468696594
[2024-11-15 09:10:26,946][utils.training][INFO] - Accuracy: 0.9755664362519201, Precision: 0.9754542864317249, Recall: 0.9754880977584769, F1: 0.9754677244359463, roc_auc: 0.9863872486640932
[2024-11-15 09:10:29,391][utils.training][INFO] - Training Batch 701/1563: Current Batch Loss: 0.07017290592193604
[2024-11-15 09:10:29,392][utils.training][INFO] - Accuracy: 0.9757489300998573, Precision: 0.9756601935347643, Recall: 0.9756905173244117, F1: 0.9756719739880426, roc_auc: 0.9864984598804736
[2024-11-15 09:10:31,872][utils.training][INFO] - Training Batch 751/1563: Current Batch Loss: 0.09953416883945465
[2024-11-15 09:10:31,872][utils.training][INFO] - Accuracy: 0.9754910119840213, Precision: 0.9754174185175197, Recall: 0.9754442259668057, F1: 0.9754273458506815, roc_auc: 0.9863609069098732
[2024-11-15 09:10:34,358][utils.training][INFO] - Training Batch 801/1563: Current Batch Loss: 0.013880237005650997
[2024-11-15 09:10:34,358][utils.training][INFO] - Accuracy: 0.9755383895131086, Precision: 0.9754723286985107, Recall: 0.9754918753756121, F1: 0.9754784857595828, roc_auc: 0.9863873764065136
[2024-11-15 09:10:36,854][utils.training][INFO] - Training Batch 851/1563: Current Batch Loss: 0.10816376656293869
[2024-11-15 09:10:36,854][utils.training][INFO] - Accuracy: 0.9756903642773208, Precision: 0.9756288368628706, Recall: 0.9756483885684775, F1: 0.9756356934655865, roc_auc: 0.9864740105148476
[2024-11-15 09:10:39,377][utils.training][INFO] - Training Batch 901/1563: Current Batch Loss: 0.08914756774902344
[2024-11-15 09:10:39,377][utils.training][INFO] - Accuracy: 0.9755133185349611, Precision: 0.9754786175117033, Recall: 0.9754906482750979, F1: 0.9754824533485538, roc_auc: 0.9863851262064343
[2024-11-15 09:10:41,893][utils.training][INFO] - Training Batch 951/1563: Current Batch Loss: 0.06420746445655823
[2024-11-15 09:10:41,893][utils.training][INFO] - Accuracy: 0.97568349106204, Precision: 0.9756591184270306, Recall: 0.9756726320444727, F1: 0.9756635810081737, roc_auc: 0.9864855247855473
[2024-11-15 09:10:44,427][utils.training][INFO] - Training Batch 1001/1563: Current Batch Loss: 0.10917980223894119
[2024-11-15 09:10:44,427][utils.training][INFO] - Accuracy: 0.9759615384615384, Precision: 0.9759324715797801, Recall: 0.9759516135833692, F1: 0.9759398834619251, roc_auc: 0.9866404737067327
[2024-11-15 09:10:46,995][utils.training][INFO] - Training Batch 1051/1563: Current Batch Loss: 0.03723098710179329
[2024-11-15 09:10:46,995][utils.training][INFO] - Accuracy: 0.9760941960038059, Precision: 0.9760682868213288, Recall: 0.9760834310205665, F1: 0.976073466530923, roc_auc: 0.9867137594668369
[2024-11-15 09:10:49,570][utils.training][INFO] - Training Batch 1101/1563: Current Batch Loss: 0.03422309830784798
[2024-11-15 09:10:49,570][utils.training][INFO] - Accuracy: 0.9764134877384196, Precision: 0.976397464238385, Recall: 0.9764005739964541, F1: 0.9763969694745656, roc_auc: 0.9868900257279035
[2024-11-15 09:10:52,156][utils.training][INFO] - Training Batch 1151/1563: Current Batch Loss: 0.01055117603391409
[2024-11-15 09:10:52,156][utils.training][INFO] - Accuracy: 0.9762977845351868, Precision: 0.9762889599514836, Recall: 0.9762895557619906, F1: 0.9762871834930005, roc_auc: 0.9868280589903564
[2024-11-15 09:10:54,773][utils.training][INFO] - Training Batch 1201/1563: Current Batch Loss: 0.15185926854610443
[2024-11-15 09:10:54,774][utils.training][INFO] - Accuracy: 0.9762957951706911, Precision: 0.976282824317314, Recall: 0.9762854913731452, F1: 0.9762818149068817, roc_auc: 0.9868259466302703
[2024-11-15 09:10:57,391][utils.training][INFO] - Training Batch 1251/1563: Current Batch Loss: 0.264331579208374
[2024-11-15 09:10:57,391][utils.training][INFO] - Accuracy: 0.9762190247801759, Precision: 0.9762118232363193, Recall: 0.976217585746269, F1: 0.9762127699246663, roc_auc: 0.9867876881537972
[2024-11-15 09:11:00,028][utils.training][INFO] - Training Batch 1301/1563: Current Batch Loss: 0.01657482422888279
[2024-11-15 09:11:00,028][utils.training][INFO] - Accuracy: 0.9763883551114527, Precision: 0.9763872736778305, Recall: 0.9763891479772402, F1: 0.9763863333931806, roc_auc: 0.9868828456895076
[2024-11-15 09:11:02,672][utils.training][INFO] - Training Batch 1351/1563: Current Batch Loss: 0.05623849481344223
[2024-11-15 09:11:02,672][utils.training][INFO] - Accuracy: 0.9764294966691339, Precision: 0.9764229690307223, Recall: 0.9764266761373411, F1: 0.9764229077488485, roc_auc: 0.9869039267717696
[2024-11-15 09:11:05,315][utils.training][INFO] - Training Batch 1401/1563: Current Batch Loss: 0.062446318566799164
[2024-11-15 09:11:05,315][utils.training][INFO] - Accuracy: 0.9763338686652391, Precision: 0.9763240987395376, Recall: 0.9763241765802502, F1: 0.9763221836343338, roc_auc: 0.9868473885251163
[2024-11-15 09:11:08,007][utils.training][INFO] - Training Batch 1451/1563: Current Batch Loss: 0.016243955120444298
[2024-11-15 09:11:08,007][utils.training][INFO] - Accuracy: 0.9763525155065472, Precision: 0.9763400995416085, Recall: 0.9763402477166503, F1: 0.9763385426950754, roc_auc: 0.9868564679975653
[2024-11-15 09:11:10,676][utils.training][INFO] - Training Batch 1501/1563: Current Batch Loss: 0.06368974596261978
[2024-11-15 09:11:10,676][utils.training][INFO] - Accuracy: 0.9763491005996002, Precision: 0.976350132577229, Recall: 0.9763478654182158, F1: 0.9763469073709492, roc_auc: 0.9868600130168368
[2024-11-15 09:11:13,386][utils.training][INFO] - Training Batch 1551/1563: Current Batch Loss: 0.10950037091970444
[2024-11-15 09:11:13,386][utils.training][INFO] - Accuracy: 0.9760033849129593, Precision: 0.9760079173281797, Recall: 0.9760026687850344, F1: 0.9760032208266679, roc_auc: 0.9866682056309303
[2024-11-15 09:11:14,402][utils.training][INFO] - Testing the model ...
[2024-11-15 09:11:14,710][utils.training][INFO] - Testing Batch 1/1563: Current Batch Loss: 0.010301833041012287
[2024-11-15 09:11:14,710][utils.training][INFO] - Accuracy: 1.0, Precision: 1.0, Recall: 1.0, F1: 1.0, roc_auc: 1.0
[2024-11-15 09:11:15,815][utils.training][INFO] - Testing Batch 51/1563: Current Batch Loss: 0.009982945397496223
[2024-11-15 09:11:15,815][utils.training][INFO] - Accuracy: 0.9724264705882353, Precision: 0.9721808475559278, Recall: 0.9718714399908606, F1: 0.9719873470527036, roc_auc: 0.9844043158781343
[2024-11-15 09:11:16,716][utils.training][INFO] - Testing Batch 101/1563: Current Batch Loss: 0.20749492943286896
[2024-11-15 09:11:16,716][utils.training][INFO] - Accuracy: 0.9681311881188119, Precision: 0.9680373265543348, Recall: 0.9679133414463589, F1: 0.967917202929305, roc_auc: 0.982186484940516
[2024-11-15 09:11:17,628][utils.training][INFO] - Testing Batch 151/1563: Current Batch Loss: 0.039254214614629745
[2024-11-15 09:11:17,628][utils.training][INFO] - Accuracy: 0.9668874172185431, Precision: 0.9667695839646647, Recall: 0.9667259917880422, F1: 0.9666863937341084, roc_auc: 0.9815238544516249
[2024-11-15 09:11:18,553][utils.training][INFO] - Testing Batch 201/1563: Current Batch Loss: 0.12969984114170074
[2024-11-15 09:11:18,553][utils.training][INFO] - Accuracy: 0.9642412935323383, Precision: 0.9642822598375963, Recall: 0.9643692793668741, F1: 0.9642291718908295, roc_auc: 0.9801979296988736
[2024-11-15 09:11:19,490][utils.training][INFO] - Testing Batch 251/1563: Current Batch Loss: 0.09532418102025986
[2024-11-15 09:11:19,491][utils.training][INFO] - Accuracy: 0.9632719123505976, Precision: 0.9633150852443488, Recall: 0.9634494258802917, F1: 0.9632946488167897, roc_auc: 0.9796842102453835
[2024-11-15 09:11:20,443][utils.training][INFO] - Testing Batch 301/1563: Current Batch Loss: 0.027147769927978516
[2024-11-15 09:11:20,443][utils.training][INFO] - Accuracy: 0.964078073089701, Precision: 0.9641331270993032, Recall: 0.9640838408880175, F1: 0.9640286865338901, roc_auc: 0.9800460831296922
[2024-11-15 09:11:20,787][utils.training][INFO] - Avg Batch Train / Test Loss: 0.07405491708234127 / 0.10495003055894193
[2024-11-15 09:11:20,788][utils.training][INFO] - -------- Epoch: 4/5 --------
[2024-11-15 09:11:20,794][utils.training][INFO] - Training the model ...
[2024-11-15 09:11:21,212][utils.training][INFO] - Training Batch 1/1563: Current Batch Loss: 0.038132794201374054
[2024-11-15 09:11:21,212][utils.training][INFO] - Accuracy: 1.0, Precision: 1.0, Recall: 1.0, F1: 1.0, roc_auc: nan
[2024-11-15 09:11:23,492][utils.training][INFO] - Training Batch 51/1563: Current Batch Loss: 0.19774755835533142
[2024-11-15 09:11:23,503][utils.training][INFO] - Accuracy: 0.9865196078431373, Precision: 0.9862592784400622, Recall: 0.9862771345644361, F1: 0.9862219708032066, roc_auc: 0.9923910661958658
[2024-11-15 09:11:25,793][utils.training][INFO] - Training Batch 101/1563: Current Batch Loss: 0.09160836786031723
[2024-11-15 09:11:25,793][utils.training][INFO] - Accuracy: 0.9873143564356436, Precision: 0.987333378611839, Recall: 0.9874802929771823, F1: 0.9873945045273598, roc_auc: 0.9930350875962652
[2024-11-15 09:11:28,099][utils.training][INFO] - Training Batch 151/1563: Current Batch Loss: 0.02335887961089611
[2024-11-15 09:11:28,099][utils.training][INFO] - Accuracy: 0.988203642384106, Precision: 0.9882265491380103, Recall: 0.9882457054018848, F1: 0.98822977363418, roc_auc: 0.9934672695763538
[2024-11-15 09:11:30,416][utils.training][INFO] - Training Batch 201/1563: Current Batch Loss: 0.02323262207210064
[2024-11-15 09:11:30,416][utils.training][INFO] - Accuracy: 0.9881840796019901, Precision: 0.9882235368734087, Recall: 0.9881821698831079, F1: 0.9881997197053431, roc_auc: 0.9934342879118215
[2024-11-15 09:11:32,742][utils.training][INFO] - Training Batch 251/1563: Current Batch Loss: 0.013535668142139912
[2024-11-15 09:11:32,742][utils.training][INFO] - Accuracy: 0.9875498007968128, Precision: 0.9875700047964628, Recall: 0.9875192833969327, F1: 0.9875373685559998, roc_auc: 0.9930677752450252
[2024-11-15 09:11:35,089][utils.training][INFO] - Training Batch 301/1563: Current Batch Loss: 0.026861606165766716
[2024-11-15 09:11:35,089][utils.training][INFO] - Accuracy: 0.9871262458471761, Precision: 0.9871359979322737, Recall: 0.987142496849113, F1: 0.9871326920197179, roc_auc: 0.9928559643213759
[2024-11-15 09:11:37,444][utils.training][INFO] - Training Batch 351/1563: Current Batch Loss: 0.06274260580539703
[2024-11-15 09:11:37,444][utils.training][INFO] - Accuracy: 0.9871794871794872, Precision: 0.9871659234512891, Recall: 0.9871850772282746, F1: 0.9871710120760662, roc_auc: 0.9928803314983726
[2024-11-15 09:11:39,813][utils.training][INFO] - Training Batch 401/1563: Current Batch Loss: 0.028346244245767593
[2024-11-15 09:11:39,813][utils.training][INFO] - Accuracy: 0.9874532418952618, Precision: 0.9874682846426761, Recall: 0.9874771161186207, F1: 0.9874705536849655, roc_auc: 0.9930413624175223
[2024-11-15 09:11:42,199][utils.training][INFO] - Training Batch 451/1563: Current Batch Loss: 0.028435586020350456
[2024-11-15 09:11:42,199][utils.training][INFO] - Accuracy: 0.987319844789357, Precision: 0.9873430028159479, Recall: 0.9873377427206034, F1: 0.9873378978578569, roc_auc: 0.9929642432274843
[2024-11-15 09:11:44,611][utils.training][INFO] - Training Batch 501/1563: Current Batch Loss: 0.14191050827503204
[2024-11-15 09:11:44,611][utils.training][INFO] - Accuracy: 0.9870259481037924, Precision: 0.9870248149986882, Recall: 0.9870328838598503, F1: 0.9870250166811353, roc_auc: 0.9927956690906348
[2024-11-15 09:11:47,033][utils.training][INFO] - Training Batch 551/1563: Current Batch Loss: 0.11746755242347717
[2024-11-15 09:11:47,033][utils.training][INFO] - Accuracy: 0.98633166969147, Precision: 0.9863289826040486, Recall: 0.9863325850606675, F1: 0.9863282122825341, roc_auc: 0.9924069458982974
[2024-11-15 09:11:49,418][utils.training][INFO] - Training Batch 601/1563: Current Batch Loss: 0.003154259640723467
[2024-11-15 09:11:49,418][utils.training][INFO] - Accuracy: 0.9863768718801996, Precision: 0.9863814908702551, Recall: 0.9863799871676961, F1: 0.9863782342778583, roc_auc: 0.992433107923052
[2024-11-15 09:11:51,864][utils.training][INFO] - Training Batch 651/1563: Current Batch Loss: 0.018513662740588188
[2024-11-15 09:11:51,864][utils.training][INFO] - Accuracy: 0.986847158218126, Precision: 0.9868538750359633, Recall: 0.9868493523524038, F1: 0.9868492600025105, roc_auc: 0.9926939048193603
[2024-11-15 09:11:54,324][utils.training][INFO] - Training Batch 701/1563: Current Batch Loss: 0.0874607041478157
[2024-11-15 09:11:54,346][utils.training][INFO] - Accuracy: 0.9867599857346647, Precision: 0.9867699788293238, Recall: 0.9867730693837806, F1: 0.9867691712467774, roc_auc: 0.9926508955675886
[2024-11-15 09:11:56,828][utils.training][INFO] - Training Batch 751/1563: Current Batch Loss: 0.024936523288488388
[2024-11-15 09:11:56,828][utils.training][INFO] - Accuracy: 0.9867676431424767, Precision: 0.98676467909481, Recall: 0.9867622402046499, F1: 0.9867614088805073, roc_auc: 0.9926459909704504
[2024-11-15 09:11:59,317][utils.training][INFO] - Training Batch 801/1563: Current Batch Loss: 0.02752457559108734
[2024-11-15 09:11:59,317][utils.training][INFO] - Accuracy: 0.9865402621722846, Precision: 0.9865416450281289, Recall: 0.9865394896638803, F1: 0.9865382223084236, roc_auc: 0.9925219553416623
[2024-11-15 09:12:01,819][utils.training][INFO] - Training Batch 851/1563: Current Batch Loss: 0.005490776151418686
[2024-11-15 09:12:01,819][utils.training][INFO] - Accuracy: 0.9868537015276145, Precision: 0.9868588157459792, Recall: 0.9868556580969379, F1: 0.9868552280095937, roc_auc: 0.9926974325943092
[2024-11-15 09:12:04,342][utils.training][INFO] - Training Batch 901/1563: Current Batch Loss: 0.0038614803925156593
[2024-11-15 09:12:04,342][utils.training][INFO] - Accuracy: 0.9871323529411765, Precision: 0.9871339459055963, Recall: 0.9871258098076472, F1: 0.9871280139214601, roc_auc: 0.992848011290215
[2024-11-15 09:12:06,872][utils.training][INFO] - Training Batch 951/1563: Current Batch Loss: 0.036244988441467285
[2024-11-15 09:12:06,872][utils.training][INFO] - Accuracy: 0.9872502628811777, Precision: 0.9872555843847781, Recall: 0.9872505845463355, F1: 0.9872517250938522, roc_auc: 0.9929169215192895
[2024-11-15 09:12:09,419][utils.training][INFO] - Training Batch 1001/1563: Current Batch Loss: 0.032040346413850784
[2024-11-15 09:12:09,420][utils.training][INFO] - Accuracy: 0.9872939560439561, Precision: 0.9873008844975981, Recall: 0.9872952289416294, F1: 0.9872968553348933, roc_auc: 0.9929416659074372
[2024-11-15 09:12:12,002][utils.training][INFO] - Training Batch 1051/1563: Current Batch Loss: 0.07092944532632828
[2024-11-15 09:12:12,003][utils.training][INFO] - Accuracy: 0.9871253568030447, Precision: 0.987131750661421, Recall: 0.9871279021907741, F1: 0.9871281670994181, roc_auc: 0.9928486408841852
[2024-11-15 09:12:14,585][utils.training][INFO] - Training Batch 1101/1563: Current Batch Loss: 0.07088501751422882
[2024-11-15 09:12:14,585][utils.training][INFO] - Accuracy: 0.9870004541326067, Precision: 0.9870083713488201, Recall: 0.9870071003475817, F1: 0.9870060442951323, roc_auc: 0.9927812838666107
[2024-11-15 09:12:17,179][utils.training][INFO] - Training Batch 1151/1563: Current Batch Loss: 0.02156602405011654
[2024-11-15 09:12:17,179][utils.training][INFO] - Accuracy: 0.9870764552562988, Precision: 0.9870819736626674, Recall: 0.9870772321620989, F1: 0.9870780550736864, roc_auc: 0.9928205989281631
[2024-11-15 09:12:19,805][utils.training][INFO] - Training Batch 1201/1563: Current Batch Loss: 0.07459452748298645
[2024-11-15 09:12:19,805][utils.training][INFO] - Accuracy: 0.9870680682764363, Precision: 0.9870766253676029, Recall: 0.9870727431429417, F1: 0.9870734751790307, roc_auc: 0.9928178636020719
[2024-11-15 09:12:22,429][utils.training][INFO] - Training Batch 1251/1563: Current Batch Loss: 0.023653393611311913
[2024-11-15 09:12:22,430][utils.training][INFO] - Accuracy: 0.9869854116706634, Precision: 0.9869921339620221, Recall: 0.9869906926483498, F1: 0.9869899623930587, roc_auc: 0.9927722603729892
[2024-11-15 09:12:25,075][utils.training][INFO] - Training Batch 1301/1563: Current Batch Loss: 0.11424575001001358
[2024-11-15 09:12:25,083][utils.training][INFO] - Accuracy: 0.9869571483474251, Precision: 0.9869602606263481, Recall: 0.9869589379265916, F1: 0.986958095181986, roc_auc: 0.9927548349487635
[2024-11-15 09:12:27,772][utils.training][INFO] - Training Batch 1351/1563: Current Batch Loss: 0.029430927708745003
[2024-11-15 09:12:27,772][utils.training][INFO] - Accuracy: 0.987000370096225, Precision: 0.9870021742543569, Recall: 0.9870035815082792, F1: 0.9870015878884304, roc_auc: 0.992779571912056
[2024-11-15 09:12:30,427][utils.training][INFO] - Training Batch 1401/1563: Current Batch Loss: 0.0056565552949905396
[2024-11-15 09:12:30,428][utils.training][INFO] - Accuracy: 0.98677284082798, Precision: 0.9867756767325936, Recall: 0.9867735872947863, F1: 0.9867735936849078, roc_auc: 0.9926519318924006
[2024-11-15 09:12:33,094][utils.training][INFO] - Training Batch 1451/1563: Current Batch Loss: 0.023108717054128647
[2024-11-15 09:12:33,094][utils.training][INFO] - Accuracy: 0.9869271192281185, Precision: 0.9869318863382006, Recall: 0.9869276213019754, F1: 0.9869286801132464, roc_auc: 0.9927375142021075
[2024-11-15 09:12:35,771][utils.training][INFO] - Training Batch 1501/1563: Current Batch Loss: 0.0029892046004533768
[2024-11-15 09:12:35,771][utils.training][INFO] - Accuracy: 0.9870294803464357, Precision: 0.987030091158184, Recall: 0.9870271288514294, F1: 0.9870275646644266, roc_auc: 0.9927929829095488
[2024-11-15 09:12:38,476][utils.training][INFO] - Training Batch 1551/1563: Current Batch Loss: 0.12143371254205704
[2024-11-15 09:12:38,476][utils.training][INFO] - Accuracy: 0.9870849451966474, Precision: 0.9870836045252434, Recall: 0.9870824996665293, F1: 0.9870821304642492, roc_auc: 0.992823763198116
[2024-11-15 09:12:39,482][utils.training][INFO] - Testing the model ...
[2024-11-15 09:12:39,890][utils.training][INFO] - Testing Batch 1/1563: Current Batch Loss: 0.004585071001201868
[2024-11-15 09:12:39,891][utils.training][INFO] - Accuracy: 1.0, Precision: 1.0, Recall: 1.0, F1: 1.0, roc_auc: 1.0
[2024-11-15 09:12:40,794][utils.training][INFO] - Testing Batch 51/1563: Current Batch Loss: 0.010185892693698406
[2024-11-15 09:12:40,794][utils.training][INFO] - Accuracy: 0.9705882352941176, Precision: 0.9700340633626892, Recall: 0.9705907822007852, F1: 0.9698958102719961, roc_auc: 0.9836690721974408
[2024-11-15 09:12:41,692][utils.training][INFO] - Testing Batch 101/1563: Current Batch Loss: 0.25063061714172363
[2024-11-15 09:12:41,692][utils.training][INFO] - Accuracy: 0.9675123762376238, Precision: 0.9676903973779272, Recall: 0.9674286647184612, F1: 0.9672701518924178, roc_auc: 0.9819105296556824
[2024-11-15 09:12:42,602][utils.training][INFO] - Testing Batch 151/1563: Current Batch Loss: 0.01780800148844719
[2024-11-15 09:12:42,602][utils.training][INFO] - Accuracy: 0.96875, Precision: 0.9687490181558468, Recall: 0.9686926909616256, F1: 0.9685252981371445, roc_auc: 0.9826112978234589
[2024-11-15 09:12:43,530][utils.training][INFO] - Testing Batch 201/1563: Current Batch Loss: 0.06335622817277908
[2024-11-15 09:12:43,530][utils.training][INFO] - Accuracy: 0.9676616915422885, Precision: 0.9677598559566383, Recall: 0.9677350355376353, F1: 0.9676399344872367, roc_auc: 0.9820705554525194
[2024-11-15 09:12:44,472][utils.training][INFO] - Testing Batch 251/1563: Current Batch Loss: 0.14772236347198486
[2024-11-15 09:12:44,472][utils.training][INFO] - Accuracy: 0.9676294820717132, Precision: 0.9677291805662159, Recall: 0.9677419323305158, F1: 0.9676124665583471, roc_auc: 0.9820721552090121
[2024-11-15 09:12:45,428][utils.training][INFO] - Testing Batch 301/1563: Current Batch Loss: 0.025959739461541176
[2024-11-15 09:12:45,428][utils.training][INFO] - Accuracy: 0.9686461794019934, Precision: 0.968680440041512, Recall: 0.968675529699644, F1: 0.9685667376605689, roc_auc: 0.982595833938879
[2024-11-15 09:12:45,780][utils.training][INFO] - Avg Batch Train / Test Loss: 0.042174224690848486 / 0.09793988956412235
[2024-11-15 09:12:45,790][utils.training][INFO] - -------- Epoch: 5/5 --------
[2024-11-15 09:12:45,796][utils.training][INFO] - Training the model ...
[2024-11-15 09:12:46,224][utils.training][INFO] - Training Batch 1/1563: Current Batch Loss: 0.062163904309272766
[2024-11-15 09:12:46,225][utils.training][INFO] - Accuracy: 0.96875, Precision: 0.9800000000000001, Recall: 0.9857142857142858, F1: 0.9811965811965813, roc_auc: 0.9910714285714286
[2024-11-15 09:12:48,569][utils.training][INFO] - Training Batch 51/1563: Current Batch Loss: 0.016570011153817177
[2024-11-15 09:12:48,572][utils.training][INFO] - Accuracy: 0.9975490196078431, Precision: 0.9975067030889964, Recall: 0.9975953792369661, F1: 0.9975473274388877, roc_auc: 0.9986617424661948
[2024-11-15 09:12:50,865][utils.training][INFO] - Training Batch 101/1563: Current Batch Loss: 0.002964077051728964
[2024-11-15 09:12:50,865][utils.training][INFO] - Accuracy: 0.9953589108910891, Precision: 0.9953628899474962, Recall: 0.9952981204530932, F1: 0.9953248175965774, roc_auc: 0.9973911965868982
[2024-11-15 09:12:53,172][utils.training][INFO] - Training Batch 151/1563: Current Batch Loss: 0.017888490110635757
[2024-11-15 09:12:53,172][utils.training][INFO] - Accuracy: 0.9954470198675497, Precision: 0.9954652463606729, Recall: 0.9954312781381519, F1: 0.9954439526853578, roc_auc: 0.9974625714079449
[2024-11-15 09:12:55,490][utils.training][INFO] - Training Batch 201/1563: Current Batch Loss: 0.011945289559662342
[2024-11-15 09:12:55,490][utils.training][INFO] - Accuracy: 0.9948694029850746, Precision: 0.99488501573333, Recall: 0.9948629425380172, F1: 0.9948716536721293, roc_auc: 0.9971463396327633
[2024-11-15 09:12:57,821][utils.training][INFO] - Training Batch 251/1563: Current Batch Loss: 0.011394587345421314
[2024-11-15 09:12:57,822][utils.training][INFO] - Accuracy: 0.9947709163346613, Precision: 0.994789446379289, Recall: 0.9947747698131586, F1: 0.9947804026253284, roc_auc: 0.9970967784486403
[2024-11-15 09:13:00,172][utils.training][INFO] - Training Batch 301/1563: Current Batch Loss: 0.015808748081326485
[2024-11-15 09:13:00,172][utils.training][INFO] - Accuracy: 0.9941860465116279, Precision: 0.9941915711927883, Recall: 0.9941936095032909, F1: 0.9941912163573653, roc_auc: 0.9967737710384232
[2024-11-15 09:13:02,532][utils.training][INFO] - Training Batch 351/1563: Current Batch Loss: 0.021710645407438278
[2024-11-15 09:13:02,532][utils.training][INFO] - Accuracy: 0.9935897435897436, Precision: 0.9935864909290523, Recall: 0.9935963765597655, F1: 0.9935899595241544, roc_auc: 0.9964420739051219
[2024-11-15 09:13:04,872][utils.training][INFO] - Training Batch 401/1563: Current Batch Loss: 0.017940541729331017
[2024-11-15 09:13:04,872][utils.training][INFO] - Accuracy: 0.9930642144638404, Precision: 0.9930645650579594, Recall: 0.9930654229115703, F1: 0.9930642711111229, roc_auc: 0.9961473813034954
[2024-11-15 09:13:07,269][utils.training][INFO] - Training Batch 451/1563: Current Batch Loss: 0.031449418514966965
[2024-11-15 09:13:07,269][utils.training][INFO] - Accuracy: 0.9928630820399114, Precision: 0.9928703348486637, Recall: 0.9928627469284462, F1: 0.9928660921716764, roc_auc: 0.9960348229991443
[2024-11-15 09:13:09,675][utils.training][INFO] - Training Batch 501/1563: Current Batch Loss: 0.07086672633886337
[2024-11-15 09:13:09,676][utils.training][INFO] - Accuracy: 0.9928268463073853, Precision: 0.9928305841489774, Recall: 0.9928333637206077, F1: 0.99283143683885, roc_auc: 0.9960181388107386
[2024-11-15 09:13:12,100][utils.training][INFO] - Training Batch 551/1563: Current Batch Loss: 0.01847313717007637
[2024-11-15 09:13:12,100][utils.training][INFO] - Accuracy: 0.9926270417422868, Precision: 0.9926333218312712, Recall: 0.9926270141228398, F1: 0.9926296415436795, roc_auc: 0.9959038477916661
[2024-11-15 09:13:14,528][utils.training][INFO] - Training Batch 601/1563: Current Batch Loss: 0.005062623415142298
[2024-11-15 09:13:14,528][utils.training][INFO] - Accuracy: 0.992720465890183, Precision: 0.9927270285446393, Recall: 0.992717362745325, F1: 0.9927215374034688, roc_auc: 0.9959542089009924
[2024-11-15 09:13:16,990][utils.training][INFO] - Training Batch 651/1563: Current Batch Loss: 0.010450774803757668
[2024-11-15 09:13:16,991][utils.training][INFO] - Accuracy: 0.9929915514592934, Precision: 0.9929929369331136, Recall: 0.9929865011963465, F1: 0.992989248636156, roc_auc: 0.9961038747308171
[2024-11-15 09:13:19,452][utils.training][INFO] - Training Batch 701/1563: Current Batch Loss: 0.03536481782793999
[2024-11-15 09:13:19,452][utils.training][INFO] - Accuracy: 0.9927335948644793, Precision: 0.9927424581252682, Recall: 0.992738929733893, F1: 0.992740070303981, roc_auc: 0.9959657156400048
[2024-11-15 09:13:21,931][utils.training][INFO] - Training Batch 751/1563: Current Batch Loss: 0.010633098892867565
[2024-11-15 09:13:21,932][utils.training][INFO] - Accuracy: 0.9929260985352862, Precision: 0.9929365891706403, Recall: 0.9929337470861134, F1: 0.9929343912492454, roc_auc: 0.996073813484333
[2024-11-15 09:13:24,414][utils.training][INFO] - Training Batch 801/1563: Current Batch Loss: 0.021749207749962807
[2024-11-15 09:13:24,414][utils.training][INFO] - Accuracy: 0.9927824594257179, Precision: 0.9927922534790046, Recall: 0.9927890079750623, F1: 0.9927896790939027, roc_auc: 0.9959934729920666
[2024-11-15 09:13:26,915][utils.training][INFO] - Training Batch 851/1563: Current Batch Loss: 0.02673528902232647
[2024-11-15 09:13:26,916][utils.training][INFO] - Accuracy: 0.9926924206815512, Precision: 0.9926992007207398, Recall: 0.9926948188077154, F1: 0.992696361260734, roc_auc: 0.9959413917427338
[2024-11-15 09:13:29,442][utils.training][INFO] - Training Batch 901/1563: Current Batch Loss: 0.020038239657878876
[2024-11-15 09:13:29,442][utils.training][INFO] - Accuracy: 0.9926470588235294, Precision: 0.9926582933765339, Recall: 0.9926502268160521, F1: 0.9926534931875107, roc_auc: 0.9959165508680348
[2024-11-15 09:13:31,977][utils.training][INFO] - Training Batch 951/1563: Current Batch Loss: 0.004980622790753841
[2024-11-15 09:13:31,977][utils.training][INFO] - Accuracy: 0.9927379074658255, Precision: 0.9927485644408913, Recall: 0.9927408716708781, F1: 0.99274408192395, roc_auc: 0.9959669224855906
[2024-11-15 09:13:34,523][utils.training][INFO] - Training Batch 1001/1563: Current Batch Loss: 0.004172338638454676
[2024-11-15 09:13:34,523][utils.training][INFO] - Accuracy: 0.9927260239760239, Precision: 0.9927334074049888, Recall: 0.9927274971795089, F1: 0.9927298571527821, roc_auc: 0.9959595982537293
[2024-11-15 09:13:37,080][utils.training][INFO] - Training Batch 1051/1563: Current Batch Loss: 0.014806150458753109
[2024-11-15 09:13:37,080][utils.training][INFO] - Accuracy: 0.9927747383444339, Precision: 0.9927821973163237, Recall: 0.992775265101194, F1: 0.9927781949386036, roc_auc: 0.9959861925242214
[2024-11-15 09:13:39,663][utils.training][INFO] - Training Batch 1101/1563: Current Batch Loss: 0.0026651411317288876
[2024-11-15 09:13:39,663][utils.training][INFO] - Accuracy: 0.9925635785649409, Precision: 0.9925699865483733, Recall: 0.9925651235334605, F1: 0.9925671391742537, roc_auc: 0.9958693942623033
[2024-11-15 09:13:42,270][utils.training][INFO] - Training Batch 1151/1563: Current Batch Loss: 0.037512071430683136
[2024-11-15 09:13:42,270][utils.training][INFO] - Accuracy: 0.9926151172893136, Precision: 0.992622786625281, Recall: 0.9926188901034614, F1: 0.9926202783242122, roc_auc: 0.9958991373309012
[2024-11-15 09:13:44,890][utils.training][INFO] - Training Batch 1201/1563: Current Batch Loss: 0.04545818269252777
[2024-11-15 09:13:44,890][utils.training][INFO] - Accuracy: 0.9926363447127394, Precision: 0.9926430156852657, Recall: 0.9926398467707059, F1: 0.9926408950452934, roc_auc: 0.995910800344688
[2024-11-15 09:13:47,531][utils.training][INFO] - Training Batch 1251/1563: Current Batch Loss: 0.029046937823295593
[2024-11-15 09:13:47,531][utils.training][INFO] - Accuracy: 0.9926059152677857, Precision: 0.9926089195342612, Recall: 0.992605898075602, F1: 0.9926068808609051, roc_auc: 0.9958921596070981
[2024-11-15 09:13:50,169][utils.training][INFO] - Training Batch 1301/1563: Current Batch Loss: 0.14554311335086823
[2024-11-15 09:13:50,172][utils.training][INFO] - Accuracy: 0.9926258647194466, Precision: 0.9926276680603408, Recall: 0.9926255940827902, F1: 0.9926260451783719, roc_auc: 0.9959031272583683
[2024-11-15 09:13:52,823][utils.training][INFO] - Training Batch 1351/1563: Current Batch Loss: 0.037323057651519775
[2024-11-15 09:13:52,824][utils.training][INFO] - Accuracy: 0.9926443375277573, Precision: 0.9926436792872471, Recall: 0.9926426180473058, F1: 0.9926426273158968, roc_auc: 0.9959126805606509
[2024-11-15 09:13:55,490][utils.training][INFO] - Training Batch 1401/1563: Current Batch Loss: 0.12828569114208221
[2024-11-15 09:13:55,490][utils.training][INFO] - Accuracy: 0.9925722698072805, Precision: 0.9925707990304791, Recall: 0.9925695311734802, F1: 0.9925696901571097, roc_auc: 0.9958721362356353
[2024-11-15 09:13:58,175][utils.training][INFO] - Training Batch 1451/1563: Current Batch Loss: 0.008670901879668236
[2024-11-15 09:13:58,175][utils.training][INFO] - Accuracy: 0.9924620951068229, Precision: 0.9924590614740744, Recall: 0.9924580081338279, F1: 0.9924581255734293, roc_auc: 0.9958102617240112
[2024-11-15 09:14:00,887][utils.training][INFO] - Training Batch 1501/1563: Current Batch Loss: 0.009146217256784439
[2024-11-15 09:14:00,887][utils.training][INFO] - Accuracy: 0.992525816122585, Precision: 0.9925239531502215, Recall: 0.992522428443864, F1: 0.9925228404530341, roc_auc: 0.9958460027229208
[2024-11-15 09:14:03,615][utils.training][INFO] - Training Batch 1551/1563: Current Batch Loss: 0.0014697934966534376
[2024-11-15 09:14:03,615][utils.training][INFO] - Accuracy: 0.9925451321727917, Precision: 0.992546201233426, Recall: 0.9925446027812168, F1: 0.9925451000504708, roc_auc: 0.9958581438144014
[2024-11-15 09:14:04,630][utils.training][INFO] - Testing the model ...
[2024-11-15 09:14:05,005][utils.training][INFO] - Testing Batch 1/1563: Current Batch Loss: 0.034084584563970566
[2024-11-15 09:14:05,005][utils.training][INFO] - Accuracy: 0.96875, Precision: 0.9666666666666666, Recall: 0.975, F1: 0.9657142857142856, roc_auc: 0.9858333333333335
[2024-11-15 09:14:06,016][utils.training][INFO] - Testing Batch 51/1563: Current Batch Loss: 0.0025157853960990906
[2024-11-15 09:14:06,016][utils.training][INFO] - Accuracy: 0.9669117647058824, Precision: 0.9670788157255361, Recall: 0.9661062487623895, F1: 0.9664093443243058, roc_auc: 0.9812150087339292
[2024-11-15 09:14:06,906][utils.training][INFO] - Testing Batch 101/1563: Current Batch Loss: 0.11361309885978699
[2024-11-15 09:14:06,906][utils.training][INFO] - Accuracy: 0.9644183168316832, Precision: 0.9643630977500338, Recall: 0.9643843184960839, F1: 0.9642635160907724, roc_auc: 0.9802168392967966
[2024-11-15 09:14:07,807][utils.training][INFO] - Testing Batch 151/1563: Current Batch Loss: 0.0036211060360074043
[2024-11-15 09:14:07,807][utils.training][INFO] - Accuracy: 0.9656456953642384, Precision: 0.9657183222501697, Recall: 0.9656124481949708, F1: 0.965558633071334, roc_auc: 0.98089844819445
[2024-11-15 09:14:08,722][utils.training][INFO] - Testing Batch 201/1563: Current Batch Loss: 0.08394452929496765
[2024-11-15 09:14:08,722][utils.training][INFO] - Accuracy: 0.965018656716418, Precision: 0.9653987466840652, Recall: 0.965119346816949, F1: 0.965099017962473, roc_auc: 0.9806159234174494
[2024-11-15 09:14:09,650][utils.training][INFO] - Testing Batch 251/1563: Current Batch Loss: 0.2105523645877838
[2024-11-15 09:14:09,650][utils.training][INFO] - Accuracy: 0.9650149402390438, Precision: 0.9653737319306558, Recall: 0.9651615180032002, F1: 0.9651264637475269, roc_auc: 0.9806368963208906
[2024-11-15 09:14:10,594][utils.training][INFO] - Testing Batch 301/1563: Current Batch Loss: 0.11574678122997284
[2024-11-15 09:14:10,594][utils.training][INFO] - Accuracy: 0.9656353820598007, Precision: 0.966016311296048, Recall: 0.9656392388678621, F1: 0.9656683622717097, roc_auc: 0.9809102706603993
[2024-11-15 09:14:10,931][utils.training][INFO] - Avg Batch Train / Test Loss: 0.02587896654343543 / 0.11110215998119333
