[2024-11-15 09:19:23,689][__main__][INFO] - comet_logger:
  initialize: true
  api_key: null
  project_name: null
  workspace: null
  name: null
training:
  epochs: 5
  batch_size: 32
  learning_rate: 0.001
  weight_decay: 0.0001
  num_workers: 8
  optimizer: TODO
  loss: TODO
data:
  data_path: /storage/homefs/tf24s166/code/cifar10/data
  label_path: TODO
  target_column: target
  features: TODO

[2024-11-15 09:19:23,689][__main__][INFO] - Setting up comet logger
[2024-11-15 09:19:29,016][__main__][INFO] - Using device: cuda
[2024-11-15 09:19:32,705][utils.training][INFO] - Class weights: tensor([1., 1., 1., 1., 1., 1., 1., 1., 1., 1.], device='cuda:0')
[2024-11-15 09:19:32,706][utils.training][INFO] - -------- Epoch: 1/5 --------
[2024-11-15 09:19:32,706][utils.training][INFO] - Training the model ...
[2024-11-15 09:19:33,733][utils.training][INFO] - Training Batch 1/1563: Current Batch Loss: 2.2753853797912598
[2024-11-15 09:19:33,733][utils.training][INFO] - Accuracy: 0.28125, Precision: 0.23777777777777778, Recall: 0.2611111111111111, F1: 0.21111111111111108, roc_auc: 0.5895710478094285
[2024-11-15 09:19:36,024][utils.training][INFO] - Training Batch 51/1563: Current Batch Loss: 1.920748233795166
[2024-11-15 09:19:36,024][utils.training][INFO] - Accuracy: 0.3131127450980392, Precision: 0.34479584973478156, Recall: 0.3082131054047255, F1: 0.30939926846846666, roc_auc: 0.615788858187487
[2024-11-15 09:19:38,318][utils.training][INFO] - Training Batch 101/1563: Current Batch Loss: 1.464709758758545
[2024-11-15 09:19:38,318][utils.training][INFO] - Accuracy: 0.45389851485148514, Precision: 0.46798830261957763, Recall: 0.45090071734216847, F1: 0.4470566851919293, roc_auc: 0.6950452268988324
[2024-11-15 09:19:40,626][utils.training][INFO] - Training Batch 151/1563: Current Batch Loss: 1.2887686491012573
[2024-11-15 09:19:40,626][utils.training][INFO] - Accuracy: 0.5376655629139073, Precision: 0.5450566888815555, Recall: 0.5367076959264654, F1: 0.5336954549257735, roc_auc: 0.7426395679186951
[2024-11-15 09:19:42,938][utils.training][INFO] - Training Batch 201/1563: Current Batch Loss: 0.6946102976799011
[2024-11-15 09:19:42,938][utils.training][INFO] - Accuracy: 0.5907960199004975, Precision: 0.5960674044513861, Recall: 0.5909335182622162, F1: 0.5890606134548668, roc_auc: 0.7727150516204525
[2024-11-15 09:19:45,258][utils.training][INFO] - Training Batch 251/1563: Current Batch Loss: 0.4364994764328003
[2024-11-15 09:19:45,258][utils.training][INFO] - Accuracy: 0.6375747011952191, Precision: 0.6416363274144459, Recall: 0.6379259953293868, F1: 0.6364576220978958, roc_auc: 0.7988183493825748
[2024-11-15 09:19:47,592][utils.training][INFO] - Training Batch 301/1563: Current Batch Loss: 0.44497865438461304
[2024-11-15 09:19:47,592][utils.training][INFO] - Accuracy: 0.6692275747508306, Precision: 0.671769526021708, Recall: 0.6697300384103706, F1: 0.6682627580191232, roc_auc: 0.8164847214921442
[2024-11-15 09:19:49,939][utils.training][INFO] - Training Batch 351/1563: Current Batch Loss: 0.7068253755569458
[2024-11-15 09:19:49,939][utils.training][INFO] - Accuracy: 0.6958689458689459, Precision: 0.6976695246383618, Recall: 0.6960598395645908, F1: 0.6950280885549432, roc_auc: 0.831130265654968
[2024-11-15 09:19:52,299][utils.training][INFO] - Training Batch 401/1563: Current Batch Loss: 0.558794379234314
[2024-11-15 09:19:52,300][utils.training][INFO] - Accuracy: 0.7176589775561097, Precision: 0.7187819489001248, Recall: 0.7178200214589372, F1: 0.7168187600468454, roc_auc: 0.8432237903490176
[2024-11-15 09:19:54,680][utils.training][INFO] - Training Batch 451/1563: Current Batch Loss: 0.2895820736885071
[2024-11-15 09:19:54,680][utils.training][INFO] - Accuracy: 0.7335088691796009, Precision: 0.7341299609660238, Recall: 0.7334946931873215, F1: 0.7326639064171147, roc_auc: 0.8519414755024741
[2024-11-15 09:19:57,068][utils.training][INFO] - Training Batch 501/1563: Current Batch Loss: 0.3293464481830597
[2024-11-15 09:19:57,068][utils.training][INFO] - Accuracy: 0.749625748502994, Precision: 0.7501814857604587, Recall: 0.7496546910547268, F1: 0.7488990173349808, roc_auc: 0.860917206403531
[2024-11-15 09:19:59,469][utils.training][INFO] - Training Batch 551/1563: Current Batch Loss: 0.2972763776779175
[2024-11-15 09:19:59,480][utils.training][INFO] - Accuracy: 0.7629310344827587, Precision: 0.763235144175449, Recall: 0.7628435399487843, F1: 0.7622206988797358, roc_auc: 0.8682502438699153
[2024-11-15 09:20:01,909][utils.training][INFO] - Training Batch 601/1563: Current Batch Loss: 0.27978581190109253
[2024-11-15 09:20:01,909][utils.training][INFO] - Accuracy: 0.7738144758735441, Precision: 0.7742504415007208, Recall: 0.774092215115301, F1: 0.7734272275716257, roc_auc: 0.8744786017302946
[2024-11-15 09:20:04,336][utils.training][INFO] - Training Batch 651/1563: Current Batch Loss: 0.2757575213909149
[2024-11-15 09:20:04,336][utils.training][INFO] - Accuracy: 0.7828821044546851, Precision: 0.7831659678645793, Recall: 0.7831204482337076, F1: 0.7825169925259529, roc_auc: 0.8794965833948529
[2024-11-15 09:20:06,782][utils.training][INFO] - Training Batch 701/1563: Current Batch Loss: 0.4409681558609009
[2024-11-15 09:20:06,782][utils.training][INFO] - Accuracy: 0.7904333095577746, Precision: 0.7907788963201124, Recall: 0.7908147875693959, F1: 0.7902394769156389, roc_auc: 0.8837627784693043
[2024-11-15 09:20:09,244][utils.training][INFO] - Training Batch 751/1563: Current Batch Loss: 0.23658747971057892
[2024-11-15 09:20:09,244][utils.training][INFO] - Accuracy: 0.7980609187749668, Precision: 0.7983342893993832, Recall: 0.7983441656709335, F1: 0.7978478980768118, roc_auc: 0.887951644310621
[2024-11-15 09:20:11,719][utils.training][INFO] - Training Batch 801/1563: Current Batch Loss: 0.4540022015571594
[2024-11-15 09:20:11,719][utils.training][INFO] - Accuracy: 0.8042681023720349, Precision: 0.8044107980440911, Recall: 0.8045307651897907, F1: 0.8040268273878051, roc_auc: 0.8913903294932617
[2024-11-15 09:20:14,228][utils.training][INFO] - Training Batch 851/1563: Current Batch Loss: 0.48979073762893677
[2024-11-15 09:20:14,228][utils.training][INFO] - Accuracy: 0.8097826086956522, Precision: 0.8097816154975298, Recall: 0.8099305796219461, F1: 0.8094815404296056, roc_auc: 0.8943971549637191
[2024-11-15 09:20:16,726][utils.training][INFO] - Training Batch 901/1563: Current Batch Loss: 0.31761041283607483
[2024-11-15 09:20:16,727][utils.training][INFO] - Accuracy: 0.8156908990011099, Precision: 0.8156844816929258, Recall: 0.8158240893697982, F1: 0.8154163909884273, roc_auc: 0.8976720188790646
[2024-11-15 09:20:19,261][utils.training][INFO] - Training Batch 951/1563: Current Batch Loss: 0.17838440835475922
[2024-11-15 09:20:19,261][utils.training][INFO] - Accuracy: 0.8210436382754994, Precision: 0.8210954710054118, Recall: 0.821219143215375, F1: 0.8208310423495633, roc_auc: 0.9006666482382396
[2024-11-15 09:20:21,804][utils.training][INFO] - Training Batch 1001/1563: Current Batch Loss: 0.17771486937999725
[2024-11-15 09:20:21,804][utils.training][INFO] - Accuracy: 0.825330919080919, Precision: 0.8253615018807597, Recall: 0.8255154020788312, F1: 0.8251331684863569, roc_auc: 0.903053013166085
[2024-11-15 09:20:24,402][utils.training][INFO] - Training Batch 1051/1563: Current Batch Loss: 0.08374784141778946
[2024-11-15 09:20:24,402][utils.training][INFO] - Accuracy: 0.8302806850618458, Precision: 0.8302287587287775, Recall: 0.8304004131271954, F1: 0.8300350043183766, roc_auc: 0.9057710140343247
[2024-11-15 09:20:26,977][utils.training][INFO] - Training Batch 1101/1563: Current Batch Loss: 0.18394337594509125
[2024-11-15 09:20:26,977][utils.training][INFO] - Accuracy: 0.834383514986376, Precision: 0.834371202984961, Recall: 0.8345415130282708, F1: 0.834190079076145, roc_auc: 0.9080692189689834
[2024-11-15 09:20:29,580][utils.training][INFO] - Training Batch 1151/1563: Current Batch Loss: 0.13729733228683472
[2024-11-15 09:20:29,580][utils.training][INFO] - Accuracy: 0.8383470894874022, Precision: 0.8383202742244318, Recall: 0.8384968270400568, F1: 0.8381637753820262, roc_auc: 0.9102671125368392
[2024-11-15 09:20:32,183][utils.training][INFO] - Training Batch 1201/1563: Current Batch Loss: 0.21863943338394165
[2024-11-15 09:20:32,184][utils.training][INFO] - Accuracy: 0.8421888009991674, Precision: 0.8421952668835185, Recall: 0.8423567345560624, F1: 0.8420412883171849, roc_auc: 0.9124102644309083
[2024-11-15 09:20:34,815][utils.training][INFO] - Training Batch 1251/1563: Current Batch Loss: 0.15714240074157715
[2024-11-15 09:20:34,815][utils.training][INFO] - Accuracy: 0.8456984412470024, Precision: 0.845665730144631, Recall: 0.8458134738669905, F1: 0.8455263555877371, roc_auc: 0.9143336666319956
[2024-11-15 09:20:37,442][utils.training][INFO] - Training Batch 1301/1563: Current Batch Loss: 0.20044025778770447
[2024-11-15 09:20:37,442][utils.training][INFO] - Accuracy: 0.8487941967717141, Precision: 0.8487586061231932, Recall: 0.8489009288415394, F1: 0.8486247385121335, roc_auc: 0.9160495115681648
[2024-11-15 09:20:40,072][utils.training][INFO] - Training Batch 1351/1563: Current Batch Loss: 0.09473665803670883
[2024-11-15 09:20:40,072][utils.training][INFO] - Accuracy: 0.8519383789785344, Precision: 0.8518752447459702, Recall: 0.8520483952867186, F1: 0.8517684410047004, roc_auc: 0.9177981372365813
[2024-11-15 09:20:42,726][utils.training][INFO] - Training Batch 1401/1563: Current Batch Loss: 0.22998179495334625
[2024-11-15 09:20:42,726][utils.training][INFO] - Accuracy: 0.8550142755174875, Precision: 0.8549087715631186, Recall: 0.8551011244249341, F1: 0.8548239586831892, roc_auc: 0.9194956917080928
[2024-11-15 09:20:45,398][utils.training][INFO] - Training Batch 1451/1563: Current Batch Loss: 0.16758793592453003
[2024-11-15 09:20:45,398][utils.training][INFO] - Accuracy: 0.8577058924879394, Precision: 0.8575875655069443, Recall: 0.857755338388403, F1: 0.8575030769200703, roc_auc: 0.9209723723172264
[2024-11-15 09:20:48,081][utils.training][INFO] - Training Batch 1501/1563: Current Batch Loss: 0.30163100361824036
[2024-11-15 09:20:48,081][utils.training][INFO] - Accuracy: 0.8602390073284477, Precision: 0.8600981930368368, Recall: 0.8602782956184021, F1: 0.8600278860169261, roc_auc: 0.9223745893714904
[2024-11-15 09:20:50,786][utils.training][INFO] - Training Batch 1551/1563: Current Batch Loss: 0.16250914335250854
[2024-11-15 09:20:50,786][utils.training][INFO] - Accuracy: 0.8626692456479691, Precision: 0.8625153848598852, Recall: 0.8626796591991862, F1: 0.8624447721425224, roc_auc: 0.9237103700068399
[2024-11-15 09:20:51,822][utils.training][INFO] - Testing the model ...
[2024-11-15 09:20:52,255][utils.training][INFO] - Testing Batch 1/1563: Current Batch Loss: 0.03565602749586105
[2024-11-15 09:20:52,255][utils.training][INFO] - Accuracy: 1.0, Precision: 1.0, Recall: 1.0, F1: 1.0, roc_auc: 1.0
[2024-11-15 09:20:53,140][utils.training][INFO] - Testing Batch 51/1563: Current Batch Loss: 0.0764380544424057
[2024-11-15 09:20:53,140][utils.training][INFO] - Accuracy: 0.9540441176470589, Precision: 0.9537564679961472, Recall: 0.9531785836452347, F1: 0.9532743422435699, roc_auc: 0.9740372685620317
[2024-11-15 09:20:54,036][utils.training][INFO] - Testing Batch 101/1563: Current Batch Loss: 0.07791079580783844
[2024-11-15 09:20:54,036][utils.training][INFO] - Accuracy: 0.9508044554455446, Precision: 0.9510486759434628, Recall: 0.9506258856586038, F1: 0.9505521877864606, roc_auc: 0.9725805881318644
[2024-11-15 09:20:54,945][utils.training][INFO] - Testing Batch 151/1563: Current Batch Loss: 0.17310050129890442
[2024-11-15 09:20:54,945][utils.training][INFO] - Accuracy: 0.9495033112582781, Precision: 0.9494518436528633, Recall: 0.9493863825534954, F1: 0.9492028363847854, roc_auc: 0.971889174900601
[2024-11-15 09:20:55,867][utils.training][INFO] - Testing Batch 201/1563: Current Batch Loss: 0.14278461039066315
[2024-11-15 09:20:55,867][utils.training][INFO] - Accuracy: 0.9504042288557214, Precision: 0.9504846778426936, Recall: 0.9505991786710007, F1: 0.9504295396826355, roc_auc: 0.9725441248309655
[2024-11-15 09:20:56,807][utils.training][INFO] - Testing Batch 251/1563: Current Batch Loss: 0.06781098246574402
[2024-11-15 09:20:56,807][utils.training][INFO] - Accuracy: 0.9505727091633466, Precision: 0.9506936618791848, Recall: 0.9507751317029751, F1: 0.9506220954304169, roc_auc: 0.9726409651174057
[2024-11-15 09:20:57,760][utils.training][INFO] - Testing Batch 301/1563: Current Batch Loss: 0.13459144532680511
[2024-11-15 09:20:57,766][utils.training][INFO] - Accuracy: 0.9488164451827242, Precision: 0.9488655032414017, Recall: 0.9488395874025471, F1: 0.9487388787191018, roc_auc: 0.9715760417060126
[2024-11-15 09:20:58,102][utils.training][INFO] - Avg Batch Train / Test Loss: 0.4610934288575244 / 0.14918039173792347
[2024-11-15 09:20:58,103][utils.training][INFO] - -------- Epoch: 2/5 --------
[2024-11-15 09:20:58,109][utils.training][INFO] - Training the model ...
[2024-11-15 09:20:58,403][utils.training][INFO] - Training Batch 1/1563: Current Batch Loss: 0.10626017302274704
[2024-11-15 09:20:58,403][utils.training][INFO] - Accuracy: 0.9375, Precision: 0.8800000000000001, Recall: 0.8583333333333334, F1: 0.8655122655122656, roc_auc: nan
[2024-11-15 09:21:00,856][utils.training][INFO] - Training Batch 51/1563: Current Batch Loss: 0.08588609844446182
[2024-11-15 09:21:00,857][utils.training][INFO] - Accuracy: 0.9503676470588235, Precision: 0.949997314321099, Recall: 0.9511133160594698, F1: 0.9504013490466049, roc_auc: 0.9728000334692724
[2024-11-15 09:21:03,140][utils.training][INFO] - Training Batch 101/1563: Current Batch Loss: 0.18436886370182037
[2024-11-15 09:21:03,141][utils.training][INFO] - Accuracy: 0.9501856435643564, Precision: 0.9506580093727912, Recall: 0.9504225726572949, F1: 0.9504940246490289, roc_auc: 0.9724402046214593
[2024-11-15 09:21:05,438][utils.training][INFO] - Training Batch 151/1563: Current Batch Loss: 0.102223701775074
[2024-11-15 09:21:05,438][utils.training][INFO] - Accuracy: 0.9546771523178808, Precision: 0.9551285646244965, Recall: 0.9548692773609064, F1: 0.9549692406435506, roc_auc: 0.974913061231115
[2024-11-15 09:21:07,749][utils.training][INFO] - Training Batch 201/1563: Current Batch Loss: 0.1905422806739807
[2024-11-15 09:21:07,749][utils.training][INFO] - Accuracy: 0.9539800995024875, Precision: 0.9541780384640038, Recall: 0.9540544001649541, F1: 0.9540868973488082, roc_auc: 0.9744687063516313
[2024-11-15 09:21:10,072][utils.training][INFO] - Training Batch 251/1563: Current Batch Loss: 0.05277421325445175
[2024-11-15 09:21:10,072][utils.training][INFO] - Accuracy: 0.953187250996016, Precision: 0.9533602792894399, Recall: 0.9532164517798997, F1: 0.9532674028516578, roc_auc: 0.9740062529588321
[2024-11-15 09:21:12,413][utils.training][INFO] - Training Batch 301/1563: Current Batch Loss: 0.15650644898414612
[2024-11-15 09:21:12,413][utils.training][INFO] - Accuracy: 0.9540074750830565, Precision: 0.9540238716928962, Recall: 0.9538704263825732, F1: 0.9539283313091665, roc_auc: 0.9743798562787498
[2024-11-15 09:21:14,763][utils.training][INFO] - Training Batch 351/1563: Current Batch Loss: 0.11935824900865555
[2024-11-15 09:21:14,763][utils.training][INFO] - Accuracy: 0.9535256410256411, Precision: 0.9536145540147267, Recall: 0.9535970471322575, F1: 0.9535889473287114, roc_auc: 0.9742159259695701
[2024-11-15 09:21:17,131][utils.training][INFO] - Training Batch 401/1563: Current Batch Loss: 0.2137547880411148
[2024-11-15 09:21:17,131][utils.training][INFO] - Accuracy: 0.953319825436409, Precision: 0.9533772476617676, Recall: 0.9533069818846819, F1: 0.9533302732902676, roc_auc: 0.9740596170287941
[2024-11-15 09:21:19,519][utils.training][INFO] - Training Batch 451/1563: Current Batch Loss: 0.078262560069561
[2024-11-15 09:21:19,519][utils.training][INFO] - Accuracy: 0.9534368070953437, Precision: 0.953459546832922, Recall: 0.9533655517858124, F1: 0.9533977928782802, roc_auc: 0.9740957230304751
[2024-11-15 09:21:21,905][utils.training][INFO] - Training Batch 501/1563: Current Batch Loss: 0.05796939879655838
[2024-11-15 09:21:21,905][utils.training][INFO] - Accuracy: 0.9534056886227545, Precision: 0.9534271453218117, Recall: 0.9533751510338522, F1: 0.9533865983480455, roc_auc: 0.9740988156240646
[2024-11-15 09:21:24,322][utils.training][INFO] - Training Batch 551/1563: Current Batch Loss: 0.113592229783535
[2024-11-15 09:21:24,323][utils.training][INFO] - Accuracy: 0.9538339382940109, Precision: 0.9538452008421379, Recall: 0.9537780672756192, F1: 0.953797036654518, roc_auc: 0.974324275686639
[2024-11-15 09:21:26,747][utils.training][INFO] - Training Batch 601/1563: Current Batch Loss: 0.21986006200313568
[2024-11-15 09:21:26,753][utils.training][INFO] - Accuracy: 0.9538269550748752, Precision: 0.9538775675764326, Recall: 0.9538423023142728, F1: 0.9538485693218645, roc_auc: 0.9743556592012965
[2024-11-15 09:21:29,193][utils.training][INFO] - Training Batch 651/1563: Current Batch Loss: 0.2759954631328583
[2024-11-15 09:21:29,193][utils.training][INFO] - Accuracy: 0.9539170506912442, Precision: 0.9540162483767853, Recall: 0.9539664080082014, F1: 0.953981452469996, roc_auc: 0.9744223876706706
[2024-11-15 09:21:31,639][utils.training][INFO] - Training Batch 701/1563: Current Batch Loss: 0.06512095034122467
[2024-11-15 09:21:31,639][utils.training][INFO] - Accuracy: 0.9534147646219686, Precision: 0.9534728020941777, Recall: 0.9534282143672769, F1: 0.9534407929655082, roc_auc: 0.9741256936733015
[2024-11-15 09:21:34,101][utils.training][INFO] - Training Batch 751/1563: Current Batch Loss: 0.16020295023918152
[2024-11-15 09:21:34,101][utils.training][INFO] - Accuracy: 0.9540612516644474, Precision: 0.9540723648813387, Recall: 0.9540446371467546, F1: 0.9540489231742096, roc_auc: 0.9744700506896302
[2024-11-15 09:21:36,579][utils.training][INFO] - Training Batch 801/1563: Current Batch Loss: 0.05205124616622925
[2024-11-15 09:21:36,580][utils.training][INFO] - Accuracy: 0.9542759051186017, Precision: 0.9542765428773266, Recall: 0.9542453864919656, F1: 0.9542532131217667, roc_auc: 0.9745823674331688
[2024-11-15 09:21:39,076][utils.training][INFO] - Training Batch 851/1563: Current Batch Loss: 0.553399920463562
[2024-11-15 09:21:39,076][utils.training][INFO] - Accuracy: 0.9542817273795534, Precision: 0.954283562301594, Recall: 0.954264239268162, F1: 0.9542662865359434, roc_auc: 0.9745920968676239
[2024-11-15 09:21:41,581][utils.training][INFO] - Training Batch 901/1563: Current Batch Loss: 0.11350232362747192
[2024-11-15 09:21:41,582][utils.training][INFO] - Accuracy: 0.9540441176470589, Precision: 0.9540716791347827, Recall: 0.9540567089282878, F1: 0.954057997220195, roc_auc: 0.9744749457851711
[2024-11-15 09:21:44,101][utils.training][INFO] - Training Batch 951/1563: Current Batch Loss: 0.047347236424684525
[2024-11-15 09:21:44,101][utils.training][INFO] - Accuracy: 0.9539300736067298, Precision: 0.953934479462718, Recall: 0.9539408480766062, F1: 0.953931105443506, roc_auc: 0.9744108223219348
[2024-11-15 09:21:46,637][utils.training][INFO] - Training Batch 1001/1563: Current Batch Loss: 0.0670996904373169
[2024-11-15 09:21:46,637][utils.training][INFO] - Accuracy: 0.954202047952048, Precision: 0.9541946004436712, Recall: 0.9542061944448529, F1: 0.9541954800634228, roc_auc: 0.9745586547407858
[2024-11-15 09:21:49,196][utils.training][INFO] - Training Batch 1051/1563: Current Batch Loss: 0.16796761751174927
[2024-11-15 09:21:49,197][utils.training][INFO] - Accuracy: 0.9542102759276879, Precision: 0.9542062405182342, Recall: 0.9542117613370303, F1: 0.9542035442042852, roc_auc: 0.9745618941757364
[2024-11-15 09:21:51,762][utils.training][INFO] - Training Batch 1101/1563: Current Batch Loss: 0.22395628690719604
[2024-11-15 09:21:51,762][utils.training][INFO] - Accuracy: 0.9545015894641236, Precision: 0.9544843492642524, Recall: 0.954483469193384, F1: 0.9544782725348426, roc_auc: 0.9747140485007648
[2024-11-15 09:21:54,355][utils.training][INFO] - Training Batch 1151/1563: Current Batch Loss: 0.10447090119123459
[2024-11-15 09:21:54,355][utils.training][INFO] - Accuracy: 0.9547675933970461, Precision: 0.9547411247723169, Recall: 0.9547506568497812, F1: 0.9547404885825982, roc_auc: 0.9748624793895923
[2024-11-15 09:21:56,966][utils.training][INFO] - Training Batch 1201/1563: Current Batch Loss: 0.1317865401506424
[2024-11-15 09:21:56,966][utils.training][INFO] - Accuracy: 0.9550114487926727, Precision: 0.9549788479248568, Recall: 0.9549955204070286, F1: 0.9549816281173413, roc_auc: 0.9749984918178158
[2024-11-15 09:21:59,599][utils.training][INFO] - Training Batch 1251/1563: Current Batch Loss: 0.0923718586564064
[2024-11-15 09:21:59,610][utils.training][INFO] - Accuracy: 0.9550609512390088, Precision: 0.9550406190073012, Recall: 0.9550558483404107, F1: 0.955042916441923, roc_auc: 0.9750313279208458
[2024-11-15 09:22:02,238][utils.training][INFO] - Training Batch 1301/1563: Current Batch Loss: 0.1990421563386917
[2024-11-15 09:22:02,238][utils.training][INFO] - Accuracy: 0.9548904688700999, Precision: 0.9548749786144184, Recall: 0.9548917597165095, F1: 0.9548769851741532, roc_auc: 0.9749398379719987
[2024-11-15 09:22:04,882][utils.training][INFO] - Training Batch 1351/1563: Current Batch Loss: 0.01553190965205431
[2024-11-15 09:22:04,882][utils.training][INFO] - Accuracy: 0.9551720947446336, Precision: 0.9551728483096369, Recall: 0.9551877528732617, F1: 0.9551748136434439, roc_auc: 0.975103379360443
[2024-11-15 09:22:07,563][utils.training][INFO] - Training Batch 1401/1563: Current Batch Loss: 0.11267368495464325
[2024-11-15 09:22:07,563][utils.training][INFO] - Accuracy: 0.95552284082798, Precision: 0.9555205700782654, Recall: 0.9555300807280716, F1: 0.955519892832131, roc_auc: 0.9752940772748463
[2024-11-15 09:22:10,234][utils.training][INFO] - Training Batch 1451/1563: Current Batch Loss: 0.1755225956439972
[2024-11-15 09:22:10,235][utils.training][INFO] - Accuracy: 0.9558278773259821, Precision: 0.9558206024130673, Recall: 0.9558339483958829, F1: 0.9558214677340564, roc_auc: 0.9754629662266681
[2024-11-15 09:22:12,922][utils.training][INFO] - Training Batch 1501/1563: Current Batch Loss: 0.14719073474407196
[2024-11-15 09:22:12,922][utils.training][INFO] - Accuracy: 0.956216688874084, Precision: 0.956221887740956, Recall: 0.9562368350845729, F1: 0.9562240476335884, roc_auc: 0.9756859183946631
[2024-11-15 09:22:15,622][utils.training][INFO] - Training Batch 1551/1563: Current Batch Loss: 0.03309208154678345
[2024-11-15 09:22:15,622][utils.training][INFO] - Accuracy: 0.9561774661508704, Precision: 0.9561729839317724, Recall: 0.9561767250958789, F1: 0.9561702267902158, roc_auc: 0.9756537824196421
[2024-11-15 09:22:16,643][utils.training][INFO] - Testing the model ...
[2024-11-15 09:22:17,010][utils.training][INFO] - Testing Batch 1/1563: Current Batch Loss: 0.024620629847049713
[2024-11-15 09:22:17,010][utils.training][INFO] - Accuracy: 1.0, Precision: 1.0, Recall: 1.0, F1: 1.0, roc_auc: 1.0
[2024-11-15 09:22:18,028][utils.training][INFO] - Testing Batch 51/1563: Current Batch Loss: 0.025778526440262794
[2024-11-15 09:22:18,028][utils.training][INFO] - Accuracy: 0.9669117647058824, Precision: 0.966730761732389, Recall: 0.9662499105388406, F1: 0.9664107415181512, roc_auc: 0.9812868697127681
[2024-11-15 09:22:18,916][utils.training][INFO] - Testing Batch 101/1563: Current Batch Loss: 0.11535356193780899
[2024-11-15 09:22:18,916][utils.training][INFO] - Accuracy: 0.9656559405940595, Precision: 0.9655327566543381, Recall: 0.9656100186624652, F1: 0.9654956121633337, roc_auc: 0.9808979746055609
[2024-11-15 09:22:19,818][utils.training][INFO] - Testing Batch 151/1563: Current Batch Loss: 0.11028606444597244
[2024-11-15 09:22:19,818][utils.training][INFO] - Accuracy: 0.9660596026490066, Precision: 0.9659983215758305, Recall: 0.9659815050607834, F1: 0.9659395799761625, roc_auc: 0.9811059171148546
[2024-11-15 09:22:20,733][utils.training][INFO] - Testing Batch 201/1563: Current Batch Loss: 0.10927271842956543
[2024-11-15 09:22:20,733][utils.training][INFO] - Accuracy: 0.9640858208955224, Precision: 0.9642612938787363, Recall: 0.9642020664722659, F1: 0.9641739018575155, roc_auc: 0.980105210117282
[2024-11-15 09:22:21,660][utils.training][INFO] - Testing Batch 251/1563: Current Batch Loss: 0.053138818591833115
[2024-11-15 09:22:21,660][utils.training][INFO] - Accuracy: 0.9635209163346613, Precision: 0.9636337335934252, Recall: 0.9636709470903739, F1: 0.9636100185363212, roc_auc: 0.9798083735610821
[2024-11-15 09:22:22,603][utils.training][INFO] - Testing Batch 301/1563: Current Batch Loss: 0.10726309567689896
[2024-11-15 09:22:22,613][utils.training][INFO] - Accuracy: 0.9633513289036545, Precision: 0.9634064684233454, Recall: 0.9633595623709569, F1: 0.963341259249628, roc_auc: 0.9796435322497692
[2024-11-15 09:22:22,944][utils.training][INFO] - Avg Batch Train / Test Loss: 0.13604892043412323 / 0.11015632631593404
[2024-11-15 09:22:22,945][utils.training][INFO] - -------- Epoch: 3/5 --------
[2024-11-15 09:22:22,951][utils.training][INFO] - Training the model ...
[2024-11-15 09:22:23,308][utils.training][INFO] - Training Batch 1/1563: Current Batch Loss: 0.10101493448019028
[2024-11-15 09:22:23,308][utils.training][INFO] - Accuracy: 0.96875, Precision: 0.9, Recall: 0.8857142857142858, F1: 0.8923076923076924, roc_auc: nan
[2024-11-15 09:22:25,703][utils.training][INFO] - Training Batch 51/1563: Current Batch Loss: 0.09398139268159866
[2024-11-15 09:22:25,710][utils.training][INFO] - Accuracy: 0.96875, Precision: 0.9684078708784515, Recall: 0.9689228611176421, F1: 0.9685477266471644, roc_auc: 0.9827261606010795
[2024-11-15 09:22:28,007][utils.training][INFO] - Training Batch 101/1563: Current Batch Loss: 0.02932681515812874
[2024-11-15 09:22:28,007][utils.training][INFO] - Accuracy: 0.9727722772277227, Precision: 0.9729573003858695, Recall: 0.9727301435933942, F1: 0.9727961453258249, roc_auc: 0.9848511661858488
[2024-11-15 09:22:30,317][utils.training][INFO] - Training Batch 151/1563: Current Batch Loss: 0.05278366431593895
[2024-11-15 09:22:30,317][utils.training][INFO] - Accuracy: 0.9743377483443708, Precision: 0.9744537215205874, Recall: 0.9742917196567593, F1: 0.9743335178050131, roc_auc: 0.9857194300452768
[2024-11-15 09:22:32,647][utils.training][INFO] - Training Batch 201/1563: Current Batch Loss: 0.07527486234903336
[2024-11-15 09:22:32,647][utils.training][INFO] - Accuracy: 0.9741915422885572, Precision: 0.974181253806638, Recall: 0.9741686845652875, F1: 0.9741461375016118, roc_auc: 0.9856507334873849
[2024-11-15 09:22:34,985][utils.training][INFO] - Training Batch 251/1563: Current Batch Loss: 0.054788731038570404
[2024-11-15 09:22:34,985][utils.training][INFO] - Accuracy: 0.9742280876494024, Precision: 0.9742251097162281, Recall: 0.9742097530074407, F1: 0.9741986204324713, roc_auc: 0.985673082826616
[2024-11-15 09:22:37,321][utils.training][INFO] - Training Batch 301/1563: Current Batch Loss: 0.10648925602436066
[2024-11-15 09:22:37,321][utils.training][INFO] - Accuracy: 0.9748754152823921, Precision: 0.9748534134945912, Recall: 0.9748577244032923, F1: 0.9748447579111044, roc_auc: 0.9860330643743935
[2024-11-15 09:22:39,684][utils.training][INFO] - Training Batch 351/1563: Current Batch Loss: 0.03531069681048393
[2024-11-15 09:22:39,684][utils.training][INFO] - Accuracy: 0.9748041310541311, Precision: 0.9748212636848621, Recall: 0.9747987870674815, F1: 0.9748047027002587, roc_auc: 0.9859993981619486
[2024-11-15 09:22:42,054][utils.training][INFO] - Training Batch 401/1563: Current Batch Loss: 0.17020785808563232
[2024-11-15 09:22:42,054][utils.training][INFO] - Accuracy: 0.9743609725685786, Precision: 0.9743510487594381, Recall: 0.9743522304477239, F1: 0.9743472058902249, roc_auc: 0.9857516470300878
[2024-11-15 09:22:44,444][utils.training][INFO] - Training Batch 451/1563: Current Batch Loss: 0.05517803505063057
[2024-11-15 09:22:44,444][utils.training][INFO] - Accuracy: 0.9750554323725056, Precision: 0.9750460394755545, Recall: 0.9750412835904653, F1: 0.9750394015783783, roc_auc: 0.986134829800801
[2024-11-15 09:22:46,849][utils.training][INFO] - Training Batch 501/1563: Current Batch Loss: 0.07395057380199432
[2024-11-15 09:22:46,850][utils.training][INFO] - Accuracy: 0.9754241516966068, Precision: 0.9754085935203154, Recall: 0.9754019883189896, F1: 0.9754021145309052, roc_auc: 0.9863357038625512
[2024-11-15 09:22:49,266][utils.training][INFO] - Training Batch 551/1563: Current Batch Loss: 0.05914079770445824
[2024-11-15 09:22:49,266][utils.training][INFO] - Accuracy: 0.9754990925589837, Precision: 0.9754786875676139, Recall: 0.9754883922842603, F1: 0.9754803227328397, roc_auc: 0.9863830922247191
[2024-11-15 09:22:51,733][utils.training][INFO] - Training Batch 601/1563: Current Batch Loss: 0.013833370059728622
[2024-11-15 09:22:51,748][utils.training][INFO] - Accuracy: 0.9763415141430949, Precision: 0.976341843761954, Recall: 0.976344590622913, F1: 0.9763396594261573, roc_auc: 0.98685787693261
[2024-11-15 09:22:54,195][utils.training][INFO] - Training Batch 651/1563: Current Batch Loss: 0.0299865510314703
[2024-11-15 09:22:54,195][utils.training][INFO] - Accuracy: 0.9759984639016898, Precision: 0.9759971516793906, Recall: 0.975999984869163, F1: 0.9759956342043912, roc_auc: 0.9866665218773132
[2024-11-15 09:22:56,670][utils.training][INFO] - Training Batch 701/1563: Current Batch Loss: 0.009646310470998287
[2024-11-15 09:22:56,671][utils.training][INFO] - Accuracy: 0.9756597717546363, Precision: 0.9756540028906718, Recall: 0.9756459812742472, F1: 0.9756469076965099, roc_auc: 0.9864707640947591
[2024-11-15 09:22:59,156][utils.training][INFO] - Training Batch 751/1563: Current Batch Loss: 0.02234094962477684
[2024-11-15 09:22:59,156][utils.training][INFO] - Accuracy: 0.9753245672436751, Precision: 0.9753246669448522, Recall: 0.9753292830489737, F1: 0.97532401059808, roc_auc: 0.986293703902297
[2024-11-15 09:23:01,635][utils.training][INFO] - Training Batch 801/1563: Current Batch Loss: 0.11066286265850067
[2024-11-15 09:23:01,635][utils.training][INFO] - Accuracy: 0.9757724719101124, Precision: 0.9757515929616971, Recall: 0.9757572133770328, F1: 0.9757507201715752, roc_auc: 0.9865326950169544
[2024-11-15 09:23:04,130][utils.training][INFO] - Training Batch 851/1563: Current Batch Loss: 0.030677594244480133
[2024-11-15 09:23:04,130][utils.training][INFO] - Accuracy: 0.9753965922444183, Precision: 0.9753759135048747, Recall: 0.9753831343704917, F1: 0.9753759269372562, roc_auc: 0.9863247500132205
[2024-11-15 09:23:06,642][utils.training][INFO] - Training Batch 901/1563: Current Batch Loss: 0.012556811794638634
[2024-11-15 09:23:06,642][utils.training][INFO] - Accuracy: 0.9755480022197558, Precision: 0.9755368846834269, Recall: 0.9755347259174509, F1: 0.975532410561159, roc_auc: 0.9864088986440445
[2024-11-15 09:23:09,167][utils.training][INFO] - Training Batch 951/1563: Current Batch Loss: 0.06345482915639877
[2024-11-15 09:23:09,168][utils.training][INFO] - Accuracy: 0.9754206098843323, Precision: 0.9754015930454228, Recall: 0.9753980712883227, F1: 0.9753962816972536, roc_auc: 0.9863335299314636
[2024-11-15 09:23:11,693][utils.training][INFO] - Training Batch 1001/1563: Current Batch Loss: 0.11740249395370483
[2024-11-15 09:23:11,693][utils.training][INFO] - Accuracy: 0.975462037962038, Precision: 0.975445726858166, Recall: 0.9754391525067057, F1: 0.9754394608547461, roc_auc: 0.9863563822981908
[2024-11-15 09:23:14,267][utils.training][INFO] - Training Batch 1051/1563: Current Batch Loss: 0.01828134059906006
[2024-11-15 09:23:14,267][utils.training][INFO] - Accuracy: 0.9754400570884871, Precision: 0.9754175933282353, Recall: 0.9754057556966631, F1: 0.9754091497066801, roc_auc: 0.9863384991912921
[2024-11-15 09:23:16,827][utils.training][INFO] - Training Batch 1101/1563: Current Batch Loss: 0.018458465114235878
[2024-11-15 09:23:16,827][utils.training][INFO] - Accuracy: 0.9757039055404177, Precision: 0.9756902469345816, Recall: 0.9756810101751754, F1: 0.9756832050323425, roc_auc: 0.9864907383346149
[2024-11-15 09:23:19,322][utils.training][INFO] - Training Batch 1151/1563: Current Batch Loss: 0.0744081661105156
[2024-11-15 09:23:19,322][utils.training][INFO] - Accuracy: 0.9755375760208514, Precision: 0.975520846868435, Recall: 0.9755068625748157, F1: 0.9755113047503976, roc_auc: 0.986394452997731
[2024-11-15 09:23:21,923][utils.training][INFO] - Training Batch 1201/1563: Current Batch Loss: 0.01356428675353527
[2024-11-15 09:23:21,923][utils.training][INFO] - Accuracy: 0.975671315570358, Precision: 0.9756555274663568, Recall: 0.9756468712868713, F1: 0.975648972792069, roc_auc: 0.9864718874842795
[2024-11-15 09:23:24,542][utils.training][INFO] - Training Batch 1251/1563: Current Batch Loss: 0.08858813345432281
[2024-11-15 09:23:24,558][utils.training][INFO] - Accuracy: 0.9753447242206235, Precision: 0.9753313169895564, Recall: 0.975323975315097, F1: 0.9753249578150329, roc_auc: 0.9862922962119172
[2024-11-15 09:23:27,202][utils.training][INFO] - Training Batch 1301/1563: Current Batch Loss: 0.010412434116005898
[2024-11-15 09:23:27,212][utils.training][INFO] - Accuracy: 0.9756677555726364, Precision: 0.9756560598080284, Recall: 0.9756506288010647, F1: 0.9756505813748106, roc_auc: 0.9864735661490925
[2024-11-15 09:23:29,865][utils.training][INFO] - Training Batch 1351/1563: Current Batch Loss: 0.03491876274347305
[2024-11-15 09:23:29,865][utils.training][INFO] - Accuracy: 0.9759206143597335, Precision: 0.9759022376176603, Recall: 0.9758951529810448, F1: 0.9758958546163718, roc_auc: 0.9866099312259451
[2024-11-15 09:23:32,527][utils.training][INFO] - Training Batch 1401/1563: Current Batch Loss: 0.019108470529317856
[2024-11-15 09:23:32,527][utils.training][INFO] - Accuracy: 0.9760662027123483, Precision: 0.9760480703889055, Recall: 0.9760434314125825, F1: 0.976043026613491, roc_auc: 0.9866921492825288
[2024-11-15 09:23:35,241][utils.training][INFO] - Training Batch 1451/1563: Current Batch Loss: 0.04206782951951027
[2024-11-15 09:23:35,241][utils.training][INFO] - Accuracy: 0.97598638869745, Precision: 0.9759736614018927, Recall: 0.9759717578492616, F1: 0.9759699806891744, roc_auc: 0.9866518533737493
[2024-11-15 09:23:37,922][utils.training][INFO] - Training Batch 1501/1563: Current Batch Loss: 0.07162578403949738
[2024-11-15 09:23:37,922][utils.training][INFO] - Accuracy: 0.9759118920719521, Precision: 0.9758984548843603, Recall: 0.9758993577578036, F1: 0.9758963327852083, roc_auc: 0.9866115119378718
[2024-11-15 09:23:40,647][utils.training][INFO] - Training Batch 1551/1563: Current Batch Loss: 0.05494867265224457
[2024-11-15 09:23:40,647][utils.training][INFO] - Accuracy: 0.9760436814958091, Precision: 0.9760355581108995, Recall: 0.976039478038205, F1: 0.9760347849025038, roc_auc: 0.9866888565467716
[2024-11-15 09:23:41,702][utils.training][INFO] - Testing the model ...
[2024-11-15 09:23:42,030][utils.training][INFO] - Testing Batch 1/1563: Current Batch Loss: 0.02073930948972702
[2024-11-15 09:23:42,031][utils.training][INFO] - Accuracy: 1.0, Precision: 1.0, Recall: 1.0, F1: 1.0, roc_auc: 1.0
[2024-11-15 09:23:43,118][utils.training][INFO] - Testing Batch 51/1563: Current Batch Loss: 0.025825051590800285
[2024-11-15 09:23:43,118][utils.training][INFO] - Accuracy: 0.9705882352941176, Precision: 0.9702531822403382, Recall: 0.9699316073559018, F1: 0.9700569879512002, roc_auc: 0.9833331907778347
[2024-11-15 09:23:44,023][utils.training][INFO] - Testing Batch 101/1563: Current Batch Loss: 0.07816379517316818
[2024-11-15 09:23:44,023][utils.training][INFO] - Accuracy: 0.9650371287128713, Precision: 0.9650836741646909, Recall: 0.9648928508511746, F1: 0.9649009503368184, roc_auc: 0.9805045256833141
[2024-11-15 09:23:44,941][utils.training][INFO] - Testing Batch 151/1563: Current Batch Loss: 0.07296456396579742
[2024-11-15 09:23:44,941][utils.training][INFO] - Accuracy: 0.9641970198675497, Precision: 0.9642093150322761, Recall: 0.9641537222804635, F1: 0.9641096074790662, roc_auc: 0.9800883116928795
[2024-11-15 09:23:45,874][utils.training][INFO] - Testing Batch 201/1563: Current Batch Loss: 0.15574108064174652
[2024-11-15 09:23:45,874][utils.training][INFO] - Accuracy: 0.9633084577114428, Precision: 0.9634782343057553, Recall: 0.9634557964984743, F1: 0.9634108145509808, roc_auc: 0.9796889754814415
[2024-11-15 09:23:46,819][utils.training][INFO] - Testing Batch 251/1563: Current Batch Loss: 0.10089552402496338
[2024-11-15 09:23:46,819][utils.training][INFO] - Accuracy: 0.9635209163346613, Precision: 0.9637095612891715, Recall: 0.9636496804383754, F1: 0.9636467658439681, roc_auc: 0.9797973602517169
[2024-11-15 09:23:47,776][utils.training][INFO] - Testing Batch 301/1563: Current Batch Loss: 0.05831016227602959
[2024-11-15 09:23:47,776][utils.training][INFO] - Accuracy: 0.9641818936877077, Precision: 0.9642859604478243, Recall: 0.9641959691633082, F1: 0.9642038574965175, roc_auc: 0.9801079562933321
[2024-11-15 09:23:48,106][utils.training][INFO] - Avg Batch Train / Test Loss: 0.07653958884857938 / 0.10881944734100311
[2024-11-15 09:23:48,106][utils.training][INFO] - -------- Epoch: 4/5 --------
[2024-11-15 09:23:48,112][utils.training][INFO] - Training the model ...
[2024-11-15 09:23:48,514][utils.training][INFO] - Training Batch 1/1563: Current Batch Loss: 0.008165131323039532
[2024-11-15 09:23:48,515][utils.training][INFO] - Accuracy: 1.0, Precision: 1.0, Recall: 1.0, F1: 1.0, roc_auc: 1.0
[2024-11-15 09:23:51,009][utils.training][INFO] - Training Batch 51/1563: Current Batch Loss: 0.03241371735930443
[2024-11-15 09:23:51,009][utils.training][INFO] - Accuracy: 0.9883578431372549, Precision: 0.9884096123588579, Recall: 0.9884207645634978, F1: 0.9883754181938992, roc_auc: 0.9935635845968485
[2024-11-15 09:23:53,293][utils.training][INFO] - Training Batch 101/1563: Current Batch Loss: 0.009096468798816204
[2024-11-15 09:23:53,293][utils.training][INFO] - Accuracy: 0.9891707920792079, Precision: 0.9892660218612981, Recall: 0.9891480600404208, F1: 0.9891971334317361, roc_auc: 0.9939715953384916
[2024-11-15 09:23:55,593][utils.training][INFO] - Training Batch 151/1563: Current Batch Loss: 0.016212815418839455
[2024-11-15 09:23:55,593][utils.training][INFO] - Accuracy: 0.9873758278145696, Precision: 0.9874522417444597, Recall: 0.987174854665993, F1: 0.9873005704474419, roc_auc: 0.9928855960158629
[2024-11-15 09:23:57,906][utils.training][INFO] - Training Batch 201/1563: Current Batch Loss: 0.007761124521493912
[2024-11-15 09:23:57,906][utils.training][INFO] - Accuracy: 0.9875621890547264, Precision: 0.9875977629292626, Recall: 0.9874344419851091, F1: 0.9875073528980318, roc_auc: 0.9930259631158098
[2024-11-15 09:24:00,230][utils.training][INFO] - Training Batch 251/1563: Current Batch Loss: 0.06300557404756546
[2024-11-15 09:24:00,230][utils.training][INFO] - Accuracy: 0.9871762948207171, Precision: 0.9872347705243163, Recall: 0.9870951913888314, F1: 0.987153122126373, roc_auc: 0.9928348413974595
[2024-11-15 09:24:02,571][utils.training][INFO] - Training Batch 301/1563: Current Batch Loss: 0.07608699798583984
[2024-11-15 09:24:02,571][utils.training][INFO] - Accuracy: 0.9873338870431894, Precision: 0.9873969072935818, Recall: 0.9872945922803918, F1: 0.9873377675341782, roc_auc: 0.9929432406564697
[2024-11-15 09:24:04,925][utils.training][INFO] - Training Batch 351/1563: Current Batch Loss: 0.09620404988527298
[2024-11-15 09:24:04,925][utils.training][INFO] - Accuracy: 0.9869123931623932, Precision: 0.9869485005396408, Recall: 0.9868673230643003, F1: 0.9869028163330256, roc_auc: 0.9927062985489732
[2024-11-15 09:24:07,292][utils.training][INFO] - Training Batch 401/1563: Current Batch Loss: 0.009344931691884995
[2024-11-15 09:24:07,292][utils.training][INFO] - Accuracy: 0.9865960099750624, Precision: 0.9866133224337016, Recall: 0.9865630364523668, F1: 0.9865840425816629, roc_auc: 0.992536737777811
[2024-11-15 09:24:09,680][utils.training][INFO] - Training Batch 451/1563: Current Batch Loss: 0.0583929568529129
[2024-11-15 09:24:09,680][utils.training][INFO] - Accuracy: 0.9868348115299335, Precision: 0.9868325654480653, Recall: 0.9867927571915558, F1: 0.9868103850301306, roc_auc: 0.9926649846076794
[2024-11-15 09:24:12,079][utils.training][INFO] - Training Batch 501/1563: Current Batch Loss: 0.007235350552946329
[2024-11-15 09:24:12,080][utils.training][INFO] - Accuracy: 0.9866516966067864, Precision: 0.9866559540571241, Recall: 0.986628136121578, F1: 0.986640096740383, roc_auc: 0.9925724510156476
[2024-11-15 09:24:14,491][utils.training][INFO] - Training Batch 551/1563: Current Batch Loss: 0.007003622595220804
[2024-11-15 09:24:14,491][utils.training][INFO] - Accuracy: 0.9866152450090744, Precision: 0.986625793898888, Recall: 0.9866014666339529, F1: 0.9866114993846578, roc_auc: 0.9925570474510312
[2024-11-15 09:24:16,910][utils.training][INFO] - Training Batch 601/1563: Current Batch Loss: 0.17078760266304016
[2024-11-15 09:24:16,911][utils.training][INFO] - Accuracy: 0.9865848585690515, Precision: 0.9866168063362049, Recall: 0.9866043295792695, F1: 0.9866086258118159, roc_auc: 0.9925566393536652
[2024-11-15 09:24:19,355][utils.training][INFO] - Training Batch 651/1563: Current Batch Loss: 0.007108054589480162
[2024-11-15 09:24:19,358][utils.training][INFO] - Accuracy: 0.986847158218126, Precision: 0.9868627925152074, Recall: 0.9868557301442772, F1: 0.9868575128438717, roc_auc: 0.9926970283117704
[2024-11-15 09:24:21,822][utils.training][INFO] - Training Batch 701/1563: Current Batch Loss: 0.03310609608888626
[2024-11-15 09:24:21,822][utils.training][INFO] - Accuracy: 0.9868937232524965, Precision: 0.9869187433225004, Recall: 0.9869096352688704, F1: 0.9869123243482146, roc_auc: 0.9927265030625076
[2024-11-15 09:24:24,292][utils.training][INFO] - Training Batch 751/1563: Current Batch Loss: 0.04625833034515381
[2024-11-15 09:24:24,292][utils.training][INFO] - Accuracy: 0.9866428095872171, Precision: 0.9866598545603612, Recall: 0.9866488533884852, F1: 0.9866528981082009, roc_auc: 0.9925822143863808
[2024-11-15 09:24:26,770][utils.training][INFO] - Training Batch 801/1563: Current Batch Loss: 0.02399461343884468
[2024-11-15 09:24:26,770][utils.training][INFO] - Accuracy: 0.986189138576779, Precision: 0.98621446232914, Recall: 0.9862052641705855, F1: 0.9862083787092841, roc_auc: 0.9923351626667196
[2024-11-15 09:24:29,261][utils.training][INFO] - Training Batch 851/1563: Current Batch Loss: 0.005970415193587542
[2024-11-15 09:24:29,261][utils.training][INFO] - Accuracy: 0.9863028789659224, Precision: 0.986323840330544, Recall: 0.9863155952343347, F1: 0.9863182594703768, roc_auc: 0.9923966874810214
[2024-11-15 09:24:31,763][utils.training][INFO] - Training Batch 901/1563: Current Batch Loss: 0.015453080646693707
[2024-11-15 09:24:31,763][utils.training][INFO] - Accuracy: 0.986646781354051, Precision: 0.9866648845865535, Recall: 0.9866569242434746, F1: 0.9866598164670781, roc_auc: 0.9925864835664268
[2024-11-15 09:24:34,301][utils.training][INFO] - Training Batch 951/1563: Current Batch Loss: 0.01288346666842699
[2024-11-15 09:24:34,301][utils.training][INFO] - Accuracy: 0.9864944794952681, Precision: 0.9865069009300063, Recall: 0.9865019113758203, F1: 0.9865031715454735, roc_auc: 0.9925005545545401
[2024-11-15 09:24:36,853][utils.training][INFO] - Training Batch 1001/1563: Current Batch Loss: 0.0165602657943964
[2024-11-15 09:24:36,853][utils.training][INFO] - Accuracy: 0.986294955044955, Precision: 0.9863068198257903, Recall: 0.9863051242345057, F1: 0.986304886974577, roc_auc: 0.9923910781235193
[2024-11-15 09:24:39,412][utils.training][INFO] - Training Batch 1051/1563: Current Batch Loss: 0.10355177521705627
[2024-11-15 09:24:39,412][utils.training][INFO] - Accuracy: 0.985965746907707, Precision: 0.9859742197933332, Recall: 0.9859696735382473, F1: 0.9859711053657835, roc_auc: 0.9922050881487949
[2024-11-15 09:24:41,978][utils.training][INFO] - Training Batch 1101/1563: Current Batch Loss: 0.03460181504487991
[2024-11-15 09:24:41,978][utils.training][INFO] - Accuracy: 0.9856380563124433, Precision: 0.985643830269279, Recall: 0.9856459263036793, F1: 0.9856436392793564, roc_auc: 0.9920250180113765
[2024-11-15 09:24:44,565][utils.training][INFO] - Training Batch 1151/1563: Current Batch Loss: 0.02070200815796852
[2024-11-15 09:24:44,565][utils.training][INFO] - Accuracy: 0.9854202867072112, Precision: 0.9854337447209964, Recall: 0.9854418902379279, F1: 0.9854362477313117, roc_auc: 0.99191084655639
[2024-11-15 09:24:47,173][utils.training][INFO] - Training Batch 1201/1563: Current Batch Loss: 0.03573787212371826
[2024-11-15 09:24:47,173][utils.training][INFO] - Accuracy: 0.985428809325562, Precision: 0.9854333694461408, Recall: 0.9854421631432528, F1: 0.9854358884404324, roc_auc: 0.9919115149867913
[2024-11-15 09:24:49,806][utils.training][INFO] - Training Batch 1251/1563: Current Batch Loss: 0.1706792563199997
[2024-11-15 09:24:49,806][utils.training][INFO] - Accuracy: 0.9854616306954437, Precision: 0.9854660478250942, Recall: 0.9854761286762652, F1: 0.9854691361620349, roc_auc: 0.991930316523221
[2024-11-15 09:24:52,459][utils.training][INFO] - Training Batch 1301/1563: Current Batch Loss: 0.2951720654964447
[2024-11-15 09:24:52,463][utils.training][INFO] - Accuracy: 0.9856120292083013, Precision: 0.985608284787706, Recall: 0.9856157038121726, F1: 0.9856103425524992, roc_auc: 0.9920085063877421
[2024-11-15 09:24:55,128][utils.training][INFO] - Training Batch 1351/1563: Current Batch Loss: 0.00614404259249568
[2024-11-15 09:24:55,128][utils.training][INFO] - Accuracy: 0.9856587712805329, Precision: 0.9856587714594639, Recall: 0.9856646007627183, F1: 0.9856599639954353, roc_auc: 0.9920355320083107
[2024-11-15 09:24:57,791][utils.training][INFO] - Training Batch 1401/1563: Current Batch Loss: 0.002922212006524205
[2024-11-15 09:24:57,791][utils.training][INFO] - Accuracy: 0.9855014275517487, Precision: 0.9855073751152712, Recall: 0.9855149762403927, F1: 0.9855096356026707, roc_auc: 0.991951939200589
[2024-11-15 09:25:00,466][utils.training][INFO] - Training Batch 1451/1563: Current Batch Loss: 0.0022972242441028357
[2024-11-15 09:25:00,466][utils.training][INFO] - Accuracy: 0.9857210544452102, Precision: 0.9857274516691641, Recall: 0.9857356185367845, F1: 0.9857300812491993, roc_auc: 0.9920744622227706
[2024-11-15 09:25:03,185][utils.training][INFO] - Training Batch 1501/1563: Current Batch Loss: 0.03294289484620094
[2024-11-15 09:25:03,185][utils.training][INFO] - Accuracy: 0.9858011325782812, Precision: 0.9858028780071624, Recall: 0.9858118252973636, F1: 0.9858058015908551, roc_auc: 0.9921170454539894
[2024-11-15 09:25:05,881][utils.training][INFO] - Training Batch 1551/1563: Current Batch Loss: 0.05545558035373688
[2024-11-15 09:25:05,881][utils.training][INFO] - Accuracy: 0.9858558994197292, Precision: 0.985855648822534, Recall: 0.9858621816683353, F1: 0.985857758692398, roc_auc: 0.9921452829416092
[2024-11-15 09:25:06,886][utils.training][INFO] - Testing the model ...
[2024-11-15 09:25:07,218][utils.training][INFO] - Testing Batch 1/1563: Current Batch Loss: 0.008396745659410954
[2024-11-15 09:25:07,218][utils.training][INFO] - Accuracy: 1.0, Precision: 1.0, Recall: 1.0, F1: 1.0, roc_auc: 1.0
[2024-11-15 09:25:08,240][utils.training][INFO] - Testing Batch 51/1563: Current Batch Loss: 0.005404521245509386
[2024-11-15 09:25:08,240][utils.training][INFO] - Accuracy: 0.9650735294117647, Precision: 0.9652478935031545, Recall: 0.9642603513410494, F1: 0.964607329180037, roc_auc: 0.9801888581186604
[2024-11-15 09:25:09,137][utils.training][INFO] - Testing Batch 101/1563: Current Batch Loss: 0.24992822110652924
[2024-11-15 09:25:09,137][utils.training][INFO] - Accuracy: 0.9625618811881188, Precision: 0.9626816047108996, Recall: 0.9624080831721763, F1: 0.9623604822008657, roc_auc: 0.9791250245581207
[2024-11-15 09:25:10,047][utils.training][INFO] - Testing Batch 151/1563: Current Batch Loss: 0.030825123190879822
[2024-11-15 09:25:10,047][utils.training][INFO] - Accuracy: 0.9635761589403974, Precision: 0.9638348798234249, Recall: 0.9634924552303937, F1: 0.9635124750314968, roc_auc: 0.9797226911537434
[2024-11-15 09:25:10,972][utils.training][INFO] - Testing Batch 201/1563: Current Batch Loss: 0.06493246555328369
[2024-11-15 09:25:10,972][utils.training][INFO] - Accuracy: 0.962842039800995, Precision: 0.9632345572201289, Recall: 0.9629514768689301, F1: 0.9628800307782581, roc_auc: 0.9794110509090274
[2024-11-15 09:25:11,907][utils.training][INFO] - Testing Batch 251/1563: Current Batch Loss: 0.046237193048000336
[2024-11-15 09:25:11,907][utils.training][INFO] - Accuracy: 0.9632719123505976, Precision: 0.9635946187085705, Recall: 0.963416589357173, F1: 0.9633457097702683, roc_auc: 0.9796674348405128
[2024-11-15 09:25:12,855][utils.training][INFO] - Testing Batch 301/1563: Current Batch Loss: 0.010297104716300964
[2024-11-15 09:25:12,855][utils.training][INFO] - Accuracy: 0.9642857142857143, Precision: 0.9645953439855166, Recall: 0.964283001768514, F1: 0.9642697645521027, roc_auc: 0.9801571610286122
[2024-11-15 09:25:13,188][utils.training][INFO] - Avg Batch Train / Test Loss: 0.046239471577166895 / 0.10815304002208344
[2024-11-15 09:25:13,188][utils.training][INFO] - -------- Epoch: 5/5 --------
[2024-11-15 09:25:13,194][utils.training][INFO] - Training the model ...
[2024-11-15 09:25:13,668][utils.training][INFO] - Training Batch 1/1563: Current Batch Loss: 0.05357116833329201
[2024-11-15 09:25:13,668][utils.training][INFO] - Accuracy: 1.0, Precision: 1.0, Recall: 1.0, F1: 1.0, roc_auc: nan
[2024-11-15 09:25:15,954][utils.training][INFO] - Training Batch 51/1563: Current Batch Loss: 0.015044224448502064
[2024-11-15 09:25:15,955][utils.training][INFO] - Accuracy: 0.9908088235294118, Precision: 0.9909383753280911, Recall: 0.9908762303717988, F1: 0.9908711206763513, roc_auc: 0.9949271120941228
[2024-11-15 09:25:18,243][utils.training][INFO] - Training Batch 101/1563: Current Batch Loss: 0.013013106770813465
[2024-11-15 09:25:18,243][utils.training][INFO] - Accuracy: 0.9922648514851485, Precision: 0.9923557278313357, Recall: 0.9921017012760469, F1: 0.9922050756296621, roc_auc: 0.9956207053657529
[2024-11-15 09:25:20,543][utils.training][INFO] - Training Batch 151/1563: Current Batch Loss: 0.0240579005330801
[2024-11-15 09:25:20,543][utils.training][INFO] - Accuracy: 0.992135761589404, Precision: 0.9921684948356975, Recall: 0.9920973880716749, F1: 0.9921252013465656, roc_auc: 0.9956115631610117
[2024-11-15 09:25:22,854][utils.training][INFO] - Training Batch 201/1563: Current Batch Loss: 0.027161410078406334
[2024-11-15 09:25:22,854][utils.training][INFO] - Accuracy: 0.992226368159204, Precision: 0.9922854366774889, Recall: 0.9922337126413542, F1: 0.9922530808342443, roc_auc: 0.9956846542802504
[2024-11-15 09:25:25,179][utils.training][INFO] - Training Batch 251/1563: Current Batch Loss: 0.005642398726195097
[2024-11-15 09:25:25,179][utils.training][INFO] - Accuracy: 0.992156374501992, Precision: 0.9922002681034616, Recall: 0.9921633944158149, F1: 0.9921782998030337, roc_auc: 0.9956456571867912
[2024-11-15 09:25:27,521][utils.training][INFO] - Training Batch 301/1563: Current Batch Loss: 0.03014243021607399
[2024-11-15 09:25:27,522][utils.training][INFO] - Accuracy: 0.9917981727574751, Precision: 0.9917972900374696, Recall: 0.9917837777857921, F1: 0.9917869877176073, roc_auc: 0.9954362349888191
[2024-11-15 09:25:29,887][utils.training][INFO] - Training Batch 351/1563: Current Batch Loss: 0.04767974838614464
[2024-11-15 09:25:29,888][utils.training][INFO] - Accuracy: 0.9917200854700855, Precision: 0.9917349126108856, Recall: 0.9916922558403188, F1: 0.9917106583333906, roc_auc: 0.9953860228826965
[2024-11-15 09:25:32,262][utils.training][INFO] - Training Batch 401/1563: Current Batch Loss: 0.0015810488257557154
[2024-11-15 09:25:32,262][utils.training][INFO] - Accuracy: 0.9919731920199502, Precision: 0.9919895386943862, Recall: 0.991939760692904, F1: 0.9919618611078924, roc_auc: 0.9955238398649657
[2024-11-15 09:25:34,644][utils.training][INFO] - Training Batch 451/1563: Current Batch Loss: 0.003177434904500842
[2024-11-15 09:25:34,644][utils.training][INFO] - Accuracy: 0.9921008869179601, Precision: 0.9921125544743109, Recall: 0.9920755866829343, F1: 0.9920920233148376, roc_auc: 0.9955988747876253
[2024-11-15 09:25:37,044][utils.training][INFO] - Training Batch 501/1563: Current Batch Loss: 0.022741014137864113
[2024-11-15 09:25:37,044][utils.training][INFO] - Accuracy: 0.9921407185628742, Precision: 0.9921624508885165, Recall: 0.9921240272149948, F1: 0.9921415929466422, roc_auc: 0.9956252455934657
[2024-11-15 09:25:39,456][utils.training][INFO] - Training Batch 551/1563: Current Batch Loss: 0.03564350679516792
[2024-11-15 09:25:39,457][utils.training][INFO] - Accuracy: 0.9920031760435571, Precision: 0.9920271206911442, Recall: 0.991987403885753, F1: 0.9920050175331548, roc_auc: 0.9955493071759742
[2024-11-15 09:25:41,882][utils.training][INFO] - Training Batch 601/1563: Current Batch Loss: 0.0018349399324506521
[2024-11-15 09:25:41,882][utils.training][INFO] - Accuracy: 0.9920445091514143, Precision: 0.992061454349878, Recall: 0.9920339727375165, F1: 0.9920459135631283, roc_auc: 0.9955749269837824
[2024-11-15 09:25:44,336][utils.training][INFO] - Training Batch 651/1563: Current Batch Loss: 0.03977888077497482
[2024-11-15 09:25:44,337][utils.training][INFO] - Accuracy: 0.991647465437788, Precision: 0.9916703882952698, Recall: 0.9916409331308464, F1: 0.9916537908621968, roc_auc: 0.995356312707884
[2024-11-15 09:25:46,800][utils.training][INFO] - Training Batch 701/1563: Current Batch Loss: 0.06452880054712296
[2024-11-15 09:25:46,800][utils.training][INFO] - Accuracy: 0.9913516405135521, Precision: 0.9913671636581516, Recall: 0.9913454978220017, F1: 0.9913551481921493, roc_auc: 0.9951921914777493
[2024-11-15 09:25:49,273][utils.training][INFO] - Training Batch 751/1563: Current Batch Loss: 0.01873750053346157
[2024-11-15 09:25:49,273][utils.training][INFO] - Accuracy: 0.9915945406125166, Precision: 0.9916060149869391, Recall: 0.9915885962221946, F1: 0.9915961153085926, roc_auc: 0.9953272671613396
[2024-11-15 09:25:51,755][utils.training][INFO] - Training Batch 801/1563: Current Batch Loss: 0.003879435593262315
[2024-11-15 09:25:51,755][utils.training][INFO] - Accuracy: 0.9916120474406991, Precision: 0.9916208579388138, Recall: 0.9916097362146299, F1: 0.9916139462368131, roc_auc: 0.9953388322092003
[2024-11-15 09:25:54,254][utils.training][INFO] - Training Batch 851/1563: Current Batch Loss: 0.01179120410233736
[2024-11-15 09:25:54,255][utils.training][INFO] - Accuracy: 0.9914806110458284, Precision: 0.9914924218072061, Recall: 0.9914790681871489, F1: 0.991484801288465, roc_auc: 0.9952661700202524
[2024-11-15 09:25:56,793][utils.training][INFO] - Training Batch 901/1563: Current Batch Loss: 0.016098536550998688
[2024-11-15 09:25:56,793][utils.training][INFO] - Accuracy: 0.9914678135405105, Precision: 0.991482208427928, Recall: 0.9914683832324582, F1: 0.991474397528594, roc_auc: 0.9952601039299314
[2024-11-15 09:25:59,323][utils.training][INFO] - Training Batch 951/1563: Current Batch Loss: 0.0029115178622305393
[2024-11-15 09:25:59,323][utils.training][INFO] - Accuracy: 0.9914563617245006, Precision: 0.9914702504409032, Recall: 0.9914598845875989, F1: 0.9914642309588558, roc_auc: 0.9952552253656188
[2024-11-15 09:26:01,865][utils.training][INFO] - Training Batch 1001/1563: Current Batch Loss: 0.019042130559682846
[2024-11-15 09:26:01,865][utils.training][INFO] - Accuracy: 0.9913836163836164, Precision: 0.9913957371597109, Recall: 0.9913870755967013, F1: 0.9913904407016003, roc_auc: 0.9952147923123704
[2024-11-15 09:26:04,455][utils.training][INFO] - Training Batch 1051/1563: Current Batch Loss: 0.06029999628663063
[2024-11-15 09:26:04,455][utils.training][INFO] - Accuracy: 0.9913475261655567, Precision: 0.9913550801572677, Recall: 0.9913471200399885, F1: 0.9913500690509182, roc_auc: 0.9951928402662278
[2024-11-15 09:26:07,033][utils.training][INFO] - Training Batch 1101/1563: Current Batch Loss: 0.011910531669855118
[2024-11-15 09:26:07,033][utils.training][INFO] - Accuracy: 0.991428247048138, Precision: 0.9914329554568369, Recall: 0.9914256530405379, F1: 0.9914283939735664, roc_auc: 0.9952366065598175
[2024-11-15 09:26:09,657][utils.training][INFO] - Training Batch 1151/1563: Current Batch Loss: 0.003044221783056855
[2024-11-15 09:26:09,657][utils.training][INFO] - Accuracy: 0.9913390529973936, Precision: 0.9913470947149428, Recall: 0.9913359519640912, F1: 0.9913402567926306, roc_auc: 0.9951867921150471
[2024-11-15 09:26:12,277][utils.training][INFO] - Training Batch 1201/1563: Current Batch Loss: 0.05141424387693405
[2024-11-15 09:26:12,277][utils.training][INFO] - Accuracy: 0.9914394254787677, Precision: 0.9914414276767977, Recall: 0.9914353668817488, F1: 0.9914372637782695, roc_auc: 0.9952421111283378
[2024-11-15 09:26:14,895][utils.training][INFO] - Training Batch 1251/1563: Current Batch Loss: 0.004453593399375677
[2024-11-15 09:26:14,895][utils.training][INFO] - Accuracy: 0.9914818145483613, Precision: 0.9914790879220339, Recall: 0.9914760704717345, F1: 0.9914762776481453, roc_auc: 0.9952648500666855
[2024-11-15 09:26:17,547][utils.training][INFO] - Training Batch 1301/1563: Current Batch Loss: 0.012744779698550701
[2024-11-15 09:26:17,547][utils.training][INFO] - Accuracy: 0.9915689853958494, Precision: 0.9915704954873228, Recall: 0.9915660356518752, F1: 0.9915672667217965, roc_auc: 0.9953146436288334
[2024-11-15 09:26:20,198][utils.training][INFO] - Training Batch 1351/1563: Current Batch Loss: 0.007289411965757608
[2024-11-15 09:26:20,199][utils.training][INFO] - Accuracy: 0.9915340488527017, Precision: 0.9915339086406633, Recall: 0.9915305104812097, F1: 0.9915310995837562, roc_auc: 0.9952949511834929
[2024-11-15 09:26:22,860][utils.training][INFO] - Training Batch 1401/1563: Current Batch Loss: 0.0132674565538764
[2024-11-15 09:26:22,860][utils.training][INFO] - Accuracy: 0.9915016059957173, Precision: 0.991502416269587, Recall: 0.9914991104542221, F1: 0.9914997168010442, roc_auc: 0.9952774413852167
[2024-11-15 09:26:25,533][utils.training][INFO] - Training Batch 1451/1563: Current Batch Loss: 0.004691683687269688
[2024-11-15 09:26:25,533][utils.training][INFO] - Accuracy: 0.9915144727773949, Precision: 0.9915134137273262, Recall: 0.9915128631444267, F1: 0.9915122070743548, roc_auc: 0.9952850406026812
[2024-11-15 09:26:28,221][utils.training][INFO] - Training Batch 1501/1563: Current Batch Loss: 0.04786619916558266
[2024-11-15 09:26:28,221][utils.training][INFO] - Accuracy: 0.9914432045303131, Precision: 0.9914414247230587, Recall: 0.9914406837448666, F1: 0.991440302939526, roc_auc: 0.9952449922111093
[2024-11-15 09:26:30,950][utils.training][INFO] - Training Batch 1551/1563: Current Batch Loss: 0.017461339011788368
[2024-11-15 09:26:30,950][utils.training][INFO] - Accuracy: 0.9914369761444229, Precision: 0.9914405197904571, Recall: 0.9914372505877529, F1: 0.9914380510949801, roc_auc: 0.995242901143832
[2024-11-15 09:26:31,967][utils.training][INFO] - Testing the model ...
[2024-11-15 09:26:32,381][utils.training][INFO] - Testing Batch 1/1563: Current Batch Loss: 0.002606752561405301
[2024-11-15 09:26:32,382][utils.training][INFO] - Accuracy: 1.0, Precision: 1.0, Recall: 1.0, F1: 1.0, roc_auc: 1.0
[2024-11-15 09:26:33,343][utils.training][INFO] - Testing Batch 51/1563: Current Batch Loss: 0.004945030901581049
[2024-11-15 09:26:33,343][utils.training][INFO] - Accuracy: 0.9662990196078431, Precision: 0.9657538270512595, Recall: 0.9659851162476712, F1: 0.9656557276120328, roc_auc: 0.981125325721101
[2024-11-15 09:26:34,246][utils.training][INFO] - Testing Batch 101/1563: Current Batch Loss: 0.1646369993686676
[2024-11-15 09:26:34,246][utils.training][INFO] - Accuracy: 0.9644183168316832, Precision: 0.9643403049256584, Recall: 0.9643608403257267, F1: 0.9642163733162802, roc_auc: 0.9802050140327039
[2024-11-15 09:26:35,162][utils.training][INFO] - Testing Batch 151/1563: Current Batch Loss: 0.01722828857600689
[2024-11-15 09:26:35,162][utils.training][INFO] - Accuracy: 0.9652317880794702, Precision: 0.9651895705722028, Recall: 0.9652052306933024, F1: 0.9651189054190578, roc_auc: 0.9806717262562732
[2024-11-15 09:26:36,090][utils.training][INFO] - Testing Batch 201/1563: Current Batch Loss: 0.0664670318365097
[2024-11-15 09:26:36,090][utils.training][INFO] - Accuracy: 0.9645522388059702, Precision: 0.9646634089710983, Recall: 0.9646423844006872, F1: 0.964586545085894, roc_auc: 0.9803514023861416
[2024-11-15 09:26:37,032][utils.training][INFO] - Testing Batch 251/1563: Current Batch Loss: 0.0857793539762497
[2024-11-15 09:26:37,033][utils.training][INFO] - Accuracy: 0.9650149402390438, Precision: 0.9651205426377066, Recall: 0.9651009186856454, F1: 0.9650554963518398, roc_auc: 0.9806062395193396
[2024-11-15 09:26:37,987][utils.training][INFO] - Testing Batch 301/1563: Current Batch Loss: 0.04603127762675285
[2024-11-15 09:26:37,988][utils.training][INFO] - Accuracy: 0.9663621262458472, Precision: 0.9663587419609969, Recall: 0.9663876116065522, F1: 0.9663369898707614, roc_auc: 0.9813250158968382
[2024-11-15 09:26:38,318][utils.training][INFO] - Avg Batch Train / Test Loss: 0.028487598549380065 / 0.11152660601903289
