[2024-11-14 17:42:49,036][__main__][INFO] - comet_logger:
  initialize: false
  api_key: null
  project_name: null
  workspace: null
  name: null
training:
  epochs: 5
  batch_size: 32
  learning_rate: 0.001
  weight_decay: 0.0001
  num_workers: 8
  optimizer: TODO
  loss: TODO
data:
  data_path: /storage/homefs/tf24s166/code/cifar10/data
  label_path: TODO
  target_column: target
  features: TODO

[2024-11-14 17:42:49,109][__main__][INFO] - Using device: cuda
[2024-11-14 17:42:53,703][utils.training][INFO] - Class weights: tensor([1., 1., 1., 1., 1., 1., 1., 1., 1., 1.], device='cuda:0')
[2024-11-14 17:42:53,704][utils.training][INFO] - -------- Epoch: 1/5 --------
[2024-11-14 17:42:53,704][utils.training][INFO] - Training the model ...
