[2024-11-15 09:30:15,736][__main__][INFO] - comet_logger:
  initialize: true
  api_key: null
  project_name: null
  workspace: null
  name: null
training:
  epochs: 5
  batch_size: 32
  learning_rate: 0.001
  weight_decay: 0.0001
  num_workers: 8
  optimizer: TODO
  loss: TODO
data:
  data_path: /storage/homefs/tf24s166/code/cifar10/data
  label_path: TODO
  target_column: target
  features: TODO

[2024-11-15 09:30:15,736][__main__][INFO] - Setting up comet logger
[2024-11-15 09:30:20,520][__main__][INFO] - Using device: cuda
[2024-11-15 09:30:24,215][utils.training][INFO] - Class weights: tensor([1., 1., 1., 1., 1., 1., 1., 1., 1., 1.], device='cuda:0')
[2024-11-15 09:30:24,215][utils.training][INFO] - -------- Epoch: 1/5 --------
[2024-11-15 09:30:24,215][utils.training][INFO] - Training the model ...
[2024-11-15 09:30:25,830][utils.training][INFO] - Training Batch 1/1563: Current Batch Loss: 2.321607828140259
[2024-11-15 09:30:25,830][utils.training][INFO] - Accuracy: 0.09375, Precision: 0.06944444444444445, Recall: 0.09583333333333333, F1: 0.05095238095238095, roc_auc: 0.49810293330037486
[2024-11-15 09:30:34,895][utils.training][INFO] - Training Batch 201/1563: Current Batch Loss: 0.5721143484115601
[2024-11-15 09:30:34,895][utils.training][INFO] - Accuracy: 0.5726057213930348, Precision: 0.5807765967789704, Recall: 0.5724621304611424, F1: 0.5701109396628834, roc_auc: 0.7624689792085082
[2024-11-15 09:30:44,040][utils.training][INFO] - Training Batch 401/1563: Current Batch Loss: 0.4567876160144806
[2024-11-15 09:30:44,041][utils.training][INFO] - Accuracy: 0.7037874064837906, Precision: 0.7060332573092545, Recall: 0.7030956177242672, F1: 0.7021594208411701, roc_auc: 0.8350878073403788
[2024-11-15 09:30:53,252][utils.training][INFO] - Training Batch 601/1563: Current Batch Loss: 0.14974457025527954
[2024-11-15 09:30:53,252][utils.training][INFO] - Accuracy: 0.7613872712146422, Precision: 0.7622824447382924, Recall: 0.7613997948611375, F1: 0.7605923025622989, roc_auc: 0.8674438264629407
[2024-11-15 09:31:02,533][utils.training][INFO] - Training Batch 801/1563: Current Batch Loss: 0.23238928616046906
[2024-11-15 09:31:02,533][utils.training][INFO] - Accuracy: 0.7970895755305868, Precision: 0.7975752204315303, Recall: 0.7970686313269536, F1: 0.7965510960073441, roc_auc: 0.8872615704228819
[2024-11-15 09:31:11,909][utils.training][INFO] - Training Batch 1001/1563: Current Batch Loss: 0.1913006603717804
[2024-11-15 09:31:11,909][utils.training][INFO] - Accuracy: 0.8208041958041958, Precision: 0.8209547765974312, Recall: 0.8206874160326718, F1: 0.8202977594386353, roc_auc: 0.900388831824133
[2024-11-15 09:31:21,326][utils.training][INFO] - Training Batch 1201/1563: Current Batch Loss: 0.08926911652088165
[2024-11-15 09:31:21,327][utils.training][INFO] - Accuracy: 0.838441923397169, Precision: 0.8384768450772692, Recall: 0.8383801187668238, F1: 0.838041922384806, roc_auc: 0.9102152716889433
[2024-11-15 09:31:30,781][utils.training][INFO] - Training Batch 1401/1563: Current Batch Loss: 0.09793210029602051
[2024-11-15 09:31:30,781][utils.training][INFO] - Accuracy: 0.8507985367594575, Precision: 0.8508462881934074, Recall: 0.8508157566769565, F1: 0.8505363700816988, roc_auc: 0.9171189249423952
[2024-11-15 09:31:38,643][utils.training][INFO] - Testing the model ...
[2024-11-15 09:31:39,021][utils.training][INFO] - Testing Batch 1/1563: Current Batch Loss: 0.03151572495698929
[2024-11-15 09:31:39,022][utils.training][INFO] - Accuracy: 1.0, Precision: 1.0, Recall: 1.0, F1: 1.0, roc_auc: 1.0
[2024-11-15 09:31:40,065][utils.training][INFO] - Testing Batch 51/1563: Current Batch Loss: 0.05648910999298096
[2024-11-15 09:31:40,065][utils.training][INFO] - Accuracy: 0.9491421568627451, Precision: 0.9487638928909433, Recall: 0.948401628250374, F1: 0.9482303414476432, roc_auc: 0.9713771491587471
[2024-11-15 09:31:40,960][utils.training][INFO] - Testing Batch 101/1563: Current Batch Loss: 0.16923046112060547
[2024-11-15 09:31:40,960][utils.training][INFO] - Accuracy: 0.9461633663366337, Precision: 0.9463230374377855, Recall: 0.9459534807924179, F1: 0.9458811260502724, roc_auc: 0.9699858067763609
[2024-11-15 09:31:42,096][utils.training][INFO] - Testing Batch 151/1563: Current Batch Loss: 0.08599325269460678
[2024-11-15 09:31:42,104][utils.training][INFO] - Accuracy: 0.9463990066225165, Precision: 0.9464782086492676, Recall: 0.9462889311599334, F1: 0.9462101153782342, roc_auc: 0.9701676072673109
[2024-11-15 09:31:43,024][utils.training][INFO] - Testing Batch 201/1563: Current Batch Loss: 0.16166527569293976
[2024-11-15 09:31:43,024][utils.training][INFO] - Accuracy: 0.9457400497512438, Precision: 0.9460223501397644, Recall: 0.9458560339531384, F1: 0.9458233802516125, roc_auc: 0.9699134093373537
[2024-11-15 09:31:43,958][utils.training][INFO] - Testing Batch 251/1563: Current Batch Loss: 0.07103291153907776
[2024-11-15 09:31:43,958][utils.training][INFO] - Accuracy: 0.9468376494023905, Precision: 0.9470921754717458, Recall: 0.9470602214103632, F1: 0.9469545237879433, roc_auc: 0.9705765578482147
[2024-11-15 09:31:44,909][utils.training][INFO] - Testing Batch 301/1563: Current Batch Loss: 0.12863793969154358
[2024-11-15 09:31:44,909][utils.training][INFO] - Accuracy: 0.948297342192691, Precision: 0.9485813875318749, Recall: 0.9482822721385317, F1: 0.9483220600668771, roc_auc: 0.9712685502921424
[2024-11-15 09:31:45,241][utils.training][INFO] - Avg Batch Train / Test Loss: 0.46545004666742995 / 0.15485670624044948
[2024-11-15 09:31:45,241][utils.training][INFO] - -------- Epoch: 2/5 --------
[2024-11-15 09:31:45,247][utils.training][INFO] - Training the model ...
[2024-11-15 09:31:45,677][utils.training][INFO] - Training Batch 1/1563: Current Batch Loss: 0.13409145176410675
[2024-11-15 09:31:45,677][utils.training][INFO] - Accuracy: 0.96875, Precision: 0.9629629629629629, Recall: 0.9861111111111112, F1: 0.9703703703703704, roc_auc: nan
[2024-11-15 09:31:54,850][utils.training][INFO] - Training Batch 201/1563: Current Batch Loss: 0.2437255084514618
[2024-11-15 09:31:54,850][utils.training][INFO] - Accuracy: 0.9468283582089553, Precision: 0.9467183621832721, Recall: 0.9466816731641604, F1: 0.9466810591431749, roc_auc: 0.9703870495884697
[2024-11-15 09:32:04,009][utils.training][INFO] - Training Batch 401/1563: Current Batch Loss: 0.05739915743470192
[2024-11-15 09:32:04,009][utils.training][INFO] - Accuracy: 0.9495791770573566, Precision: 0.9494916285059931, Recall: 0.9494649455439698, F1: 0.9494584036381, roc_auc: 0.9719316743510747
[2024-11-15 09:32:13,245][utils.training][INFO] - Training Batch 601/1563: Current Batch Loss: 0.10555151104927063
[2024-11-15 09:32:13,245][utils.training][INFO] - Accuracy: 0.9526830282861897, Precision: 0.9526622427329363, Recall: 0.952690149531441, F1: 0.9526606681917109, roc_auc: 0.9737164242999967
[2024-11-15 09:32:22,526][utils.training][INFO] - Training Batch 801/1563: Current Batch Loss: 0.11383724957704544
[2024-11-15 09:32:22,527][utils.training][INFO] - Accuracy: 0.9524422596754057, Precision: 0.9523885350840097, Recall: 0.9524524031793795, F1: 0.9524098832727839, roc_auc: 0.9735843019193645
[2024-11-15 09:32:31,865][utils.training][INFO] - Training Batch 1001/1563: Current Batch Loss: 0.07795575261116028
[2024-11-15 09:32:31,866][utils.training][INFO] - Accuracy: 0.9545142357642358, Precision: 0.9545153034714551, Recall: 0.9545310251947775, F1: 0.9545153708143846, roc_auc: 0.9747384417074088
[2024-11-15 09:32:41,308][utils.training][INFO] - Training Batch 1201/1563: Current Batch Loss: 0.024020953103899956
[2024-11-15 09:32:41,308][utils.training][INFO] - Accuracy: 0.9550895087427144, Precision: 0.955079412379529, Recall: 0.9550822139650853, F1: 0.9550733266521088, roc_auc: 0.9750460384773145
[2024-11-15 09:32:50,799][utils.training][INFO] - Training Batch 1401/1563: Current Batch Loss: 0.06922052800655365
[2024-11-15 09:32:50,799][utils.training][INFO] - Accuracy: 0.9556566738044254, Precision: 0.9556511419466537, Recall: 0.9556550270714868, F1: 0.9556446420553553, roc_auc: 0.9753639042526914
[2024-11-15 09:32:58,666][utils.training][INFO] - Testing the model ...
[2024-11-15 09:32:58,981][utils.training][INFO] - Testing Batch 1/1563: Current Batch Loss: 0.02062038704752922
[2024-11-15 09:32:58,983][utils.training][INFO] - Accuracy: 1.0, Precision: 1.0, Recall: 1.0, F1: 1.0, roc_auc: 1.0
[2024-11-15 09:33:00,012][utils.training][INFO] - Testing Batch 51/1563: Current Batch Loss: 0.023407699540257454
[2024-11-15 09:33:00,017][utils.training][INFO] - Accuracy: 0.9583333333333334, Precision: 0.9576122627303683, Recall: 0.9578615192602224, F1: 0.9575144325629402, roc_auc: 0.9766215481399836
[2024-11-15 09:33:00,915][utils.training][INFO] - Testing Batch 101/1563: Current Batch Loss: 0.08943676948547363
[2024-11-15 09:33:00,915][utils.training][INFO] - Accuracy: 0.958230198019802, Precision: 0.9580708619490788, Recall: 0.9582677768339327, F1: 0.9580642159224023, roc_auc: 0.9768146842444441
[2024-11-15 09:33:01,827][utils.training][INFO] - Testing Batch 151/1563: Current Batch Loss: 0.027492498978972435
[2024-11-15 09:33:01,827][utils.training][INFO] - Accuracy: 0.9600579470198676, Precision: 0.9599629345326484, Recall: 0.9600792325372168, F1: 0.9599355327002757, roc_auc: 0.9778219692606737
[2024-11-15 09:33:02,752][utils.training][INFO] - Testing Batch 201/1563: Current Batch Loss: 0.08025283366441727
[2024-11-15 09:33:02,752][utils.training][INFO] - Accuracy: 0.960976368159204, Precision: 0.961057537186411, Recall: 0.9610982517594714, F1: 0.9610467671736604, roc_auc: 0.97838072837895
[2024-11-15 09:33:03,688][utils.training][INFO] - Testing Batch 251/1563: Current Batch Loss: 0.041096292436122894
[2024-11-15 09:33:03,689][utils.training][INFO] - Accuracy: 0.9610308764940239, Precision: 0.9611438478231819, Recall: 0.9611695422087326, F1: 0.9611242583365586, roc_auc: 0.9784190850837134
[2024-11-15 09:33:04,639][utils.training][INFO] - Testing Batch 301/1563: Current Batch Loss: 0.11744539439678192
[2024-11-15 09:33:04,639][utils.training][INFO] - Accuracy: 0.9615863787375415, Precision: 0.9615860115513504, Recall: 0.9616053583688329, F1: 0.9615708303253158, roc_auc: 0.9786685599825977
[2024-11-15 09:33:04,970][utils.training][INFO] - Avg Batch Train / Test Loss: 0.13454728148894304 / 0.11299045764790557
[2024-11-15 09:33:04,970][utils.training][INFO] - -------- Epoch: 3/5 --------
[2024-11-15 09:33:04,976][utils.training][INFO] - Training the model ...
[2024-11-15 09:33:05,511][utils.training][INFO] - Training Batch 1/1563: Current Batch Loss: 0.11807425320148468
[2024-11-15 09:33:05,511][utils.training][INFO] - Accuracy: 0.96875, Precision: 0.9666666666666666, Recall: 0.9666666666666666, F1: 0.96, roc_auc: 0.9816666666666667
[2024-11-15 09:33:14,614][utils.training][INFO] - Training Batch 201/1563: Current Batch Loss: 0.12946678698062897
[2024-11-15 09:33:14,614][utils.training][INFO] - Accuracy: 0.9740360696517413, Precision: 0.9740081006438374, Recall: 0.9740287800004237, F1: 0.9740035263933553, roc_auc: 0.9855719706093817
[2024-11-15 09:33:23,780][utils.training][INFO] - Training Batch 401/1563: Current Batch Loss: 0.1408224105834961
[2024-11-15 09:33:23,780][utils.training][INFO] - Accuracy: 0.9739713216957606, Precision: 0.9740360995182652, Recall: 0.9740152919675333, F1: 0.9740142168599475, roc_auc: 0.9855612618319727
[2024-11-15 09:33:33,003][utils.training][INFO] - Training Batch 601/1563: Current Batch Loss: 0.027301833033561707
[2024-11-15 09:33:33,003][utils.training][INFO] - Accuracy: 0.9756135607321131, Precision: 0.9756482068484607, Recall: 0.975623438361038, F1: 0.9756262628006234, roc_auc: 0.9864568693927147
[2024-11-15 09:33:42,280][utils.training][INFO] - Training Batch 801/1563: Current Batch Loss: 0.06240028887987137
[2024-11-15 09:33:42,280][utils.training][INFO] - Accuracy: 0.9758504993757803, Precision: 0.9758919363052895, Recall: 0.9758654014095345, F1: 0.9758717619413666, roc_auc: 0.9865909320203936
[2024-11-15 09:33:51,625][utils.training][INFO] - Training Batch 1001/1563: Current Batch Loss: 0.05515291169285774
[2024-11-15 09:33:51,625][utils.training][INFO] - Accuracy: 0.9756805694305695, Precision: 0.9757532044064418, Recall: 0.9757364284350567, F1: 0.9757411450877681, roc_auc: 0.9865167447683125
[2024-11-15 09:34:01,031][utils.training][INFO] - Training Batch 1201/1563: Current Batch Loss: 0.09018789976835251
[2024-11-15 09:34:01,032][utils.training][INFO] - Accuracy: 0.9759575353871773, Precision: 0.9760036320493819, Recall: 0.9759831206468892, F1: 0.9759884744156592, roc_auc: 0.986655667207709
[2024-11-15 09:34:10,504][utils.training][INFO] - Training Batch 1401/1563: Current Batch Loss: 0.08629384636878967
[2024-11-15 09:34:10,506][utils.training][INFO] - Accuracy: 0.9762669521770164, Precision: 0.976297280688556, Recall: 0.9762847809508861, F1: 0.9762875283364132, roc_auc: 0.9868237642159065
[2024-11-15 09:34:18,366][utils.training][INFO] - Testing the model ...
[2024-11-15 09:34:18,791][utils.training][INFO] - Testing Batch 1/1563: Current Batch Loss: 0.020373497158288956
[2024-11-15 09:34:18,796][utils.training][INFO] - Accuracy: 1.0, Precision: 1.0, Recall: 1.0, F1: 1.0, roc_auc: 1.0
[2024-11-15 09:34:19,733][utils.training][INFO] - Testing Batch 51/1563: Current Batch Loss: 0.01692884974181652
[2024-11-15 09:34:19,733][utils.training][INFO] - Accuracy: 0.9662990196078431, Precision: 0.9656350630577517, Recall: 0.9660282226750605, F1: 0.9656261361499107, roc_auc: 0.9811478271576217
[2024-11-15 09:34:20,624][utils.training][INFO] - Testing Batch 101/1563: Current Batch Loss: 0.15289521217346191
[2024-11-15 09:34:20,624][utils.training][INFO] - Accuracy: 0.9619430693069307, Precision: 0.9619929709962894, Recall: 0.9618394377316211, F1: 0.9616538858298889, roc_auc: 0.9788077530934262
[2024-11-15 09:34:21,529][utils.training][INFO] - Testing Batch 151/1563: Current Batch Loss: 0.013575674965977669
[2024-11-15 09:34:21,529][utils.training][INFO] - Accuracy: 0.9627483443708609, Precision: 0.9629472872238951, Recall: 0.9627379597546918, F1: 0.9625595119694124, roc_auc: 0.9793016062459632
[2024-11-15 09:34:22,447][utils.training][INFO] - Testing Batch 201/1563: Current Batch Loss: 0.08669393509626389
[2024-11-15 09:34:22,447][utils.training][INFO] - Accuracy: 0.9633084577114428, Precision: 0.9637143179140317, Recall: 0.9634004281257804, F1: 0.963353612270239, roc_auc: 0.9796611914257909
[2024-11-15 09:34:23,377][utils.training][INFO] - Testing Batch 251/1563: Current Batch Loss: 0.05968080833554268
[2024-11-15 09:34:23,378][utils.training][INFO] - Accuracy: 0.9637699203187251, Precision: 0.9641869997131227, Recall: 0.9638804112886368, F1: 0.9638054168411863, roc_auc: 0.979926692553596
[2024-11-15 09:34:24,325][utils.training][INFO] - Testing Batch 301/1563: Current Batch Loss: 0.033619944006204605
[2024-11-15 09:34:24,325][utils.training][INFO] - Accuracy: 0.9652200996677741, Precision: 0.9655110094987751, Recall: 0.9652638377557278, F1: 0.9651671648296422, roc_auc: 0.9806997244350433
[2024-11-15 09:34:24,665][utils.training][INFO] - Avg Batch Train / Test Loss: 0.07498229737721279 / 0.10761884256331518
[2024-11-15 09:34:24,665][utils.training][INFO] - -------- Epoch: 4/5 --------
[2024-11-15 09:34:24,671][utils.training][INFO] - Training the model ...
[2024-11-15 09:34:25,239][utils.training][INFO] - Training Batch 1/1563: Current Batch Loss: 0.062266573309898376
[2024-11-15 09:34:25,240][utils.training][INFO] - Accuracy: 0.96875, Precision: 0.9841269841269842, Recall: 0.9841269841269842, F1: 0.982905982905983, roc_auc: nan
[2024-11-15 09:34:34,378][utils.training][INFO] - Training Batch 201/1563: Current Batch Loss: 0.13927094638347626
[2024-11-15 09:34:34,379][utils.training][INFO] - Accuracy: 0.9867848258706468, Precision: 0.9867672935886598, Recall: 0.9867789836658659, F1: 0.9867700687022772, roc_auc: 0.9926553893683936
[2024-11-15 09:34:43,565][utils.training][INFO] - Training Batch 401/1563: Current Batch Loss: 0.020794769749045372
[2024-11-15 09:34:43,565][utils.training][INFO] - Accuracy: 0.9872194513715711, Precision: 0.9872181647380686, Recall: 0.9871962915765973, F1: 0.9872056070917109, roc_auc: 0.9928880795615482
[2024-11-15 09:34:52,810][utils.training][INFO] - Training Batch 601/1563: Current Batch Loss: 0.027118293568491936
[2024-11-15 09:34:52,811][utils.training][INFO] - Accuracy: 0.9868968386023295, Precision: 0.9869009767976461, Recall: 0.9869043101253758, F1: 0.9869010842864135, roc_auc: 0.9927241604869719
[2024-11-15 09:35:02,119][utils.training][INFO] - Training Batch 801/1563: Current Batch Loss: 0.0025551607832312584
[2024-11-15 09:35:02,125][utils.training][INFO] - Accuracy: 0.9866963171036205, Precision: 0.9867107153550378, Recall: 0.9866948414730533, F1: 0.986701849950434, roc_auc: 0.9926082495395748
[2024-11-15 09:35:11,488][utils.training][INFO] - Training Batch 1001/1563: Current Batch Loss: 0.008788291364908218
[2024-11-15 09:35:11,488][utils.training][INFO] - Accuracy: 0.986294955044955, Precision: 0.986310278729421, Recall: 0.9862969070424267, F1: 0.9863027408394245, roc_auc: 0.9923869886312247
[2024-11-15 09:35:20,919][utils.training][INFO] - Training Batch 1201/1563: Current Batch Loss: 0.04665526747703552
[2024-11-15 09:35:20,919][utils.training][INFO] - Accuracy: 0.9865736885928393, Precision: 0.9865802528104879, Recall: 0.9865703588197154, F1: 0.9865744339204715, roc_auc: 0.9925392559694053
[2024-11-15 09:35:30,402][utils.training][INFO] - Training Batch 1401/1563: Current Batch Loss: 0.03044445998966694
[2024-11-15 09:35:30,403][utils.training][INFO] - Accuracy: 0.9863490364025695, Precision: 0.9863539185147177, Recall: 0.9863488120932076, F1: 0.9863508673151482, roc_auc: 0.9924160021341641
[2024-11-15 09:35:38,125][utils.training][INFO] - Testing the model ...
[2024-11-15 09:35:38,671][utils.training][INFO] - Testing Batch 1/1563: Current Batch Loss: 0.003139568492770195
[2024-11-15 09:35:38,671][utils.training][INFO] - Accuracy: 1.0, Precision: 1.0, Recall: 1.0, F1: 1.0, roc_auc: 1.0
[2024-11-15 09:35:39,559][utils.training][INFO] - Testing Batch 51/1563: Current Batch Loss: 0.020632121711969376
[2024-11-15 09:35:39,560][utils.training][INFO] - Accuracy: 0.9675245098039216, Precision: 0.9666877341641611, Recall: 0.9670265986055169, F1: 0.9666980309996553, roc_auc: 0.981715204326639
[2024-11-15 09:35:40,463][utils.training][INFO] - Testing Batch 101/1563: Current Batch Loss: 0.14664766192436218
[2024-11-15 09:35:40,463][utils.training][INFO] - Accuracy: 0.9616336633663366, Precision: 0.9615929987550036, Recall: 0.9616356175795924, F1: 0.9615001764840765, roc_auc: 0.9786875251511653
[2024-11-15 09:35:41,380][utils.training][INFO] - Testing Batch 151/1563: Current Batch Loss: 0.012415628880262375
[2024-11-15 09:35:41,380][utils.training][INFO] - Accuracy: 0.9627483443708609, Precision: 0.9626913083580237, Recall: 0.9626895736056806, F1: 0.9626109504940598, roc_auc: 0.9792762216159125
[2024-11-15 09:35:42,309][utils.training][INFO] - Testing Batch 201/1563: Current Batch Loss: 0.05613916367292404
[2024-11-15 09:35:42,309][utils.training][INFO] - Accuracy: 0.9625310945273632, Precision: 0.9626820116172036, Recall: 0.9625999335518285, F1: 0.9625742638020596, roc_auc: 0.979217750868197
[2024-11-15 09:35:43,249][utils.training][INFO] - Testing Batch 251/1563: Current Batch Loss: 0.007141526322811842
[2024-11-15 09:35:43,249][utils.training][INFO] - Accuracy: 0.9636454183266933, Precision: 0.9638184890397495, Recall: 0.9637274750596992, F1: 0.9637106576475428, roc_auc: 0.9798431920995991
[2024-11-15 09:35:44,201][utils.training][INFO] - Testing Batch 301/1563: Current Batch Loss: 0.032471008598804474
[2024-11-15 09:35:44,202][utils.training][INFO] - Accuracy: 0.9649086378737541, Precision: 0.964962852742873, Recall: 0.9649275510927383, F1: 0.9648925626551648, roc_auc: 0.980514204215028
[2024-11-15 09:35:44,540][utils.training][INFO] - Avg Batch Train / Test Loss: 0.04443778241282926 / 0.10431647004009918
[2024-11-15 09:35:44,540][utils.training][INFO] - -------- Epoch: 5/5 --------
[2024-11-15 09:35:44,546][utils.training][INFO] - Training the model ...
[2024-11-15 09:35:45,048][utils.training][INFO] - Training Batch 1/1563: Current Batch Loss: 0.003444797359406948
[2024-11-15 09:35:45,049][utils.training][INFO] - Accuracy: 1.0, Precision: 1.0, Recall: 1.0, F1: 1.0, roc_auc: 1.0
[2024-11-15 09:35:54,217][utils.training][INFO] - Training Batch 201/1563: Current Batch Loss: 0.014075892977416515
[2024-11-15 09:35:54,217][utils.training][INFO] - Accuracy: 0.9925373134328358, Precision: 0.9925506122243062, Recall: 0.9925696505413578, F1: 0.9925554746180311, roc_auc: 0.9958701467196029
[2024-11-15 09:36:03,386][utils.training][INFO] - Training Batch 401/1563: Current Batch Loss: 0.010740594007074833
[2024-11-15 09:36:03,387][utils.training][INFO] - Accuracy: 0.9924407730673317, Precision: 0.9924443737685593, Recall: 0.9924729929659059, F1: 0.9924555809652847, roc_auc: 0.9958165197304967
[2024-11-15 09:36:12,621][utils.training][INFO] - Training Batch 601/1563: Current Batch Loss: 0.006541929207742214
[2024-11-15 09:36:12,622][utils.training][INFO] - Accuracy: 0.9928244592346089, Precision: 0.9928171796250538, Recall: 0.9928344130072387, F1: 0.9928240042944536, roc_auc: 0.996018614205463
[2024-11-15 09:36:21,922][utils.training][INFO] - Training Batch 801/1563: Current Batch Loss: 0.03898920118808746
[2024-11-15 09:36:21,922][utils.training][INFO] - Accuracy: 0.99270443196005, Precision: 0.9927020719014189, Recall: 0.9927101474439082, F1: 0.9927049351423036, roc_auc: 0.9959497721496507
[2024-11-15 09:36:31,274][utils.training][INFO] - Training Batch 1001/1563: Current Batch Loss: 0.012595987878739834
[2024-11-15 09:36:31,275][utils.training][INFO] - Accuracy: 0.9925699300699301, Precision: 0.9925684682463942, Recall: 0.9925732061425551, F1: 0.9925699321973607, roc_auc: 0.9958738256974815
[2024-11-15 09:36:40,686][utils.training][INFO] - Training Batch 1201/1563: Current Batch Loss: 0.02364671416580677
[2024-11-15 09:36:40,686][utils.training][INFO] - Accuracy: 0.9925322647793505, Precision: 0.9925274873280152, Recall: 0.9925293741193425, F1: 0.9925275287747013, roc_auc: 0.9958498416191908
[2024-11-15 09:36:50,161][utils.training][INFO] - Training Batch 1401/1563: Current Batch Loss: 0.009370897896587849
[2024-11-15 09:36:50,161][utils.training][INFO] - Accuracy: 0.9921707708779444, Precision: 0.9921724523685675, Recall: 0.9921722144785263, F1: 0.9921712686931485, roc_auc: 0.9956511377287762
[2024-11-15 09:36:58,008][utils.training][INFO] - Testing the model ...
[2024-11-15 09:36:58,517][utils.training][INFO] - Testing Batch 1/1563: Current Batch Loss: 0.0022838281001895666
[2024-11-15 09:36:58,517][utils.training][INFO] - Accuracy: 1.0, Precision: 1.0, Recall: 1.0, F1: 1.0, roc_auc: 1.0
[2024-11-15 09:36:59,416][utils.training][INFO] - Testing Batch 51/1563: Current Batch Loss: 0.012950856238603592
[2024-11-15 09:36:59,416][utils.training][INFO] - Accuracy: 0.96875, Precision: 0.9680805678803983, Recall: 0.9684771006896693, F1: 0.9680070476899051, roc_auc: 0.9825097341773044
[2024-11-15 09:37:00,312][utils.training][INFO] - Testing Batch 101/1563: Current Batch Loss: 0.15221720933914185
[2024-11-15 09:37:00,313][utils.training][INFO] - Accuracy: 0.9668935643564357, Precision: 0.966799914023254, Recall: 0.9667735682794456, F1: 0.9666865159921668, roc_auc: 0.9815493526776381
[2024-11-15 09:37:01,222][utils.training][INFO] - Testing Batch 151/1563: Current Batch Loss: 0.01524270698428154
[2024-11-15 09:37:01,222][utils.training][INFO] - Accuracy: 0.9681291390728477, Precision: 0.9681514413046747, Recall: 0.9680904210007583, F1: 0.9680386726374499, roc_auc: 0.982275870218529
[2024-11-15 09:37:02,146][utils.training][INFO] - Testing Batch 201/1563: Current Batch Loss: 0.03939703106880188
[2024-11-15 09:37:02,146][utils.training][INFO] - Accuracy: 0.9671952736318408, Precision: 0.967525794269711, Recall: 0.9673058524568289, F1: 0.9673597198502083, roc_auc: 0.9818295092008886
[2024-11-15 09:37:03,082][utils.training][INFO] - Testing Batch 251/1563: Current Batch Loss: 0.010814755223691463
[2024-11-15 09:37:03,082][utils.training][INFO] - Accuracy: 0.9668824701195219, Precision: 0.9671800512225419, Recall: 0.9669810271656811, F1: 0.9670280239411866, roc_auc: 0.981649766123747
[2024-11-15 09:37:04,033][utils.training][INFO] - Testing Batch 301/1563: Current Batch Loss: 0.028517909348011017
[2024-11-15 09:37:04,034][utils.training][INFO] - Accuracy: 0.9670888704318937, Precision: 0.9673004605151256, Recall: 0.9671044824815646, F1: 0.9671486836838872, roc_auc: 0.9817237159376828
[2024-11-15 09:37:04,372][utils.training][INFO] - Avg Batch Train / Test Loss: 0.026632508715469884 / 0.11066055244209391
