[2024-11-14 17:48:51,335][__main__][INFO] - comet_logger:
  initialize: true
  api_key: null
  project_name: null
  workspace: null
  name: null
training:
  epochs: 5
  batch_size: 32
  learning_rate: 0.001
  weight_decay: 0.0001
  num_workers: 8
  optimizer: TODO
  loss: TODO
data:
  data_path: /storage/homefs/tf24s166/code/cifar10/data
  label_path: TODO
  target_column: target
  features: TODO

[2024-11-14 17:48:51,335][__main__][INFO] - Setting up comet logger
[2024-11-14 17:48:56,059][__main__][INFO] - Using device: cuda
[2024-11-14 17:48:58,482][utils.training][INFO] - Class weights: tensor([1., 1., 1., 1., 1., 1., 1., 1., 1., 1.], device='cuda:0')
[2024-11-14 17:48:58,482][utils.training][INFO] - -------- Epoch: 1/5 --------
[2024-11-14 17:48:58,482][utils.training][INFO] - Training the model ...
[2024-11-14 17:48:59,460][utils.training][INFO] - Training Batch 1/1563: Current Batch Loss: 2.3082973957061768
[2024-11-14 17:48:59,460][utils.training][INFO] - Accuracy: 0.0625, Precision: 0.05, Recall: 0.05333333333333333, F1: 0.04722222222222222, roc_auc: 0.4745852681698066
[2024-11-14 17:49:01,735][utils.training][INFO] - Training Batch 51/1563: Current Batch Loss: 1.9962302446365356
[2024-11-14 17:49:01,735][utils.training][INFO] - Accuracy: 0.27941176470588236, Precision: 0.32728412034449417, Recall: 0.2628731818781227, F1: 0.23463761700059765, roc_auc: 0.591103285924274
[2024-11-14 17:49:04,021][utils.training][INFO] - Training Batch 101/1563: Current Batch Loss: 1.5605170726776123
[2024-11-14 17:49:04,021][utils.training][INFO] - Accuracy: 0.4127475247524752, Precision: 0.4581228291230454, Recall: 0.40108010735974275, F1: 0.389536837343918, roc_auc: 0.6677196987950763
[2024-11-14 17:49:06,325][utils.training][INFO] - Training Batch 151/1563: Current Batch Loss: 0.8971588015556335
[2024-11-14 17:49:06,325][utils.training][INFO] - Accuracy: 0.5105546357615894, Precision: 0.5398654886670696, Recall: 0.5019962267230293, F1: 0.4984887765088786, roc_auc: 0.723700498468603
[2024-11-14 17:49:08,645][utils.training][INFO] - Training Batch 201/1563: Current Batch Loss: 0.7730101943016052
[2024-11-14 17:49:08,645][utils.training][INFO] - Accuracy: 0.5730721393034826, Precision: 0.5913601243918729, Recall: 0.5683999518960743, F1: 0.5673701628533105, roc_auc: 0.7604252706148309
[2024-11-14 17:49:10,975][utils.training][INFO] - Training Batch 251/1563: Current Batch Loss: 0.5902388095855713
[2024-11-14 17:49:10,975][utils.training][INFO] - Accuracy: 0.6184013944223108, Precision: 0.6320328972087054, Recall: 0.6156850849091636, F1: 0.6153993795774426, roc_auc: 0.7866075040269828
[2024-11-14 17:49:13,317][utils.training][INFO] - Training Batch 301/1563: Current Batch Loss: 0.5720003247261047
[2024-11-14 17:49:13,317][utils.training][INFO] - Accuracy: 0.654485049833887, Precision: 0.665011454487381, Recall: 0.652609034539205, F1: 0.6524856752658781, roc_auc: 0.8070876686633068
[2024-11-14 17:49:15,677][utils.training][INFO] - Training Batch 351/1563: Current Batch Loss: 0.7345931529998779
[2024-11-14 17:49:15,677][utils.training][INFO] - Accuracy: 0.6815349002849003, Precision: 0.6888766666238231, Recall: 0.6797448300821978, F1: 0.6796097629088187, roc_auc: 0.82216463129568
[2024-11-14 17:49:18,045][utils.training][INFO] - Training Batch 401/1563: Current Batch Loss: 0.3025597035884857
[2024-11-14 17:49:18,045][utils.training][INFO] - Accuracy: 0.7064370324189526, Precision: 0.7121806582651294, Recall: 0.7045759739723453, F1: 0.7046409878658173, roc_auc: 0.8359672904372584
[2024-11-14 17:49:20,425][utils.training][INFO] - Training Batch 451/1563: Current Batch Loss: 0.34537678956985474
[2024-11-14 17:49:20,425][utils.training][INFO] - Accuracy: 0.7265105321507761, Precision: 0.7308847963973119, Recall: 0.7248047344681682, F1: 0.7248451140040042, roc_auc: 0.8472003700982811
[2024-11-14 17:49:22,824][utils.training][INFO] - Training Batch 501/1563: Current Batch Loss: 0.4683891236782074
[2024-11-14 17:49:22,824][utils.training][INFO] - Accuracy: 0.7417664670658682, Precision: 0.7451418119476535, Recall: 0.7405406187831366, F1: 0.7403643130105864, roc_auc: 0.8559183501516552
[2024-11-14 17:49:25,240][utils.training][INFO] - Training Batch 551/1563: Current Batch Loss: 0.33826392889022827
[2024-11-14 17:49:25,240][utils.training][INFO] - Accuracy: 0.754423774954628, Precision: 0.7570488469088666, Recall: 0.7533481125202877, F1: 0.7531513432577027, roc_auc: 0.8630266015147517
[2024-11-14 17:49:27,659][utils.training][INFO] - Training Batch 601/1563: Current Batch Loss: 0.31552332639694214
[2024-11-14 17:49:27,659][utils.training][INFO] - Accuracy: 0.7674708818635607, Precision: 0.7696955272712216, Recall: 0.766642150485892, F1: 0.7664513611020062, roc_auc: 0.8703993242052762
[2024-11-14 17:49:30,101][utils.training][INFO] - Training Batch 651/1563: Current Batch Loss: 0.3359411656856537
[2024-11-14 17:49:30,101][utils.training][INFO] - Accuracy: 0.776833717357911, Precision: 0.7786020626727208, Recall: 0.7760331511598153, F1: 0.7758233016561802, roc_auc: 0.8756160355486985
[2024-11-14 17:49:32,552][utils.training][INFO] - Training Batch 701/1563: Current Batch Loss: 0.2738725543022156
[2024-11-14 17:49:32,552][utils.training][INFO] - Accuracy: 0.7855296005706134, Precision: 0.7869783572970677, Recall: 0.7849040735682593, F1: 0.7846105740847181, roc_auc: 0.8805360525816985
[2024-11-14 17:49:35,042][utils.training][INFO] - Training Batch 751/1563: Current Batch Loss: 0.4253190755844116
[2024-11-14 17:49:35,042][utils.training][INFO] - Accuracy: 0.7941078561917443, Precision: 0.7953411270235632, Recall: 0.7934763006910106, F1: 0.7932706452105529, roc_auc: 0.8852976608615138
[2024-11-14 17:49:37,524][utils.training][INFO] - Training Batch 801/1563: Current Batch Loss: 0.5346346497535706
[2024-11-14 17:49:37,524][utils.training][INFO] - Accuracy: 0.8015761548064919, Precision: 0.802728237842342, Recall: 0.8009832127443047, F1: 0.8008141837530278, roc_auc: 0.8894659911119513
[2024-11-14 17:49:40,027][utils.training][INFO] - Training Batch 851/1563: Current Batch Loss: 0.1480759233236313
[2024-11-14 17:49:40,027][utils.training][INFO] - Accuracy: 0.8068448883666275, Precision: 0.8079763529961225, Recall: 0.8064096072679836, F1: 0.8062539443683624, roc_auc: 0.8924714667788219
[2024-11-14 17:49:42,530][utils.training][INFO] - Training Batch 901/1563: Current Batch Loss: 0.3582131266593933
[2024-11-14 17:49:42,530][utils.training][INFO] - Accuracy: 0.8128468368479467, Precision: 0.813854633140018, Recall: 0.8125837489076992, F1: 0.8123709562135693, roc_auc: 0.8958924072031239
[2024-11-14 17:49:45,055][utils.training][INFO] - Training Batch 951/1563: Current Batch Loss: 0.48333799839019775
[2024-11-14 17:49:45,055][utils.training][INFO] - Accuracy: 0.8183819663512093, Precision: 0.819243835741443, Recall: 0.818177309506311, F1: 0.8179549625132182, roc_auc: 0.8989969769929778
[2024-11-14 17:49:47,591][utils.training][INFO] - Training Batch 1001/1563: Current Batch Loss: 0.1055786982178688
[2024-11-14 17:49:47,591][utils.training][INFO] - Accuracy: 0.8240821678321678, Precision: 0.8247979595956986, Recall: 0.8239225460089653, F1: 0.8236777132969438, roc_auc: 0.9021869068622337
[2024-11-14 17:49:50,162][utils.training][INFO] - Training Batch 1051/1563: Current Batch Loss: 0.19559141993522644
[2024-11-14 17:49:50,162][utils.training][INFO] - Accuracy: 0.8285264034253093, Precision: 0.8290492195451685, Recall: 0.8283824352317234, F1: 0.8280984542630966, roc_auc: 0.9046647414180475
[2024-11-14 17:49:52,644][utils.training][INFO] - Training Batch 1101/1563: Current Batch Loss: 0.31328055262565613
[2024-11-14 17:49:52,644][utils.training][INFO] - Accuracy: 0.8326237511353315, Precision: 0.8330868504617834, Recall: 0.8324537715784256, F1: 0.8321961809859643, roc_auc: 0.9069280101448255
[2024-11-14 17:49:55,229][utils.training][INFO] - Training Batch 1151/1563: Current Batch Loss: 0.13589785993099213
[2024-11-14 17:49:55,229][utils.training][INFO] - Accuracy: 0.8366909209383145, Precision: 0.8371235148209291, Recall: 0.836621749501034, F1: 0.8363497441564418, roc_auc: 0.909237873697198
[2024-11-14 17:49:57,824][utils.training][INFO] - Training Batch 1201/1563: Current Batch Loss: 0.37080201506614685
[2024-11-14 17:49:57,824][utils.training][INFO] - Accuracy: 0.8404194421315571, Precision: 0.8407881155825498, Recall: 0.8402789910458077, F1: 0.8400433229554757, roc_auc: 0.9112737504228173
[2024-11-14 17:50:00,425][utils.training][INFO] - Training Batch 1251/1563: Current Batch Loss: 0.059514034539461136
[2024-11-14 17:50:00,426][utils.training][INFO] - Accuracy: 0.8440247801758594, Precision: 0.844384931150828, Recall: 0.8439393453231979, F1: 0.8436892041111717, roc_auc: 0.9133042527890372
[2024-11-14 17:50:03,050][utils.training][INFO] - Training Batch 1301/1563: Current Batch Loss: 0.1956740915775299
[2024-11-14 17:50:03,050][utils.training][INFO] - Accuracy: 0.8470887778631822, Precision: 0.847356457132817, Recall: 0.8469899519306521, F1: 0.8467344910829915, roc_auc: 0.9150001201976437
[2024-11-14 17:50:05,685][utils.training][INFO] - Training Batch 1351/1563: Current Batch Loss: 0.2706345319747925
[2024-11-14 17:50:05,685][utils.training][INFO] - Accuracy: 0.8499722427831237, Precision: 0.8502039653963449, Recall: 0.8498816871153663, F1: 0.8496413335314671, roc_auc: 0.9166060606141933
[2024-11-14 17:50:08,337][utils.training][INFO] - Training Batch 1401/1563: Current Batch Loss: 0.19699688255786896
[2024-11-14 17:50:08,337][utils.training][INFO] - Accuracy: 0.8525383654532477, Precision: 0.852740799763881, Recall: 0.8524683534334698, F1: 0.8522343065067167, roc_auc: 0.9180417814123663
[2024-11-14 17:50:11,008][utils.training][INFO] - Training Batch 1451/1563: Current Batch Loss: 0.42530083656311035
[2024-11-14 17:50:11,008][utils.training][INFO] - Accuracy: 0.8552722260509993, Precision: 0.8554286764443825, Recall: 0.8552139199229476, F1: 0.8549704392026316, roc_auc: 0.9195666258316855
[2024-11-14 17:50:13,687][utils.training][INFO] - Training Batch 1501/1563: Current Batch Loss: 0.42028486728668213
[2024-11-14 17:50:13,687][utils.training][INFO] - Accuracy: 0.8577823117921386, Precision: 0.8579138689357093, Recall: 0.8578046881573183, F1: 0.8575269355622159, roc_auc: 0.9210015227572679
[2024-11-14 17:50:16,389][utils.training][INFO] - Training Batch 1551/1563: Current Batch Loss: 0.22407475113868713
[2024-11-14 17:50:16,390][utils.training][INFO] - Accuracy: 0.8601507092198581, Precision: 0.8602749389285063, Recall: 0.8601613769891617, F1: 0.8599064734216568, roc_auc: 0.92231126208889
[2024-11-14 17:50:17,451][utils.training][INFO] - Testing the model ...
[2024-11-14 17:50:17,982][utils.training][INFO] - Testing Batch 1/1563: Current Batch Loss: 0.10315960645675659
[2024-11-14 17:50:17,982][utils.training][INFO] - Accuracy: 0.9375, Precision: 0.95, Recall: 0.925, F1: 0.919047619047619, roc_auc: 0.9591666666666667
[2024-11-14 17:50:18,869][utils.training][INFO] - Testing Batch 51/1563: Current Batch Loss: 0.10114223510026932
[2024-11-14 17:50:18,869][utils.training][INFO] - Accuracy: 0.9534313725490197, Precision: 0.9525073617769981, Recall: 0.9525866993856702, F1: 0.9523410005765012, roc_auc: 0.9737128714649806
[2024-11-14 17:50:19,771][utils.training][INFO] - Testing Batch 101/1563: Current Batch Loss: 0.22285351157188416
[2024-11-14 17:50:19,771][utils.training][INFO] - Accuracy: 0.9458539603960396, Precision: 0.9456388869443574, Recall: 0.9456944439255036, F1: 0.9455033514652602, roc_auc: 0.9698411962865189
[2024-11-14 17:50:20,685][utils.training][INFO] - Testing Batch 151/1563: Current Batch Loss: 0.16860711574554443
[2024-11-14 17:50:20,685][utils.training][INFO] - Accuracy: 0.9490894039735099, Precision: 0.9490153685982786, Recall: 0.9490659503616892, F1: 0.948839615295566, roc_auc: 0.9717061613043259
[2024-11-14 17:50:21,614][utils.training][INFO] - Testing Batch 201/1563: Current Batch Loss: 0.13170073926448822
[2024-11-14 17:50:21,614][utils.training][INFO] - Accuracy: 0.9497823383084577, Precision: 0.9500217940067273, Recall: 0.9499959553213431, F1: 0.9499006875346048, roc_auc: 0.972207053628882
[2024-11-14 17:50:22,556][utils.training][INFO] - Testing Batch 251/1563: Current Batch Loss: 0.076865054666996
[2024-11-14 17:50:22,556][utils.training][INFO] - Accuracy: 0.9493276892430279, Precision: 0.9495707411377718, Recall: 0.9494979421849322, F1: 0.9494058849134728, roc_auc: 0.9719325894392318
[2024-11-14 17:50:23,509][utils.training][INFO] - Testing Batch 301/1563: Current Batch Loss: 0.055555712431669235
[2024-11-14 17:50:23,509][utils.training][INFO] - Accuracy: 0.9499584717607974, Precision: 0.9499842924350619, Recall: 0.9500067019102916, F1: 0.9499069337928636, roc_auc: 0.972223211155797
[2024-11-14 17:50:23,846][utils.training][INFO] - Avg Batch Train / Test Loss: 0.45185974373774734 / 0.14722514372116652
[2024-11-14 17:50:23,847][utils.training][INFO] - -------- Epoch: 2/5 --------
[2024-11-14 17:50:23,853][utils.training][INFO] - Training the model ...
